#
# There is insufficient memory for the Java Runtime Environment to continue.
# Native memory allocation (malloc) failed to allocate 32784 bytes for Chunk::new
# Possible reasons:
#   The system is out of physical RAM or swap space
#   The process is running with CompressedOops enabled, and the Java Heap may be blocking the growth of the native heap
# Possible solutions:
#   Reduce memory load on the system
#   Increase physical memory or swap space
#   Check if swap backing store is full
#   Decrease Java heap size (-Xmx/-Xms)
#   Decrease number of Java threads
#   Decrease Java thread stack sizes (-Xss)
#   Set larger code cache with -XX:ReservedCodeCacheSize=
#   JVM is running with Unscaled Compressed Oops mode in which the Java heap is
#     placed in the first 4GB address space. The Java Heap base address is the
#     maximum limit for the native heap growth. Please use -XX:HeapBaseMinAddress
#     to set the Java Heap base and to place the Java Heap above 4GB virtual address.
# This output file may be truncated or incomplete.
#
#  Out of Memory Error (arena.cpp:189), pid=10536, tid=13328
#
# JRE version: OpenJDK Runtime Environment (17.0.2+8) (build 17.0.2+8-86)
# Java VM: OpenJDK 64-Bit Server VM (17.0.2+8-86, mixed mode, sharing, tiered, compressed oops, compressed class ptrs, g1 gc, windows-amd64)
# No core dump will be written. Minidumps are not enabled by default on client versions of Windows
#

---------------  S U M M A R Y ------------

Command Line: -javaagent:C:\Users\winne\AppData\Local\JetBrains\Toolbox\apps\IDEA-C\ch-0\213.6777.52\lib\idea_rt.jar=54415:C:\Users\winne\AppData\Local\JetBrains\Toolbox\apps\IDEA-C\ch-0\213.6777.52\bin -Dfile.encoding=UTF-8 com.glsia.tp1.Tp1Application

Host: Intel(R) Core(TM) i5-3320M CPU @ 2.60GHz, 4 cores, 7G,  Windows 10 , 64 bit Build 19041 (10.0.19041.1645)
Time: Fri Apr 29 03:32:59 2022 Greenwich elapsed time: 5.984502 seconds (0d 0h 0m 5s)

---------------  T H R E A D  ---------------

Current thread (0x0000029d1b17a060):  JavaThread "C2 CompilerThread1" daemon [_thread_in_native, id=13328, stack(0x000000ba13400000,0x000000ba13500000)]


Current CompileTask:
C2:   5984 2931       4       org.springframework.beans.factory.support.AbstractBeanFactory::isTypeMatch (607 bytes)

Stack: [0x000000ba13400000,0x000000ba13500000]
Native frames: (J=compiled Java code, j=interpreted, Vv=VM code, C=native code)
V  [jvm.dll+0x670baa]
V  [jvm.dll+0x7cfcb4]
V  [jvm.dll+0x7d145e]
V  [jvm.dll+0x7d1ac3]
V  [jvm.dll+0x242bc5]
V  [jvm.dll+0xaa57b]
V  [jvm.dll+0xaab0c]
V  [jvm.dll+0xaa68b]
V  [jvm.dll+0x6c6dfc]
V  [jvm.dll+0x5827af]
V  [jvm.dll+0x585551]
V  [jvm.dll+0x56f9fe]
V  [jvm.dll+0x570163]
V  [jvm.dll+0x57234c]
V  [jvm.dll+0x571e9d]
V  [jvm.dll+0x571d80]
V  [jvm.dll+0x579b8d]
V  [jvm.dll+0x21de3d]
V  [jvm.dll+0x217884]
V  [jvm.dll+0x214fab]
V  [jvm.dll+0x1a1bbd]
V  [jvm.dll+0x224908]
V  [jvm.dll+0x222a6c]
V  [jvm.dll+0x7859bb]
V  [jvm.dll+0x77ff7a]
V  [jvm.dll+0x66fa35]
C  [ucrtbase.dll+0x21bb2]
C  [KERNEL32.DLL+0x17034]
C  [ntdll.dll+0x52651]


---------------  P R O C E S S  ---------------

Threads class SMR info:
_java_thread_list=0x0000029d1b4d40e0, length=16, elements={
0x0000029d7c02f900, 0x0000029d7f126250, 0x0000029d7f127190, 0x0000029d7f13a4e0,
0x0000029d7f13cfa0, 0x0000029d7f13d950, 0x0000029d7f13e300, 0x0000029d7f144c80,
0x0000029d7f147ed0, 0x0000029d7f1b8720, 0x0000029d7fc65cf0, 0x0000029d7fd54ff0,
0x0000029d7fd554c0, 0x0000029d1aa7afc0, 0x0000029d1ae28f20, 0x0000029d1b17a060
}

Java Threads: ( => current thread )
  0x0000029d7c02f900 JavaThread "main" [_thread_blocked, id=3452, stack(0x000000ba11a00000,0x000000ba11b00000)]
  0x0000029d7f126250 JavaThread "Reference Handler" daemon [_thread_blocked, id=8228, stack(0x000000ba12100000,0x000000ba12200000)]
  0x0000029d7f127190 JavaThread "Finalizer" daemon [_thread_blocked, id=11672, stack(0x000000ba12200000,0x000000ba12300000)]
  0x0000029d7f13a4e0 JavaThread "Signal Dispatcher" daemon [_thread_blocked, id=6512, stack(0x000000ba12300000,0x000000ba12400000)]
  0x0000029d7f13cfa0 JavaThread "Attach Listener" daemon [_thread_blocked, id=10008, stack(0x000000ba12400000,0x000000ba12500000)]
  0x0000029d7f13d950 JavaThread "Service Thread" daemon [_thread_blocked, id=7116, stack(0x000000ba12500000,0x000000ba12600000)]
  0x0000029d7f13e300 JavaThread "Monitor Deflation Thread" daemon [_thread_blocked, id=14064, stack(0x000000ba12600000,0x000000ba12700000)]
  0x0000029d7f144c80 JavaThread "C2 CompilerThread0" daemon [_thread_in_native, id=12652, stack(0x000000ba12700000,0x000000ba12800000)]
  0x0000029d7f147ed0 JavaThread "C1 CompilerThread0" daemon [_thread_in_native, id=13160, stack(0x000000ba12800000,0x000000ba12900000)]
  0x0000029d7f1b8720 JavaThread "Sweeper thread" daemon [_thread_blocked, id=9704, stack(0x000000ba12900000,0x000000ba12a00000)]
  0x0000029d7fc65cf0 JavaThread "Common-Cleaner" daemon [_thread_blocked, id=7528, stack(0x000000ba12a00000,0x000000ba12b00000)]
  0x0000029d7fd54ff0 JavaThread "Monitor Ctrl-Break" daemon [_thread_in_native, id=13316, stack(0x000000ba12b00000,0x000000ba12c00000)]
  0x0000029d7fd554c0 JavaThread "Notification Thread" daemon [_thread_blocked, id=14144, stack(0x000000ba12c00000,0x000000ba12d00000)]
  0x0000029d1aa7afc0 JavaThread "Thread-0" [_thread_blocked, id=10256, stack(0x000000ba12f00000,0x000000ba13000000)]
  0x0000029d1ae28f20 JavaThread "restartedMain" [_thread_in_vm, id=11600, stack(0x000000ba13300000,0x000000ba13400000)]
=>0x0000029d1b17a060 JavaThread "C2 CompilerThread1" daemon [_thread_in_native, id=13328, stack(0x000000ba13400000,0x000000ba13500000)]

Other Threads:
  0x0000029d7f120120 VMThread "VM Thread" [stack: 0x000000ba12000000,0x000000ba12100000] [id=8396]
  0x0000029d7fe13e50 WatcherThread [stack: 0x000000ba12d00000,0x000000ba12e00000] [id=13068]
  0x0000029d7c06f1d0 GCTaskThread "GC Thread#0" [stack: 0x000000ba11b00000,0x000000ba11c00000] [id=7760]
  0x0000029d1aacc5c0 GCTaskThread "GC Thread#1" [stack: 0x000000ba12e00000,0x000000ba12f00000] [id=13040]
  0x0000029d1aacc870 GCTaskThread "GC Thread#2" [stack: 0x000000ba13000000,0x000000ba13100000] [id=12568]
  0x0000029d1adc1ca0 GCTaskThread "GC Thread#3" [stack: 0x000000ba13100000,0x000000ba13200000] [id=14032]
  0x0000029d7c07fe50 ConcurrentGCThread "G1 Main Marker" [stack: 0x000000ba11c00000,0x000000ba11d00000] [id=1228]
  0x0000029d7c081940 ConcurrentGCThread "G1 Conc#0" [stack: 0x000000ba11d00000,0x000000ba11e00000] [id=2452]
  0x0000029d7c0f7250 ConcurrentGCThread "G1 Refine#0" [stack: 0x000000ba11e00000,0x000000ba11f00000] [id=11208]
  0x0000029d1aaccfa0 ConcurrentGCThread "G1 Refine#1" [stack: 0x000000ba13200000,0x000000ba13300000] [id=11540]
  0x0000029d7c0f7c70 ConcurrentGCThread "G1 Service" [stack: 0x000000ba11f00000,0x000000ba12000000] [id=10612]

Threads with active compile tasks:
C2 CompilerThread0     6090 2719   !   4       jdk.internal.loader.BuiltinClassLoader::loadClassOrNull (143 bytes)
C1 CompilerThread0     6090 2969   !   3       org.springframework.util.ConcurrentReferenceHashMap$Segment::restructure (316 bytes)
C2 CompilerThread1     6090 2931       4       org.springframework.beans.factory.support.AbstractBeanFactory::isTypeMatch (607 bytes)

VM state: not at safepoint (normal execution)

VM Mutex/Monitor currently owned by a thread: None

Heap address: 0x0000000081600000, size: 2026 MB, Compressed Oops mode: 32-bit

CDS archive(s) mapped at: [0x0000000800000000-0x0000000800bc0000-0x0000000800bc0000), size 12320768, SharedBaseAddress: 0x0000000800000000, ArchiveRelocationMode: 0.
Compressed class space mapped at: 0x0000000800c00000-0x0000000840c00000, reserved size: 1073741824
Narrow klass base: 0x0000000800000000, Narrow klass shift: 0, Narrow klass range: 0x100000000

GC Precious Log:
 CPUs: 4 total, 4 available
 Memory: 8097M
 Large Page Support: Disabled
 NUMA Support: Disabled
 Compressed Oops: Enabled (32-bit)
 Heap Region Size: 1M
 Heap Min Capacity: 8M
 Heap Initial Capacity: 128M
 Heap Max Capacity: 2026M
 Pre-touch: Disabled
 Parallel Workers: 4
 Concurrent Workers: 1
 Concurrent Refinement Workers: 4
 Periodic GC: Disabled

Heap:
 garbage-first heap   total 131072K, used 63031K [0x0000000081600000, 0x0000000100000000)
  region size 1024K, 57 young (58368K), 2 survivors (2048K)
 Metaspace       used 19597K, committed 19904K, reserved 1073152K
  class space    used 2414K, committed 2560K, reserved 1048576K

Heap Regions: E=young(eden), S=young(survivor), O=old, HS=humongous(starts), HC=humongous(continues), CS=collection set, F=free, OA=open archive, CA=closed archive, TAMS=top-at-mark-start (previous, next)
|   0|0x0000000081600000, 0x0000000081700000, 0x0000000081700000|100%|HS|  |TAMS 0x0000000081600000, 0x0000000081600000| Complete 
|   1|0x0000000081700000, 0x0000000081800000, 0x0000000081800000|100%| O|  |TAMS 0x0000000081700000, 0x0000000081700000| Untracked 
|   2|0x0000000081800000, 0x0000000081900000, 0x0000000081900000|100%| O|  |TAMS 0x0000000081800000, 0x0000000081800000| Untracked 
|   3|0x0000000081900000, 0x0000000081a00000, 0x0000000081a00000|100%| O|  |TAMS 0x0000000081900000, 0x0000000081900000| Untracked 
|   4|0x0000000081a00000, 0x0000000081b00000, 0x0000000081b00000|100%| O|  |TAMS 0x0000000081a00000, 0x0000000081a00000| Untracked 
|   5|0x0000000081b00000, 0x0000000081c00000, 0x0000000081c00000|100%| O|  |TAMS 0x0000000081b00000, 0x0000000081b00000| Untracked 
|   6|0x0000000081c00000, 0x0000000081c98800, 0x0000000081d00000| 59%| O|  |TAMS 0x0000000081c00000, 0x0000000081c00000| Untracked 
|   7|0x0000000081d00000, 0x0000000081d00000, 0x0000000081e00000|  0%| F|  |TAMS 0x0000000081d00000, 0x0000000081d00000| Untracked 
|   8|0x0000000081e00000, 0x0000000081e00000, 0x0000000081f00000|  0%| F|  |TAMS 0x0000000081e00000, 0x0000000081e00000| Untracked 
|   9|0x0000000081f00000, 0x0000000081f00000, 0x0000000082000000|  0%| F|  |TAMS 0x0000000081f00000, 0x0000000081f00000| Untracked 
|  10|0x0000000082000000, 0x0000000082000000, 0x0000000082100000|  0%| F|  |TAMS 0x0000000082000000, 0x0000000082000000| Untracked 
|  11|0x0000000082100000, 0x0000000082100000, 0x0000000082200000|  0%| F|  |TAMS 0x0000000082100000, 0x0000000082100000| Untracked 
|  12|0x0000000082200000, 0x0000000082200000, 0x0000000082300000|  0%| F|  |TAMS 0x0000000082200000, 0x0000000082200000| Untracked 
|  13|0x0000000082300000, 0x0000000082300000, 0x0000000082400000|  0%| F|  |TAMS 0x0000000082300000, 0x0000000082300000| Untracked 
|  14|0x0000000082400000, 0x0000000082400000, 0x0000000082500000|  0%| F|  |TAMS 0x0000000082400000, 0x0000000082400000| Untracked 
|  15|0x0000000082500000, 0x0000000082500000, 0x0000000082600000|  0%| F|  |TAMS 0x0000000082500000, 0x0000000082500000| Untracked 
|  16|0x0000000082600000, 0x0000000082600000, 0x0000000082700000|  0%| F|  |TAMS 0x0000000082600000, 0x0000000082600000| Untracked 
|  17|0x0000000082700000, 0x0000000082700000, 0x0000000082800000|  0%| F|  |TAMS 0x0000000082700000, 0x0000000082700000| Untracked 
|  18|0x0000000082800000, 0x0000000082800000, 0x0000000082900000|  0%| F|  |TAMS 0x0000000082800000, 0x0000000082800000| Untracked 
|  19|0x0000000082900000, 0x0000000082900000, 0x0000000082a00000|  0%| F|  |TAMS 0x0000000082900000, 0x0000000082900000| Untracked 
|  20|0x0000000082a00000, 0x0000000082a00000, 0x0000000082b00000|  0%| F|  |TAMS 0x0000000082a00000, 0x0000000082a00000| Untracked 
|  21|0x0000000082b00000, 0x0000000082b00000, 0x0000000082c00000|  0%| F|  |TAMS 0x0000000082b00000, 0x0000000082b00000| Untracked 
|  22|0x0000000082c00000, 0x0000000082c00000, 0x0000000082d00000|  0%| F|  |TAMS 0x0000000082c00000, 0x0000000082c00000| Untracked 
|  23|0x0000000082d00000, 0x0000000082d00000, 0x0000000082e00000|  0%| F|  |TAMS 0x0000000082d00000, 0x0000000082d00000| Untracked 
|  24|0x0000000082e00000, 0x0000000082e00000, 0x0000000082f00000|  0%| F|  |TAMS 0x0000000082e00000, 0x0000000082e00000| Untracked 
|  25|0x0000000082f00000, 0x0000000082f00000, 0x0000000083000000|  0%| F|  |TAMS 0x0000000082f00000, 0x0000000082f00000| Untracked 
|  26|0x0000000083000000, 0x0000000083000000, 0x0000000083100000|  0%| F|  |TAMS 0x0000000083000000, 0x0000000083000000| Untracked 
|  27|0x0000000083100000, 0x0000000083100000, 0x0000000083200000|  0%| F|  |TAMS 0x0000000083100000, 0x0000000083100000| Untracked 
|  28|0x0000000083200000, 0x0000000083200000, 0x0000000083300000|  0%| F|  |TAMS 0x0000000083200000, 0x0000000083200000| Untracked 
|  29|0x0000000083300000, 0x0000000083300000, 0x0000000083400000|  0%| F|  |TAMS 0x0000000083300000, 0x0000000083300000| Untracked 
|  30|0x0000000083400000, 0x0000000083400000, 0x0000000083500000|  0%| F|  |TAMS 0x0000000083400000, 0x0000000083400000| Untracked 
|  31|0x0000000083500000, 0x0000000083500000, 0x0000000083600000|  0%| F|  |TAMS 0x0000000083500000, 0x0000000083500000| Untracked 
|  32|0x0000000083600000, 0x0000000083600000, 0x0000000083700000|  0%| F|  |TAMS 0x0000000083600000, 0x0000000083600000| Untracked 
|  33|0x0000000083700000, 0x0000000083700000, 0x0000000083800000|  0%| F|  |TAMS 0x0000000083700000, 0x0000000083700000| Untracked 
|  34|0x0000000083800000, 0x0000000083800000, 0x0000000083900000|  0%| F|  |TAMS 0x0000000083800000, 0x0000000083800000| Untracked 
|  35|0x0000000083900000, 0x0000000083900000, 0x0000000083a00000|  0%| F|  |TAMS 0x0000000083900000, 0x0000000083900000| Untracked 
|  36|0x0000000083a00000, 0x0000000083a00000, 0x0000000083b00000|  0%| F|  |TAMS 0x0000000083a00000, 0x0000000083a00000| Untracked 
|  37|0x0000000083b00000, 0x0000000083b00000, 0x0000000083c00000|  0%| F|  |TAMS 0x0000000083b00000, 0x0000000083b00000| Untracked 
|  38|0x0000000083c00000, 0x0000000083c00000, 0x0000000083d00000|  0%| F|  |TAMS 0x0000000083c00000, 0x0000000083c00000| Untracked 
|  39|0x0000000083d00000, 0x0000000083d00000, 0x0000000083e00000|  0%| F|  |TAMS 0x0000000083d00000, 0x0000000083d00000| Untracked 
|  40|0x0000000083e00000, 0x0000000083e00000, 0x0000000083f00000|  0%| F|  |TAMS 0x0000000083e00000, 0x0000000083e00000| Untracked 
|  41|0x0000000083f00000, 0x0000000083f00000, 0x0000000084000000|  0%| F|  |TAMS 0x0000000083f00000, 0x0000000083f00000| Untracked 
|  42|0x0000000084000000, 0x0000000084000000, 0x0000000084100000|  0%| F|  |TAMS 0x0000000084000000, 0x0000000084000000| Untracked 
|  43|0x0000000084100000, 0x0000000084100000, 0x0000000084200000|  0%| F|  |TAMS 0x0000000084100000, 0x0000000084100000| Untracked 
|  44|0x0000000084200000, 0x0000000084200000, 0x0000000084300000|  0%| F|  |TAMS 0x0000000084200000, 0x0000000084200000| Untracked 
|  45|0x0000000084300000, 0x0000000084300000, 0x0000000084400000|  0%| F|  |TAMS 0x0000000084300000, 0x0000000084300000| Untracked 
|  46|0x0000000084400000, 0x0000000084400000, 0x0000000084500000|  0%| F|  |TAMS 0x0000000084400000, 0x0000000084400000| Untracked 
|  47|0x0000000084500000, 0x0000000084500000, 0x0000000084600000|  0%| F|  |TAMS 0x0000000084500000, 0x0000000084500000| Untracked 
|  48|0x0000000084600000, 0x0000000084600000, 0x0000000084700000|  0%| F|  |TAMS 0x0000000084600000, 0x0000000084600000| Untracked 
|  49|0x0000000084700000, 0x0000000084700000, 0x0000000084800000|  0%| F|  |TAMS 0x0000000084700000, 0x0000000084700000| Untracked 
|  50|0x0000000084800000, 0x0000000084800000, 0x0000000084900000|  0%| F|  |TAMS 0x0000000084800000, 0x0000000084800000| Untracked 
|  51|0x0000000084900000, 0x0000000084900000, 0x0000000084a00000|  0%| F|  |TAMS 0x0000000084900000, 0x0000000084900000| Untracked 
|  52|0x0000000084a00000, 0x0000000084a00000, 0x0000000084b00000|  0%| F|  |TAMS 0x0000000084a00000, 0x0000000084a00000| Untracked 
|  53|0x0000000084b00000, 0x0000000084b00000, 0x0000000084c00000|  0%| F|  |TAMS 0x0000000084b00000, 0x0000000084b00000| Untracked 
|  54|0x0000000084c00000, 0x0000000084c00000, 0x0000000084d00000|  0%| F|  |TAMS 0x0000000084c00000, 0x0000000084c00000| Untracked 
|  55|0x0000000084d00000, 0x0000000084d00000, 0x0000000084e00000|  0%| F|  |TAMS 0x0000000084d00000, 0x0000000084d00000| Untracked 
|  56|0x0000000084e00000, 0x0000000084e00000, 0x0000000084f00000|  0%| F|  |TAMS 0x0000000084e00000, 0x0000000084e00000| Untracked 
|  57|0x0000000084f00000, 0x0000000084f00000, 0x0000000085000000|  0%| F|  |TAMS 0x0000000084f00000, 0x0000000084f00000| Untracked 
|  58|0x0000000085000000, 0x0000000085000000, 0x0000000085100000|  0%| F|  |TAMS 0x0000000085000000, 0x0000000085000000| Untracked 
|  59|0x0000000085100000, 0x0000000085100000, 0x0000000085200000|  0%| F|  |TAMS 0x0000000085100000, 0x0000000085100000| Untracked 
|  60|0x0000000085200000, 0x0000000085200000, 0x0000000085300000|  0%| F|  |TAMS 0x0000000085200000, 0x0000000085200000| Untracked 
|  61|0x0000000085300000, 0x0000000085300000, 0x0000000085400000|  0%| F|  |TAMS 0x0000000085300000, 0x0000000085300000| Untracked 
|  62|0x0000000085400000, 0x0000000085400000, 0x0000000085500000|  0%| F|  |TAMS 0x0000000085400000, 0x0000000085400000| Untracked 
|  63|0x0000000085500000, 0x0000000085500000, 0x0000000085600000|  0%| F|  |TAMS 0x0000000085500000, 0x0000000085500000| Untracked 
|  64|0x0000000085600000, 0x0000000085600000, 0x0000000085700000|  0%| F|  |TAMS 0x0000000085600000, 0x0000000085600000| Untracked 
|  65|0x0000000085700000, 0x0000000085700000, 0x0000000085800000|  0%| F|  |TAMS 0x0000000085700000, 0x0000000085700000| Untracked 
|  66|0x0000000085800000, 0x0000000085800000, 0x0000000085900000|  0%| F|  |TAMS 0x0000000085800000, 0x0000000085800000| Untracked 
|  67|0x0000000085900000, 0x0000000085900000, 0x0000000085a00000|  0%| F|  |TAMS 0x0000000085900000, 0x0000000085900000| Untracked 
|  68|0x0000000085a00000, 0x0000000085a00000, 0x0000000085b00000|  0%| F|  |TAMS 0x0000000085a00000, 0x0000000085a00000| Untracked 
|  69|0x0000000085b00000, 0x0000000085b00000, 0x0000000085c00000|  0%| F|  |TAMS 0x0000000085b00000, 0x0000000085b00000| Untracked 
|  70|0x0000000085c00000, 0x0000000085c00000, 0x0000000085d00000|  0%| F|  |TAMS 0x0000000085c00000, 0x0000000085c00000| Untracked 
|  71|0x0000000085d00000, 0x0000000085e00000, 0x0000000085e00000|100%| E|  |TAMS 0x0000000085d00000, 0x0000000085d00000| Complete 
|  72|0x0000000085e00000, 0x0000000085f00000, 0x0000000085f00000|100%| E|CS|TAMS 0x0000000085e00000, 0x0000000085e00000| Complete 
|  73|0x0000000085f00000, 0x0000000086000000, 0x0000000086000000|100%| E|CS|TAMS 0x0000000085f00000, 0x0000000085f00000| Complete 
|  74|0x0000000086000000, 0x0000000086100000, 0x0000000086100000|100%| E|CS|TAMS 0x0000000086000000, 0x0000000086000000| Complete 
|  75|0x0000000086100000, 0x0000000086200000, 0x0000000086200000|100%| E|CS|TAMS 0x0000000086100000, 0x0000000086100000| Complete 
|  76|0x0000000086200000, 0x0000000086300000, 0x0000000086300000|100%| E|CS|TAMS 0x0000000086200000, 0x0000000086200000| Complete 
|  77|0x0000000086300000, 0x0000000086400000, 0x0000000086400000|100%| E|CS|TAMS 0x0000000086300000, 0x0000000086300000| Complete 
|  78|0x0000000086400000, 0x0000000086500000, 0x0000000086500000|100%| E|CS|TAMS 0x0000000086400000, 0x0000000086400000| Complete 
|  79|0x0000000086500000, 0x0000000086600000, 0x0000000086600000|100%| E|CS|TAMS 0x0000000086500000, 0x0000000086500000| Complete 
|  80|0x0000000086600000, 0x0000000086700000, 0x0000000086700000|100%| E|CS|TAMS 0x0000000086600000, 0x0000000086600000| Complete 
|  81|0x0000000086700000, 0x0000000086800000, 0x0000000086800000|100%| E|CS|TAMS 0x0000000086700000, 0x0000000086700000| Complete 
|  82|0x0000000086800000, 0x0000000086900000, 0x0000000086900000|100%| E|CS|TAMS 0x0000000086800000, 0x0000000086800000| Complete 
|  83|0x0000000086900000, 0x0000000086a00000, 0x0000000086a00000|100%| E|CS|TAMS 0x0000000086900000, 0x0000000086900000| Complete 
|  84|0x0000000086a00000, 0x0000000086b00000, 0x0000000086b00000|100%| E|CS|TAMS 0x0000000086a00000, 0x0000000086a00000| Complete 
|  85|0x0000000086b00000, 0x0000000086c00000, 0x0000000086c00000|100%| E|CS|TAMS 0x0000000086b00000, 0x0000000086b00000| Complete 
|  86|0x0000000086c00000, 0x0000000086d00000, 0x0000000086d00000|100%| E|CS|TAMS 0x0000000086c00000, 0x0000000086c00000| Complete 
|  87|0x0000000086d00000, 0x0000000086e00000, 0x0000000086e00000|100%| E|CS|TAMS 0x0000000086d00000, 0x0000000086d00000| Complete 
|  88|0x0000000086e00000, 0x0000000086f00000, 0x0000000086f00000|100%| E|CS|TAMS 0x0000000086e00000, 0x0000000086e00000| Complete 
|  89|0x0000000086f00000, 0x0000000087000000, 0x0000000087000000|100%| E|CS|TAMS 0x0000000086f00000, 0x0000000086f00000| Complete 
|  90|0x0000000087000000, 0x0000000087100000, 0x0000000087100000|100%| E|CS|TAMS 0x0000000087000000, 0x0000000087000000| Complete 
|  91|0x0000000087100000, 0x0000000087200000, 0x0000000087200000|100%| E|CS|TAMS 0x0000000087100000, 0x0000000087100000| Complete 
|  92|0x0000000087200000, 0x0000000087300000, 0x0000000087300000|100%| E|CS|TAMS 0x0000000087200000, 0x0000000087200000| Complete 
|  93|0x0000000087300000, 0x0000000087400000, 0x0000000087400000|100%| E|CS|TAMS 0x0000000087300000, 0x0000000087300000| Complete 
|  94|0x0000000087400000, 0x0000000087500000, 0x0000000087500000|100%| E|CS|TAMS 0x0000000087400000, 0x0000000087400000| Complete 
|  95|0x0000000087500000, 0x0000000087600000, 0x0000000087600000|100%| E|CS|TAMS 0x0000000087500000, 0x0000000087500000| Complete 
|  96|0x0000000087600000, 0x0000000087700000, 0x0000000087700000|100%| E|CS|TAMS 0x0000000087600000, 0x0000000087600000| Complete 
|  97|0x0000000087700000, 0x0000000087800000, 0x0000000087800000|100%| E|CS|TAMS 0x0000000087700000, 0x0000000087700000| Complete 
|  98|0x0000000087800000, 0x0000000087900000, 0x0000000087900000|100%| E|CS|TAMS 0x0000000087800000, 0x0000000087800000| Complete 
|  99|0x0000000087900000, 0x0000000087a00000, 0x0000000087a00000|100%| E|CS|TAMS 0x0000000087900000, 0x0000000087900000| Complete 
| 100|0x0000000087a00000, 0x0000000087b00000, 0x0000000087b00000|100%| E|CS|TAMS 0x0000000087a00000, 0x0000000087a00000| Complete 
| 101|0x0000000087b00000, 0x0000000087c00000, 0x0000000087c00000|100%| E|CS|TAMS 0x0000000087b00000, 0x0000000087b00000| Complete 
| 102|0x0000000087c00000, 0x0000000087cf56d0, 0x0000000087d00000| 95%| S|CS|TAMS 0x0000000087c00000, 0x0000000087c00000| Complete 
| 103|0x0000000087d00000, 0x0000000087e00000, 0x0000000087e00000|100%| S|CS|TAMS 0x0000000087d00000, 0x0000000087d00000| Complete 
| 104|0x0000000087e00000, 0x0000000087f00000, 0x0000000087f00000|100%| E|CS|TAMS 0x0000000087e00000, 0x0000000087e00000| Complete 
| 105|0x0000000087f00000, 0x0000000088000000, 0x0000000088000000|100%| E|  |TAMS 0x0000000087f00000, 0x0000000087f00000| Complete 
| 106|0x0000000088000000, 0x0000000088100000, 0x0000000088100000|100%| E|CS|TAMS 0x0000000088000000, 0x0000000088000000| Complete 
| 107|0x0000000088100000, 0x0000000088200000, 0x0000000088200000|100%| E|CS|TAMS 0x0000000088100000, 0x0000000088100000| Complete 
| 108|0x0000000088200000, 0x0000000088300000, 0x0000000088300000|100%| E|CS|TAMS 0x0000000088200000, 0x0000000088200000| Complete 
| 109|0x0000000088300000, 0x0000000088400000, 0x0000000088400000|100%| E|CS|TAMS 0x0000000088300000, 0x0000000088300000| Complete 
| 110|0x0000000088400000, 0x0000000088500000, 0x0000000088500000|100%| E|CS|TAMS 0x0000000088400000, 0x0000000088400000| Complete 
| 111|0x0000000088500000, 0x0000000088600000, 0x0000000088600000|100%| E|CS|TAMS 0x0000000088500000, 0x0000000088500000| Complete 
| 112|0x0000000088600000, 0x0000000088700000, 0x0000000088700000|100%| E|CS|TAMS 0x0000000088600000, 0x0000000088600000| Complete 
| 113|0x0000000088700000, 0x0000000088800000, 0x0000000088800000|100%| E|CS|TAMS 0x0000000088700000, 0x0000000088700000| Complete 
| 114|0x0000000088800000, 0x0000000088900000, 0x0000000088900000|100%| E|CS|TAMS 0x0000000088800000, 0x0000000088800000| Complete 
| 115|0x0000000088900000, 0x0000000088a00000, 0x0000000088a00000|100%| E|CS|TAMS 0x0000000088900000, 0x0000000088900000| Complete 
| 116|0x0000000088a00000, 0x0000000088b00000, 0x0000000088b00000|100%| E|CS|TAMS 0x0000000088a00000, 0x0000000088a00000| Complete 
| 117|0x0000000088b00000, 0x0000000088c00000, 0x0000000088c00000|100%| E|CS|TAMS 0x0000000088b00000, 0x0000000088b00000| Complete 
| 118|0x0000000088c00000, 0x0000000088d00000, 0x0000000088d00000|100%| E|CS|TAMS 0x0000000088c00000, 0x0000000088c00000| Complete 
| 119|0x0000000088d00000, 0x0000000088e00000, 0x0000000088e00000|100%| E|CS|TAMS 0x0000000088d00000, 0x0000000088d00000| Complete 
| 120|0x0000000088e00000, 0x0000000088f00000, 0x0000000088f00000|100%| E|CS|TAMS 0x0000000088e00000, 0x0000000088e00000| Complete 
| 121|0x0000000088f00000, 0x0000000089000000, 0x0000000089000000|100%| E|CS|TAMS 0x0000000088f00000, 0x0000000088f00000| Complete 
| 122|0x0000000089000000, 0x0000000089100000, 0x0000000089100000|100%| E|CS|TAMS 0x0000000089000000, 0x0000000089000000| Complete 
| 123|0x0000000089100000, 0x0000000089200000, 0x0000000089200000|100%| E|CS|TAMS 0x0000000089100000, 0x0000000089100000| Complete 
| 124|0x0000000089200000, 0x0000000089300000, 0x0000000089300000|100%| E|CS|TAMS 0x0000000089200000, 0x0000000089200000| Complete 
| 125|0x0000000089300000, 0x0000000089400000, 0x0000000089400000|100%| E|CS|TAMS 0x0000000089300000, 0x0000000089300000| Complete 
| 126|0x0000000089400000, 0x0000000089500000, 0x0000000089500000|100%| E|CS|TAMS 0x0000000089400000, 0x0000000089400000| Complete 
| 127|0x0000000089500000, 0x0000000089600000, 0x0000000089600000|100%| E|CS|TAMS 0x0000000089500000, 0x0000000089500000| Complete 

Card table byte_map: [0x0000029d7c500000,0x0000029d7c900000] _byte_map_base: 0x0000029d7c0f5000

Marking Bits (Prev, Next): (CMBitMap*) 0x0000029d7c06f7e0, (CMBitMap*) 0x0000029d7c06f820
 Prev Bits: [0x0000029d7cd00000, 0x0000029d7eca8000)
 Next Bits: [0x0000029d16770000, 0x0000029d18718000)

Polling page: 0x0000029d79db0000

Metaspace:

Usage:
  Non-class:     16.78 MB used.
      Class:      2.36 MB used.
       Both:     19.14 MB used.

Virtual space:
  Non-class space:       24.00 MB reserved,      16.94 MB ( 71%) committed,  3 nodes.
      Class space:        1.00 GB reserved,       2.50 MB ( <1%) committed,  1 nodes.
             Both:        1.02 GB reserved,      19.44 MB (  2%) committed. 

Chunk freelists:
   Non-Class:  2.61 MB
       Class:  1.52 MB
        Both:  4.12 MB

MaxMetaspaceSize: unlimited
CompressedClassSpaceSize: 1.00 GB
Initial GC threshold: 21.00 MB
Current GC threshold: 21.00 MB
CDS: on
MetaspaceReclaimPolicy: balanced
 - commit_granule_bytes: 65536.
 - commit_granule_words: 8192.
 - virtual_space_node_default_size: 1048576.
 - enlarge_chunks_in_place: 1.
 - new_chunks_are_fully_committed: 0.
 - uncommit_free_chunks: 1.
 - use_allocation_guard: 0.
 - handle_deallocations: 1.


Internal statistics:

num_allocs_failed_limit: 0.
num_arena_births: 236.
num_arena_deaths: 0.
num_vsnodes_births: 4.
num_vsnodes_deaths: 0.
num_space_committed: 311.
num_space_uncommitted: 0.
num_chunks_returned_to_freelist: 0.
num_chunks_taken_from_freelist: 930.
num_chunk_merges: 0.
num_chunk_splits: 603.
num_chunks_enlarged: 452.
num_purges: 0.
num_inconsistent_stats: 0.

CodeHeap 'non-profiled nmethods': size=120000Kb used=1200Kb max_used=1200Kb free=118799Kb
 bounds [0x0000029d0f240000, 0x0000029d0f4b0000, 0x0000029d16770000]
CodeHeap 'profiled nmethods': size=120000Kb used=6237Kb max_used=6237Kb free=113762Kb
 bounds [0x0000029d07d10000, 0x0000029d08330000, 0x0000029d0f240000]
CodeHeap 'non-nmethods': size=5760Kb used=1175Kb max_used=1205Kb free=4584Kb
 bounds [0x0000029d07770000, 0x0000029d079e0000, 0x0000029d07d10000]
 total_blobs=3423 nmethods=2958 adapters=376
 compilation: enabled
              stopped_count=0, restarted_count=0
 full_count=0

Compilation events (20 events):
Event: 5.947 Thread 0x0000029d7f147ed0 2958       3       org.springframework.boot.autoconfigure.condition.OnBeanCondition$Spec::extract (165 bytes)
Event: 5.949 Thread 0x0000029d7f147ed0 nmethod 2958 0x0000029d08320d10 code [0x0000029d08321040, 0x0000029d083228a8]
Event: 5.949 Thread 0x0000029d7f147ed0 2959       1       org.springframework.beans.factory.support.GenericBeanDefinition::getParentName (5 bytes)
Event: 5.949 Thread 0x0000029d7f147ed0 nmethod 2959 0x0000029d0f36ba90 code [0x0000029d0f36bc20, 0x0000029d0f36bcf8]
Event: 5.956 Thread 0x0000029d7f147ed0 2960       3       java.util.LinkedHashMap::keysToArray (38 bytes)
Event: 5.956 Thread 0x0000029d7f147ed0 nmethod 2960 0x0000029d08322f10 code [0x0000029d083230c0, 0x0000029d08323438]
Event: 5.957 Thread 0x0000029d7f147ed0 2961       1       org.springframework.core.annotation.AnnotationsProcessor::doWithAggregate (2 bytes)
Event: 5.957 Thread 0x0000029d7f147ed0 nmethod 2961 0x0000029d0f36bd90 code [0x0000029d0f36bf20, 0x0000029d0f36bff8]
Event: 5.959 Thread 0x0000029d7f147ed0 2962       3       sun.reflect.annotation.AnnotationParser$$Lambda$239/0x0000000800ce1028::<init> (20 bytes)
Event: 5.959 Thread 0x0000029d7f147ed0 nmethod 2962 0x0000029d08323590 code [0x0000029d08323740, 0x0000029d083239b8]
Event: 5.961 Thread 0x0000029d7f147ed0 2963       3       org.springframework.boot.autoconfigure.condition.ConditionMessage::andCondition (34 bytes)
Event: 5.962 Thread 0x0000029d7f147ed0 nmethod 2963 0x0000029d08323a90 code [0x0000029d08323d20, 0x0000029d083246b8]
Event: 5.962 Thread 0x0000029d7f147ed0 2964       3       org.springframework.core.annotation.AnnotationAttributes::getString (11 bytes)
Event: 5.963 Thread 0x0000029d7f147ed0 nmethod 2964 0x0000029d08324a90 code [0x0000029d08324c40, 0x0000029d08324e88]
Event: 5.964 Thread 0x0000029d7f147ed0 2965       3       java.lang.invoke.DirectMethodHandle$Holder::newInvokeSpecial (28 bytes)
Event: 5.965 Thread 0x0000029d7f147ed0 nmethod 2965 0x0000029d08324f90 code [0x0000029d08325180, 0x0000029d08325948]
Event: 5.966 Thread 0x0000029d7f147ed0 2966       3       org.springframework.beans.factory.support.AbstractAutowireCapableBeanFactory$FactoryBeanMethodTypeFinder::doWith (84 bytes)
Event: 5.968 Thread 0x0000029d7f147ed0 nmethod 2966 0x0000029d08325b10 code [0x0000029d08325dc0, 0x0000029d08326bd8]
Event: 5.968 Thread 0x0000029d7f147ed0 2967       3       org.springframework.beans.factory.support.AbstractAutowireCapableBeanFactory$FactoryBeanMethodTypeFinder::isFactoryBeanMethod (32 bytes)
Event: 5.968 Thread 0x0000029d7f147ed0 nmethod 2967 0x0000029d08327090 code [0x0000029d08327240, 0x0000029d08327498]

GC Heap History (6 events):
Event: 1.432 GC heap before
{Heap before GC invocations=0 (full 0):
 garbage-first heap   total 131072K, used 13312K [0x0000000081600000, 0x0000000100000000)
  region size 1024K, 13 young (13312K), 0 survivors (0K)
 Metaspace       used 3051K, committed 3264K, reserved 1056768K
  class space    used 290K, committed 384K, reserved 1048576K
}
Event: 1.455 GC heap after
{Heap after GC invocations=1 (full 0):
 garbage-first heap   total 131072K, used 6632K [0x0000000081600000, 0x0000000100000000)
  region size 1024K, 2 young (2048K), 2 survivors (2048K)
 Metaspace       used 3051K, committed 3264K, reserved 1056768K
  class space    used 290K, committed 384K, reserved 1048576K
}
Event: 1.972 GC heap before
{Heap before GC invocations=1 (full 0):
 garbage-first heap   total 131072K, used 14824K [0x0000000081600000, 0x0000000100000000)
  region size 1024K, 10 young (10240K), 2 survivors (2048K)
 Metaspace       used 5014K, committed 5184K, reserved 1056768K
  class space    used 541K, committed 640K, reserved 1048576K
}
Event: 1.975 GC heap after
{Heap after GC invocations=2 (full 0):
 garbage-first heap   total 131072K, used 7296K [0x0000000081600000, 0x0000000100000000)
  region size 1024K, 1 young (1024K), 1 survivors (1024K)
 Metaspace       used 5014K, committed 5184K, reserved 1056768K
  class space    used 541K, committed 640K, reserved 1048576K
}
Event: 3.277 GC heap before
{Heap before GC invocations=2 (full 0):
 garbage-first heap   total 131072K, used 29824K [0x0000000081600000, 0x0000000100000000)
  region size 1024K, 24 young (24576K), 1 survivors (1024K)
 Metaspace       used 10986K, committed 11200K, reserved 1064960K
  class space    used 1325K, committed 1472K, reserved 1048576K
}
Event: 3.283 GC heap after
{Heap after GC invocations=3 (full 0):
 garbage-first heap   total 131072K, used 8759K [0x0000000081600000, 0x0000000100000000)
  region size 1024K, 2 young (2048K), 2 survivors (2048K)
 Metaspace       used 10986K, committed 11200K, reserved 1064960K
  class space    used 1325K, committed 1472K, reserved 1048576K
}

Deoptimization events (20 events):
Event: 5.422 Thread 0x0000029d1ae28f20 Uncommon trap: trap_request=0xffffffde fr.pc=0x0000029d0f255b14 relative=0x0000000000000194
Event: 5.422 Thread 0x0000029d1ae28f20 Uncommon trap: reason=class_check action=maybe_recompile pc=0x0000029d0f255b14 method=java.lang.String.equals(Ljava/lang/Object;)Z @ 8 c2
Event: 5.422 Thread 0x0000029d1ae28f20 DEOPT PACKING pc=0x0000029d0f255b14 sp=0x000000ba133fdd60
Event: 5.422 Thread 0x0000029d1ae28f20 DEOPT UNPACKING pc=0x0000029d077c23a3 sp=0x000000ba133fdd08 mode 2
Event: 5.472 Thread 0x0000029d1ae28f20 Uncommon trap: trap_request=0xffffff45 fr.pc=0x0000029d0f2cb838 relative=0x0000000000000118
Event: 5.472 Thread 0x0000029d1ae28f20 Uncommon trap: reason=unstable_if action=reinterpret pc=0x0000029d0f2cb838 method=java.util.Arrays.equals([Ljava/lang/Object;[Ljava/lang/Object;)Z @ 44 c2
Event: 5.472 Thread 0x0000029d1ae28f20 DEOPT PACKING pc=0x0000029d0f2cb838 sp=0x000000ba133fd750
Event: 5.472 Thread 0x0000029d1ae28f20 DEOPT UNPACKING pc=0x0000029d077c23a3 sp=0x000000ba133fd6f0 mode 2
Event: 5.781 Thread 0x0000029d1ae28f20 Uncommon trap: trap_request=0xffffff45 fr.pc=0x0000029d0f2f6010 relative=0x0000000000005430
Event: 5.781 Thread 0x0000029d1ae28f20 Uncommon trap: reason=unstable_if action=reinterpret pc=0x0000029d0f2f6010 method=jdk.internal.org.objectweb.asm.SymbolTable.addType(Ljava/lang/String;)I @ 33 c2
Event: 5.781 Thread 0x0000029d1ae28f20 DEOPT PACKING pc=0x0000029d0f2f6010 sp=0x000000ba133fc940
Event: 5.781 Thread 0x0000029d1ae28f20 DEOPT UNPACKING pc=0x0000029d077c23a3 sp=0x000000ba133fc868 mode 2
Event: 5.917 Thread 0x0000029d1ae28f20 Uncommon trap: trap_request=0xffffff45 fr.pc=0x0000029d0f36af14 relative=0x00000000000003d4
Event: 5.917 Thread 0x0000029d1ae28f20 Uncommon trap: reason=unstable_if action=reinterpret pc=0x0000029d0f36af14 method=org.springframework.beans.factory.support.AbstractBeanFactory.isFactoryBean(Ljava/lang/String;Lorg/springframework/beans/factory/support/RootBeanDefinition;)Z @ 38 c2
Event: 5.917 Thread 0x0000029d1ae28f20 DEOPT PACKING pc=0x0000029d0f36af14 sp=0x000000ba133fdd70
Event: 5.917 Thread 0x0000029d1ae28f20 DEOPT UNPACKING pc=0x0000029d077c23a3 sp=0x000000ba133fdd50 mode 2
Event: 5.932 Thread 0x0000029d1ae28f20 Uncommon trap: trap_request=0xffffffc6 fr.pc=0x0000029d0f3377b8 relative=0x0000000000000eb8
Event: 5.932 Thread 0x0000029d1ae28f20 Uncommon trap: reason=bimorphic_or_optimized_type_check action=maybe_recompile pc=0x0000029d0f3377b8 method=java.util.HashMap.putVal(ILjava/lang/Object;Ljava/lang/Object;ZZ)Ljava/lang/Object; @ 203 c2
Event: 5.932 Thread 0x0000029d1ae28f20 DEOPT PACKING pc=0x0000029d0f3377b8 sp=0x000000ba133fe070
Event: 5.932 Thread 0x0000029d1ae28f20 DEOPT UNPACKING pc=0x0000029d077c23a3 sp=0x000000ba133fdf80 mode 2

Classes unloaded (0 events):
No events

Classes redefined (0 events):
No events

Internal exceptions (20 events):
Event: 3.671 Thread 0x0000029d1b144a30 Exception <a 'java/lang/NoSuchMethodError'{0x00000000889956f0}: 'long java.lang.invoke.DirectMethodHandle$Holder.invokeInterface(java.lang.Object, java.lang.Object)'> (0x00000000889956f0) 
thrown [t:\workspace\open\src\hotspot\share\interpreter\linkResolver.cpp, line 766]
Event: 3.671 Thread 0x0000029d1b144a30 Exception <a 'java/lang/IncompatibleClassChangeError'{0x0000000088998c80}: Found class java.lang.Object, but interface was expected> (0x0000000088998c80) 
thrown [t:\workspace\open\src\hotspot\share\interpreter\linkResolver.cpp, line 833]
Event: 3.688 Thread 0x0000029d1b144a30 Exception <a 'java/lang/NoSuchMethodError'{0x0000000088800c70}: 'java.lang.Object java.lang.invoke.DirectMethodHandle$Holder.invokeVirtual(java.lang.Object, java.lang.Object, java.lang.Object, java.lang.Object)'> (0x0000000088800c70) 
thrown [t:\workspace\open\src\hotspot\share\interpreter\linkResolver.cpp, line 766]
Event: 3.693 Thread 0x0000029d1ae28f20 Exception <a 'java/lang/ClassNotFoundException'{0x0000000088962cd0}: org/springframework/context/annotation/ConfigurationClassPostProcessorCustomizer> (0x0000000088962cd0) 
thrown [t:\workspace\open\src\hotspot\share\classfile\systemDictionary.cpp, line 256]
Event: 3.713 Thread 0x0000029d1ae28f20 Exception <a 'java/lang/ClassNotFoundException'{0x0000000088874220}: org/springframework/beans/factory/support/BeanDefinitionRegistryPostProcessorCustomizer> (0x0000000088874220) 
thrown [t:\workspace\open\src\hotspot\share\classfile\systemDictionary.cpp, line 256]
Event: 3.714 Thread 0x0000029d1ae28f20 Exception <a 'java/lang/ClassNotFoundException'{0x0000000088879ef0}: org/springframework/beans/factory/config/BeanFactoryPostProcessorCustomizer> (0x0000000088879ef0) 
thrown [t:\workspace\open\src\hotspot\share\classfile\systemDictionary.cpp, line 256]
Event: 3.715 Thread 0x0000029d1ae28f20 Exception <a 'java/lang/ClassNotFoundException'{0x000000008887f910}: org/springframework/core/PriorityOrderedCustomizer> (0x000000008887f910) 
thrown [t:\workspace\open\src\hotspot\share\classfile\systemDictionary.cpp, line 256]
Event: 3.716 Thread 0x0000029d1ae28f20 Exception <a 'java/lang/ClassNotFoundException'{0x0000000088883f60}: org/springframework/core/OrderedCustomizer> (0x0000000088883f60) 
thrown [t:\workspace\open\src\hotspot\share\classfile\systemDictionary.cpp, line 256]
Event: 3.717 Thread 0x0000029d1ae28f20 Exception <a 'java/lang/ClassNotFoundException'{0x0000000088889848}: org/springframework/context/ResourceLoaderAwareCustomizer> (0x0000000088889848) 
thrown [t:\workspace\open\src\hotspot\share\classfile\systemDictionary.cpp, line 256]
Event: 3.718 Thread 0x0000029d1ae28f20 Exception <a 'java/lang/ClassNotFoundException'{0x000000008888f850}: org/springframework/beans/factory/AwareCustomizer> (0x000000008888f850) 
thrown [t:\workspace\open\src\hotspot\share\classfile\systemDictionary.cpp, line 256]
Event: 3.720 Thread 0x0000029d1ae28f20 Exception <a 'java/lang/ClassNotFoundException'{0x0000000088894288}: org/springframework/context/ApplicationStartupAwareCustomizer> (0x0000000088894288) 
thrown [t:\workspace\open\src\hotspot\share\classfile\systemDictionary.cpp, line 256]
Event: 3.721 Thread 0x0000029d1ae28f20 Exception <a 'java/lang/ClassNotFoundException'{0x0000000088899f48}: org/springframework/beans/factory/AwareCustomizer> (0x0000000088899f48) 
thrown [t:\workspace\open\src\hotspot\share\classfile\systemDictionary.cpp, line 256]
Event: 3.721 Thread 0x0000029d1ae28f20 Exception <a 'java/lang/ClassNotFoundException'{0x000000008889e9b0}: org/springframework/beans/factory/BeanClassLoaderAwareCustomizer> (0x000000008889e9b0) 
thrown [t:\workspace\open\src\hotspot\share\classfile\systemDictionary.cpp, line 256]
Event: 3.722 Thread 0x0000029d1ae28f20 Exception <a 'java/lang/ClassNotFoundException'{0x00000000888a43d0}: org/springframework/beans/factory/AwareCustomizer> (0x00000000888a43d0) 
thrown [t:\workspace\open\src\hotspot\share\classfile\systemDictionary.cpp, line 256]
Event: 3.723 Thread 0x0000029d1ae28f20 Exception <a 'java/lang/ClassNotFoundException'{0x00000000888a8b88}: org/springframework/context/EnvironmentAwareCustomizer> (0x00000000888a8b88) 
thrown [t:\workspace\open\src\hotspot\share\classfile\systemDictionary.cpp, line 256]
Event: 3.724 Thread 0x0000029d1ae28f20 Exception <a 'java/lang/ClassNotFoundException'{0x00000000888ae580}: org/springframework/beans/factory/AwareCustomizer> (0x00000000888ae580) 
thrown [t:\workspace\open\src\hotspot\share\classfile\systemDictionary.cpp, line 256]
Event: 3.797 Thread 0x0000029d1ae28f20 Exception <a 'java/lang/NoSuchMethodError'{0x0000000088790678}: 'java.lang.Object java.lang.invoke.DirectMethodHandle$Holder.invokeVirtual(java.lang.Object, java.lang.Object, java.lang.Object)'> (0x0000000088790678) 
thrown [t:\workspace\open\src\hotspot\share\interpreter\linkResolver.cpp, line 766]
Event: 4.564 Thread 0x0000029d1ae28f20 Exception <a 'java/lang/IncompatibleClassChangeError'{0x0000000087b6c940}: Found class java.lang.Object, but interface was expected> (0x0000000087b6c940) 
thrown [t:\workspace\open\src\hotspot\share\interpreter\linkResolver.cpp, line 833]
Event: 4.638 Thread 0x0000029d1ae28f20 Exception <a 'java/lang/NoSuchMethodError'{0x0000000087af0980}: 'void java.lang.invoke.DirectMethodHandle$Holder.invokeInterface(java.lang.Object, java.lang.Object, java.lang.Object, java.lang.Object)'> (0x0000000087af0980) 
thrown [t:\workspace\open\src\hotspot\share\interpreter\linkResolver.cpp, line 766]
Event: 5.326 Thread 0x0000029d1ae28f20 Exception <a 'java/lang/NoSuchMethodError'{0x0000000086978990}: 'java.lang.Object java.lang.invoke.DirectMethodHandle$Holder.invokeStatic(java.lang.Object, java.lang.Object, java.lang.Object, java.lang.Object, int)'> (0x0000000086978990) 
thrown [t:\workspace\open\src\hotspot\share\interpreter\linkResolver.cpp, line 766]

VM Operations (20 events):
Event: 3.536 Executing VM operation: HandshakeAllThreads
Event: 3.536 Executing VM operation: HandshakeAllThreads done
Event: 3.668 Executing VM operation: HandshakeAllThreads
Event: 3.668 Executing VM operation: HandshakeAllThreads done
Event: 3.780 Executing VM operation: HandshakeAllThreads
Event: 3.780 Executing VM operation: HandshakeAllThreads done
Event: 4.656 Executing VM operation: ICBufferFull
Event: 4.657 Executing VM operation: ICBufferFull done
Event: 5.225 Executing VM operation: ICBufferFull
Event: 5.225 Executing VM operation: ICBufferFull done
Event: 5.254 Executing VM operation: HandshakeAllThreads
Event: 5.255 Executing VM operation: HandshakeAllThreads done
Event: 5.294 Executing VM operation: HandshakeAllThreads
Event: 5.294 Executing VM operation: HandshakeAllThreads done
Event: 5.294 Executing VM operation: HandshakeAllThreads
Event: 5.294 Executing VM operation: HandshakeAllThreads done
Event: 5.316 Executing VM operation: HandshakeAllThreads
Event: 5.316 Executing VM operation: HandshakeAllThreads done
Event: 5.797 Executing VM operation: ICBufferFull
Event: 5.797 Executing VM operation: ICBufferFull done

Events (20 events):
Event: 5.324 loading class java/util/stream/Streams$RangeIntSpliterator
Event: 5.325 loading class java/util/stream/Streams$RangeIntSpliterator done
Event: 5.327 loading class java/util/stream/IntPipeline$1
Event: 5.327 loading class java/util/stream/IntPipeline$1 done
Event: 5.328 loading class java/util/stream/IntPipeline$1$1
Event: 5.328 loading class java/util/stream/IntPipeline$1$1 done
Event: 5.349 loading class java/util/stream/Streams$ConcatSpliterator$OfRef
Event: 5.349 loading class java/util/stream/Streams$ConcatSpliterator
Event: 5.349 loading class java/util/stream/Streams$ConcatSpliterator done
Event: 5.349 loading class java/util/stream/Streams$ConcatSpliterator$OfRef done
Event: 5.350 loading class java/util/stream/Streams$2
Event: 5.350 loading class java/util/stream/Streams$2 done
Event: 5.402 loading class java/util/stream/ReferencePipeline$15
Event: 5.403 loading class java/util/stream/ReferencePipeline$15 done
Event: 5.404 loading class java/util/stream/ReferencePipeline$15$1
Event: 5.404 loading class java/util/stream/ReferencePipeline$15$1 done
Event: 5.858 loading class java/lang/UnsupportedClassVersionError
Event: 5.858 loading class java/lang/ClassFormatError
Event: 5.858 loading class java/lang/ClassFormatError done
Event: 5.858 loading class java/lang/UnsupportedClassVersionError done


Dynamic libraries:
0x00007ff6197f0000 - 0x00007ff6197fe000 	C:\Users\winne\.jdks\openjdk-17.0.2\bin\java.exe
0x00007ffad4130000 - 0x00007ffad4325000 	C:\WINDOWS\SYSTEM32\ntdll.dll
0x00007ffaad160000 - 0x00007ffaad176000 	C:\Program Files\Avast Software\Avast\aswhook.dll
0x00007ffad3e10000 - 0x00007ffad3ece000 	C:\WINDOWS\System32\KERNEL32.DLL
0x00007ffad19f0000 - 0x00007ffad1cb8000 	C:\WINDOWS\System32\KERNELBASE.dll
0x00007ffad18f0000 - 0x00007ffad19f0000 	C:\WINDOWS\System32\ucrtbase.dll
0x00007ffacb360000 - 0x00007ffacb378000 	C:\Users\winne\.jdks\openjdk-17.0.2\bin\jli.dll
0x00007ffac78f0000 - 0x00007ffac790a000 	C:\Users\winne\.jdks\openjdk-17.0.2\bin\VCRUNTIME140.dll
0x00007ffad3240000 - 0x00007ffad33e0000 	C:\WINDOWS\System32\USER32.dll
0x00007ffad1850000 - 0x00007ffad1872000 	C:\WINDOWS\System32\win32u.dll
0x00007ffad3b90000 - 0x00007ffad3bba000 	C:\WINDOWS\System32\GDI32.dll
0x00007ffabaa60000 - 0x00007ffabacfa000 	C:\WINDOWS\WinSxS\amd64_microsoft.windows.common-controls_6595b64144ccf1df_6.0.19041.1110_none_60b5254171f9507e\COMCTL32.dll
0x00007ffad1cc0000 - 0x00007ffad1dcb000 	C:\WINDOWS\System32\gdi32full.dll
0x00007ffad3d10000 - 0x00007ffad3dae000 	C:\WINDOWS\System32\msvcrt.dll
0x00007ffad20c0000 - 0x00007ffad215d000 	C:\WINDOWS\System32\msvcp_win.dll
0x00007ffad4060000 - 0x00007ffad4090000 	C:\WINDOWS\System32\IMM32.DLL
0x00007ffacd590000 - 0x00007ffacd59c000 	C:\Users\winne\.jdks\openjdk-17.0.2\bin\vcruntime140_1.dll
0x00007ffaa6b20000 - 0x00007ffaa6bad000 	C:\Users\winne\.jdks\openjdk-17.0.2\bin\msvcp140.dll
0x00007ffa89080000 - 0x00007ffa89c41000 	C:\Users\winne\.jdks\openjdk-17.0.2\bin\server\jvm.dll
0x00007ffad3c60000 - 0x00007ffad3d0e000 	C:\WINDOWS\System32\ADVAPI32.dll
0x00007ffad3bc0000 - 0x00007ffad3c5c000 	C:\WINDOWS\System32\sechost.dll
0x00007ffad3930000 - 0x00007ffad3a55000 	C:\WINDOWS\System32\RPCRT4.dll
0x00007ffad2220000 - 0x00007ffad2228000 	C:\WINDOWS\System32\PSAPI.DLL
0x00007ffac52b0000 - 0x00007ffac52b9000 	C:\WINDOWS\SYSTEM32\WSOCK32.dll
0x00007ffad3840000 - 0x00007ffad38ab000 	C:\WINDOWS\System32\WS2_32.dll
0x00007ffaae100000 - 0x00007ffaae127000 	C:\WINDOWS\SYSTEM32\WINMM.dll
0x00007ffacb410000 - 0x00007ffacb41a000 	C:\WINDOWS\SYSTEM32\VERSION.dll
0x00007ffacf800000 - 0x00007ffacf812000 	C:\WINDOWS\SYSTEM32\kernel.appcore.dll
0x00007ffacbb10000 - 0x00007ffacbb1a000 	C:\Users\winne\.jdks\openjdk-17.0.2\bin\jimage.dll
0x00007ffacb150000 - 0x00007ffacb334000 	C:\WINDOWS\SYSTEM32\DBGHELP.DLL
0x00007ffacb120000 - 0x00007ffacb14c000 	C:\WINDOWS\SYSTEM32\dbgcore.DLL
0x00007ffad1ed0000 - 0x00007ffad1f52000 	C:\WINDOWS\System32\bcryptPrimitives.dll
0x00007ffacb350000 - 0x00007ffacb35e000 	C:\Users\winne\.jdks\openjdk-17.0.2\bin\instrument.dll
0x00007ffac4520000 - 0x00007ffac4545000 	C:\Users\winne\.jdks\openjdk-17.0.2\bin\java.dll
0x00007ffa97930000 - 0x00007ffa97a06000 	C:\Users\winne\.jdks\openjdk-17.0.2\bin\jsvml.dll
0x00007ffad26d0000 - 0x00007ffad2e14000 	C:\WINDOWS\System32\SHELL32.dll
0x00007ffacf970000 - 0x00007ffad0104000 	C:\WINDOWS\SYSTEM32\windows.storage.dll
0x00007ffad2e80000 - 0x00007ffad31d4000 	C:\WINDOWS\System32\combase.dll
0x00007ffad12c0000 - 0x00007ffad12ec000 	C:\WINDOWS\SYSTEM32\Wldp.dll
0x00007ffad33e0000 - 0x00007ffad348d000 	C:\WINDOWS\System32\SHCORE.dll
0x00007ffad2e20000 - 0x00007ffad2e75000 	C:\WINDOWS\System32\shlwapi.dll
0x00007ffad1790000 - 0x00007ffad17af000 	C:\WINDOWS\SYSTEM32\profapi.dll
0x00007ffac6e10000 - 0x00007ffac6e28000 	C:\Users\winne\.jdks\openjdk-17.0.2\bin\zip.dll
0x00007ffac7800000 - 0x00007ffac7819000 	C:\Users\winne\.jdks\openjdk-17.0.2\bin\net.dll
0x00007ffacb540000 - 0x00007ffacb64a000 	C:\WINDOWS\SYSTEM32\WINHTTP.dll
0x00007ffad1020000 - 0x00007ffad108a000 	C:\WINDOWS\system32\mswsock.dll
0x00007ffac7030000 - 0x00007ffac7046000 	C:\Users\winne\.jdks\openjdk-17.0.2\bin\nio.dll
0x00007ffac4ec0000 - 0x00007ffac4eda000 	C:\Users\winne\AppData\Local\JetBrains\Toolbox\apps\IDEA-C\ch-0\213.6777.52\bin\breakgen64.dll
0x00007ffaca9c0000 - 0x00007ffaca9d0000 	C:\Users\winne\.jdks\openjdk-17.0.2\bin\verify.dll
0x00007ffac78e0000 - 0x00007ffac78e9000 	C:\Users\winne\.jdks\openjdk-17.0.2\bin\management.dll
0x00007ffac77c0000 - 0x00007ffac77cb000 	C:\Users\winne\.jdks\openjdk-17.0.2\bin\management_ext.dll
0x00007ffabbde0000 - 0x00007ffabbdf7000 	C:\WINDOWS\system32\napinsp.dll
0x00007ffabb040000 - 0x00007ffabb05b000 	C:\WINDOWS\system32\pnrpnsp.dll
0x00007ffaba9f0000 - 0x00007ffabaa05000 	C:\WINDOWS\system32\wshbth.dll
0x00007ffacd420000 - 0x00007ffacd43d000 	C:\WINDOWS\system32\NLAapi.dll
0x00007ffad0ca0000 - 0x00007ffad0cdb000 	C:\WINDOWS\SYSTEM32\IPHLPAPI.DLL
0x00007ffad0ce0000 - 0x00007ffad0dab000 	C:\WINDOWS\SYSTEM32\DNSAPI.dll
0x00007ffad2250000 - 0x00007ffad2258000 	C:\WINDOWS\System32\NSI.dll
0x00007ffab8920000 - 0x00007ffab8932000 	C:\WINDOWS\System32\winrnr.dll
0x00007ffac9b70000 - 0x00007ffac9b7a000 	C:\Windows\System32\rasadhlp.dll
0x00007ffac81a0000 - 0x00007ffac821f000 	C:\WINDOWS\System32\fwpuclnt.dll
0x00007ffad2160000 - 0x00007ffad2187000 	C:\WINDOWS\System32\bcrypt.dll

dbghelp: loaded successfully - version: 4.0.5 - missing functions: none
symbol engine: initialized successfully - sym options: 0x614 - pdb path: .;C:\Users\winne\.jdks\openjdk-17.0.2\bin;C:\WINDOWS\SYSTEM32;C:\Program Files\Avast Software\Avast;C:\WINDOWS\WinSxS\amd64_microsoft.windows.common-controls_6595b64144ccf1df_6.0.19041.1110_none_60b5254171f9507e;C:\Users\winne\.jdks\openjdk-17.0.2\bin\server;C:\Users\winne\AppData\Local\JetBrains\Toolbox\apps\IDEA-C\ch-0\213.6777.52\bin

VM Arguments:
jvm_args: -javaagent:C:\Users\winne\AppData\Local\JetBrains\Toolbox\apps\IDEA-C\ch-0\213.6777.52\lib\idea_rt.jar=54415:C:\Users\winne\AppData\Local\JetBrains\Toolbox\apps\IDEA-C\ch-0\213.6777.52\bin -Dfile.encoding=UTF-8 
java_command: com.glsia.tp1.Tp1Application
java_class_path (initial): D:\COURS L3 GLSI\SEMESTRE 6\INTEGRATION DES SI (JAVA WEB & GIT)\glsiA-3\target\classes;C:\Users\winne\.m2\repository\org\springframework\boot\spring-boot-starter-data-jpa\2.6.5\spring-boot-starter-data-jpa-2.6.5.jar;C:\Users\winne\.m2\repository\org\springframework\boot\spring-boot-starter-aop\2.6.5\spring-boot-starter-aop-2.6.5.jar;C:\Users\winne\.m2\repository\org\aspectj\aspectjweaver\1.9.7\aspectjweaver-1.9.7.jar;C:\Users\winne\.m2\repository\org\springframework\boot\spring-boot-starter-jdbc\2.6.5\spring-boot-starter-jdbc-2.6.5.jar;C:\Users\winne\.m2\repository\com\zaxxer\HikariCP\4.0.3\HikariCP-4.0.3.jar;C:\Users\winne\.m2\repository\org\springframework\spring-jdbc\5.3.17\spring-jdbc-5.3.17.jar;C:\Users\winne\.m2\repository\jakarta\transaction\jakarta.transaction-api\1.3.3\jakarta.transaction-api-1.3.3.jar;C:\Users\winne\.m2\repository\jakarta\persistence\jakarta.persistence-api\2.2.3\jakarta.persistence-api-2.2.3.jar;C:\Users\winne\.m2\repository\org\hibernate\hibernate-core\5.6.7.Final\hibernate-core-5.6.7.Final.jar;C:\Users\winne\.m2\repository\org\jboss\logging\jboss-logging\3.4.3.Final\jboss-logging-3.4.3.Final.jar;C:\Users\winne\.m2\repository\net\bytebuddy\byte-buddy\1.11.22\byte-buddy-1.11.22.jar;C:\Users\winne\.m2\repository\antlr\antlr\2.7.7\antlr-2.7.7.jar;C:\Users\winne\.m2\repository\org\jboss\jandex\2.4.2.Final\jandex-2.4.2.Final.jar;C:\Users\winne\.m2\repository\com\fasterxml\classmate\1.5.1\classmate-1.5.1.jar;C:\Users\winne\.m2\repository\org\hibernate\common\hibernate-commons-annotations\5.1.2.Final\hibernate-commons-annotations-5.1.2.Final.jar;C:\Users\winne\.m2\repository\org\glassfish\jaxb\jaxb-runtime\2.3.6\jaxb-runtime-2.3.6.jar;C:\Users\winne\.m2\repository\org\glassfish\jaxb\txw2\2.3.6\txw2-2.3.6.jar;C:\Users\winne\.m2\repository\com\sun\istack\istack-commons-runtime\3.0.12\istack-commons-runtime-3.0.12.jar;C:\Users\winne\.m2\repository\com\sun\activation\jakarta.activation\1.2.2\jakarta.activation-1.2.2.jar
Launcher Type: SUN_STANDARD

[Global flags]
     intx CICompilerCount                          = 3                                         {product} {ergonomic}
     uint ConcGCThreads                            = 1                                         {product} {ergonomic}
     uint G1ConcRefinementThreads                  = 4                                         {product} {ergonomic}
   size_t G1HeapRegionSize                         = 1048576                                   {product} {ergonomic}
    uintx GCDrainStackTargetSize                   = 64                                        {product} {ergonomic}
   size_t InitialHeapSize                          = 134217728                                 {product} {ergonomic}
   size_t MarkStackSize                            = 4194304                                   {product} {ergonomic}
   size_t MaxHeapSize                              = 2124414976                                {product} {ergonomic}
   size_t MaxNewSize                               = 1274019840                                {product} {ergonomic}
   size_t MinHeapDeltaBytes                        = 1048576                                   {product} {ergonomic}
   size_t MinHeapSize                              = 8388608                                   {product} {ergonomic}
    uintx NonNMethodCodeHeapSize                   = 5832780                                {pd product} {ergonomic}
    uintx NonProfiledCodeHeapSize                  = 122912730                              {pd product} {ergonomic}
    uintx ProfiledCodeHeapSize                     = 122912730                              {pd product} {ergonomic}
    uintx ReservedCodeCacheSize                    = 251658240                              {pd product} {ergonomic}
     bool SegmentedCodeCache                       = true                                      {product} {ergonomic}
   size_t SoftMaxHeapSize                          = 2124414976                             {manageable} {ergonomic}
     bool UseCompressedClassPointers               = true                           {product lp64_product} {ergonomic}
     bool UseCompressedOops                        = true                           {product lp64_product} {ergonomic}
     bool UseG1GC                                  = true                                      {product} {ergonomic}
     bool UseLargePagesIndividualAllocation        = false                                  {pd product} {ergonomic}

Logging:
Log output configuration:
 #0: stdout all=warning uptime,level,tags
 #1: stderr all=off uptime,level,tags

Environment Variables:
PATH=C:\WINDOWS\system32;C:\WINDOWS;C:\WINDOWS\System32\Wbem;C:\WINDOWS\System32\WindowsPowerShell\v1.0\;C:\WINDOWS\System32\OpenSSH\;C:\Program Files\Java\jdk-12\bin;C:\Program Files\Microsoft SQL Server\Client SDK\ODBC\130\Tools\Binn\;C:\Program Files\Microsoft SQL Server\130\Tools\Binn\;C:\Program Files\Microsoft SQL Server\Client SDK\ODBC\170\Tools\Binn\;C:\Program Files\dotnet\;C:\Program Files (x86)\Microsoft SQL Server\130\Tools\Binn\;C:\Program Files\Microsoft SQL Server\130\DTS\Binn\;C:\Program Files (x86)\Microsoft SQL Server\150\DTS\Binn\;C:\Program Files (x86)\dotnet\;C:\wamp64\bin\php\php7.3.33;C:\wamp64\bin\php\php8.1.0;C:\ProgramData\ComposerSetup\bin;C:\Program Files\Git\cmd;C:\Users\winne\AppData\Local\Programs\Python\Python36\Scripts\;C:\Users\winne\AppData\Local\Programs\Python\Python36\;C:\Users\winne\AppData\Local\Microsoft\WindowsApps;C:\Program Files\JetBrains\PyCharm Community Edition 2020.3.1\bin;;C:\Users\winne\AppData\Local\Programs\Microsoft VS Code\bin;C:\Users\winne\.dotnet\tools;C:\wamp\bin\mysql\mysql5.6.17;D:\COURS L3 GLSI\PLATEFORME ET OUTILS DE DEVELOPPEMENT\ZEPPLIN\zeppelin-0.10.0-bin-all\bin;C:\Users\winne\AppData\Roaming\Composer\vendor\bin
USERNAME=winne
OS=Windows_NT
PROCESSOR_IDENTIFIER=Intel64 Family 6 Model 58 Stepping 9, GenuineIntel



---------------  S Y S T E M  ---------------

OS:
 Windows 10 , 64 bit Build 19041 (10.0.19041.1645)
OS uptime: 0 days 3:40 hours

CPU: total 4 (initial active 4) (2 cores per cpu, 2 threads per core) family 6 model 58 stepping 9 microcode 0x21, cx8, cmov, fxsr, ht, mmx, sse, sse2, sse3, ssse3, sse4.1, sse4.2, popcnt, tsc, tscinvbit, avx, aes, erms, clmul, vzeroupper, clflush

Memory: 4k page, system-wide physical 8097M (2050M free)
TotalPageFile size 10005M (AvailPageFile size 3M)
current process WorkingSet (physical memory assigned to process): 163M, peak: 163M
current process commit charge ("private bytes"): 264M, peak: 264M

vm_info: OpenJDK 64-Bit Server VM (17.0.2+8-86) for windows-amd64 JRE (17.0.2+8-86), built on Dec  7 2021 21:49:10 by "mach5one" with MS VC++ 16.8 / 16.9 (VS2019)

END.
