#
# There is insufficient memory for the Java Runtime Environment to continue.
# Native memory allocation (malloc) failed to allocate 263856 bytes for Chunk::new
# Possible reasons:
#   The system is out of physical RAM or swap space
#   The process is running with CompressedOops enabled, and the Java Heap may be blocking the growth of the native heap
# Possible solutions:
#   Reduce memory load on the system
#   Increase physical memory or swap space
#   Check if swap backing store is full
#   Decrease Java heap size (-Xmx/-Xms)
#   Decrease number of Java threads
#   Decrease Java thread stack sizes (-Xss)
#   Set larger code cache with -XX:ReservedCodeCacheSize=
#   JVM is running with Unscaled Compressed Oops mode in which the Java heap is
#     placed in the first 4GB address space. The Java Heap base address is the
#     maximum limit for the native heap growth. Please use -XX:HeapBaseMinAddress
#     to set the Java Heap base and to place the Java Heap above 4GB virtual address.
# This output file may be truncated or incomplete.
#
#  Out of Memory Error (arena.cpp:189), pid=304, tid=6352
#
# JRE version: OpenJDK Runtime Environment (17.0.2+8) (build 17.0.2+8-86)
# Java VM: OpenJDK 64-Bit Server VM (17.0.2+8-86, mixed mode, sharing, tiered, compressed oops, compressed class ptrs, g1 gc, windows-amd64)
# No core dump will be written. Minidumps are not enabled by default on client versions of Windows
#

---------------  S U M M A R Y ------------

Command Line: -javaagent:C:\Users\winne\AppData\Local\JetBrains\Toolbox\apps\IDEA-C\ch-0\213.6777.52\lib\idea_rt.jar=52111:C:\Users\winne\AppData\Local\JetBrains\Toolbox\apps\IDEA-C\ch-0\213.6777.52\bin -Dfile.encoding=UTF-8 com.glsia.tp1.Tp1Application

Host: Intel(R) Core(TM) i5-3320M CPU @ 2.60GHz, 4 cores, 7G,  Windows 10 , 64 bit Build 19041 (10.0.19041.1645)
Time: Fri Apr 29 00:41:15 2022 Greenwich elapsed time: 48.018950 seconds (0d 0h 0m 48s)

---------------  T H R E A D  ---------------

Current thread (0x000002a93d32e8e0):  JavaThread "C2 CompilerThread1" daemon [_thread_in_native, id=6352, stack(0x000000c3e2300000,0x000000c3e2400000)]


Current CompileTask:
C2:  48019 5889   !   4       java.lang.reflect.Executable::declaredAnnotations (85 bytes)

Stack: [0x000000c3e2300000,0x000000c3e2400000]
Native frames: (J=compiled Java code, j=interpreted, Vv=VM code, C=native code)
V  [jvm.dll+0x670baa]
V  [jvm.dll+0x7cfcb4]
V  [jvm.dll+0x7d145e]
V  [jvm.dll+0x7d1ac3]
V  [jvm.dll+0x242bc5]
V  [jvm.dll+0xaa57b]
V  [jvm.dll+0xaab0c]
V  [jvm.dll+0x35fcb2]
V  [jvm.dll+0x32a331]
V  [jvm.dll+0x3297da]
V  [jvm.dll+0x215c91]
V  [jvm.dll+0x2150b1]
V  [jvm.dll+0x1a1bbd]
V  [jvm.dll+0x224908]
V  [jvm.dll+0x222a6c]
V  [jvm.dll+0x7859bb]
V  [jvm.dll+0x77ff7a]
V  [jvm.dll+0x66fa35]
C  [ucrtbase.dll+0x21bb2]
C  [KERNEL32.DLL+0x17034]
C  [ntdll.dll+0x52651]


---------------  P R O C E S S  ---------------

Threads class SMR info:
_java_thread_list=0x000002a93fd21540, length=33, elements={
0x000002a93bdd48e0, 0x000002a93bdd7770, 0x000002a93bde8390, 0x000002a93bdeae50,
0x000002a93bdeb800, 0x000002a93bdec1b0, 0x000002a93bdedf50, 0x000002a93bdee9f0,
0x000002a93be76c70, 0x000002a93bf77690, 0x000002a93ca511b0, 0x000002a93cb06ab0,
0x000002a93d951030, 0x000002a93e3985c0, 0x000002a9400f6050, 0x000002a93fc61040,
0x000002a93e2e49e0, 0x000002a93e2e4040, 0x000002a93e2e5850, 0x000002a93e2e4eb0,
0x000002a93e2e4510, 0x000002a93bfd0ab0, 0x000002a93bfcedd0, 0x000002a93bfd3130,
0x000002a93bfd2790, 0x000002a93bfcf2a0, 0x000002a93bfcf770, 0x000002a93bfd1df0,
0x000002a93bfce430, 0x000002a93bfce900, 0x000002a93bfd0f80, 0x000002a93bfd22c0,
0x000002a93d32e8e0
}

Java Threads: ( => current thread )
  0x000002a93bdd48e0 JavaThread "Reference Handler" daemon [_thread_blocked, id=11092, stack(0x000000c3dfc00000,0x000000c3dfd00000)]
  0x000002a93bdd7770 JavaThread "Finalizer" daemon [_thread_blocked, id=664, stack(0x000000c3dfd00000,0x000000c3dfe00000)]
  0x000002a93bde8390 JavaThread "Signal Dispatcher" daemon [_thread_blocked, id=10748, stack(0x000000c3dfe00000,0x000000c3dff00000)]
  0x000002a93bdeae50 JavaThread "Attach Listener" daemon [_thread_blocked, id=7236, stack(0x000000c3dff00000,0x000000c3e0000000)]
  0x000002a93bdeb800 JavaThread "Service Thread" daemon [_thread_blocked, id=9748, stack(0x000000c3e0000000,0x000000c3e0100000)]
  0x000002a93bdec1b0 JavaThread "Monitor Deflation Thread" daemon [_thread_blocked, id=2696, stack(0x000000c3e0100000,0x000000c3e0200000)]
  0x000002a93bdedf50 JavaThread "C2 CompilerThread0" daemon [_thread_in_native, id=9112, stack(0x000000c3e0200000,0x000000c3e0300000)]
  0x000002a93bdee9f0 JavaThread "C1 CompilerThread0" daemon [_thread_blocked, id=8204, stack(0x000000c3e0300000,0x000000c3e0400000)]
  0x000002a93be76c70 JavaThread "Sweeper thread" daemon [_thread_blocked, id=11072, stack(0x000000c3e0400000,0x000000c3e0500000)]
  0x000002a93bf77690 JavaThread "Common-Cleaner" daemon [_thread_blocked, id=9596, stack(0x000000c3e0500000,0x000000c3e0600000)]
  0x000002a93ca511b0 JavaThread "Monitor Ctrl-Break" daemon [_thread_in_native, id=5708, stack(0x000000c3e0600000,0x000000c3e0700000)]
  0x000002a93cb06ab0 JavaThread "Notification Thread" daemon [_thread_blocked, id=3944, stack(0x000000c3e0700000,0x000000c3e0800000)]
  0x000002a93d951030 JavaThread "Catalina-utility-1" [_thread_blocked, id=10956, stack(0x000000c3e1000000,0x000000c3e1100000)]
  0x000002a93e3985c0 JavaThread "Catalina-utility-2" [_thread_blocked, id=6372, stack(0x000000c3e1100000,0x000000c3e1200000)]
  0x000002a9400f6050 JavaThread "container-0" [_thread_blocked, id=7016, stack(0x000000c3e1200000,0x000000c3e1300000)]
  0x000002a93fc61040 JavaThread "mysql-cj-abandoned-connection-cleanup" daemon [_thread_blocked, id=7480, stack(0x000000c3e1300000,0x000000c3e1400000)]
  0x000002a93e2e49e0 JavaThread "HikariPool-1 housekeeper" daemon [_thread_blocked, id=5928, stack(0x000000c3e0f00000,0x000000c3e1000000)]
  0x000002a93e2e4040 JavaThread "File Watcher" daemon [_thread_blocked, id=472, stack(0x000000c3e1500000,0x000000c3e1600000)]
  0x000002a93e2e5850 JavaThread "Live Reload Server" daemon [_thread_in_native, id=12852, stack(0x000000c3e1800000,0x000000c3e1900000)]
  0x000002a93e2e4eb0 JavaThread "http-nio-8080-exec-1" daemon [_thread_in_vm, id=2988, stack(0x000000c3e1700000,0x000000c3e1800000)]
  0x000002a93e2e4510 JavaThread "http-nio-8080-exec-2" daemon [_thread_blocked, id=8276, stack(0x000000c3e1900000,0x000000c3e1a00000)]
  0x000002a93bfd0ab0 JavaThread "http-nio-8080-exec-3" daemon [_thread_blocked, id=8352, stack(0x000000c3e1a00000,0x000000c3e1b00000)]
  0x000002a93bfcedd0 JavaThread "http-nio-8080-exec-4" daemon [_thread_blocked, id=6156, stack(0x000000c3e1b00000,0x000000c3e1c00000)]
  0x000002a93bfd3130 JavaThread "http-nio-8080-exec-5" daemon [_thread_blocked, id=9424, stack(0x000000c3e1c00000,0x000000c3e1d00000)]
  0x000002a93bfd2790 JavaThread "http-nio-8080-exec-6" daemon [_thread_blocked, id=1188, stack(0x000000c3e1d00000,0x000000c3e1e00000)]
  0x000002a93bfcf2a0 JavaThread "http-nio-8080-exec-7" daemon [_thread_blocked, id=6036, stack(0x000000c3e1e00000,0x000000c3e1f00000)]
  0x000002a93bfcf770 JavaThread "http-nio-8080-exec-8" daemon [_thread_blocked, id=3880, stack(0x000000c3e1f00000,0x000000c3e2000000)]
  0x000002a93bfd1df0 JavaThread "http-nio-8080-exec-9" daemon [_thread_blocked, id=10688, stack(0x000000c3e2000000,0x000000c3e2100000)]
  0x000002a93bfce430 JavaThread "http-nio-8080-exec-10" daemon [_thread_blocked, id=12492, stack(0x000000c3e2100000,0x000000c3e2200000)]
  0x000002a93bfce900 JavaThread "http-nio-8080-Poller" daemon [_thread_in_native, id=2496, stack(0x000000c3e1600000,0x000000c3e1700000)]
  0x000002a93bfd0f80 JavaThread "http-nio-8080-Acceptor" daemon [_thread_in_native, id=7648, stack(0x000000c3e2200000,0x000000c3e2300000)]
  0x000002a93bfd22c0 JavaThread "DestroyJavaVM" [_thread_blocked, id=7800, stack(0x000000c3df500000,0x000000c3df600000)]
=>0x000002a93d32e8e0 JavaThread "C2 CompilerThread1" daemon [_thread_in_native, id=6352, stack(0x000000c3e2300000,0x000000c3e2400000)]

Other Threads:
  0x000002a93bdcfbb0 VMThread "VM Thread" [stack: 0x000000c3dfb00000,0x000000c3dfc00000] [id=13084]
  0x000002a93ca51a80 WatcherThread [stack: 0x000000c3e0800000,0x000000c3e0900000] [id=10424]
  0x000002a91c51fe90 GCTaskThread "GC Thread#0" [stack: 0x000000c3df600000,0x000000c3df700000] [id=12408]
  0x000002a93d8fa1a0 GCTaskThread "GC Thread#1" [stack: 0x000000c3e0a00000,0x000000c3e0b00000] [id=11444]
  0x000002a93d527ce0 GCTaskThread "GC Thread#2" [stack: 0x000000c3e0b00000,0x000000c3e0c00000] [id=9056]
  0x000002a93cdf3c40 GCTaskThread "GC Thread#3" [stack: 0x000000c3e0c00000,0x000000c3e0d00000] [id=6756]
  0x000002a91c530b10 ConcurrentGCThread "G1 Main Marker" [stack: 0x000000c3df700000,0x000000c3df800000] [id=9676]
  0x000002a91c532da0 ConcurrentGCThread "G1 Conc#0" [stack: 0x000000c3df800000,0x000000c3df900000] [id=860]
  0x000002a91c588660 ConcurrentGCThread "G1 Refine#0" [stack: 0x000000c3df900000,0x000000c3dfa00000] [id=11520]
  0x000002a93d281cb0 ConcurrentGCThread "G1 Refine#1" [stack: 0x000000c3e0d00000,0x000000c3e0e00000] [id=10864]
  0x000002a91c589080 ConcurrentGCThread "G1 Service" [stack: 0x000000c3dfa00000,0x000000c3dfb00000] [id=8796]

Threads with active compile tasks:
C2 CompilerThread0    48287 5897   !   4       java.util.concurrent.ConcurrentHashMap::putVal (432 bytes)
C2 CompilerThread1    48287 5889   !   4       java.lang.reflect.Executable::declaredAnnotations (85 bytes)

VM state: not at safepoint (normal execution)

VM Mutex/Monitor currently owned by a thread:  ([mutex/lock_event])
[0x000002a91c4dc890] Metaspace_lock - owner thread: 0x000002a93e2e4eb0

Heap address: 0x0000000081600000, size: 2026 MB, Compressed Oops mode: 32-bit

CDS archive(s) mapped at: [0x0000000800000000-0x0000000800bc0000-0x0000000800bc0000), size 12320768, SharedBaseAddress: 0x0000000800000000, ArchiveRelocationMode: 0.
Compressed class space mapped at: 0x0000000800c00000-0x0000000840c00000, reserved size: 1073741824
Narrow klass base: 0x0000000800000000, Narrow klass shift: 0, Narrow klass range: 0x100000000

GC Precious Log:
 CPUs: 4 total, 4 available
 Memory: 8097M
 Large Page Support: Disabled
 NUMA Support: Disabled
 Compressed Oops: Enabled (32-bit)
 Heap Region Size: 1M
 Heap Min Capacity: 8M
 Heap Initial Capacity: 128M
 Heap Max Capacity: 2026M
 Pre-touch: Disabled
 Parallel Workers: 4
 Concurrent Workers: 1
 Concurrent Refinement Workers: 4
 Periodic GC: Disabled

Heap:
 garbage-first heap   total 49152K, used 36032K [0x0000000081600000, 0x0000000100000000)
  region size 1024K, 12 young (12288K), 1 survivors (1024K)
 Metaspace       used 56973K, committed 57344K, reserved 1105920K
  class space    used 7592K, committed 7808K, reserved 1048576K

Heap Regions: E=young(eden), S=young(survivor), O=old, HS=humongous(starts), HC=humongous(continues), CS=collection set, F=free, OA=open archive, CA=closed archive, TAMS=top-at-mark-start (previous, next)
|   0|0x0000000081600000, 0x0000000081700000, 0x0000000081700000|100%|HS|  |TAMS 0x0000000081700000, 0x0000000081600000| Complete 
|   1|0x0000000081700000, 0x0000000081800000, 0x0000000081800000|100%| O|  |TAMS 0x0000000081800000, 0x0000000081700000| Untracked 
|   2|0x0000000081800000, 0x0000000081900000, 0x0000000081900000|100%| O|  |TAMS 0x0000000081900000, 0x0000000081800000| Untracked 
|   3|0x0000000081900000, 0x0000000081a00000, 0x0000000081a00000|100%| O|  |TAMS 0x0000000081a00000, 0x0000000081900000| Untracked 
|   4|0x0000000081a00000, 0x0000000081b00000, 0x0000000081b00000|100%| O|  |TAMS 0x0000000081b00000, 0x0000000081a00000| Untracked 
|   5|0x0000000081b00000, 0x0000000081c00000, 0x0000000081c00000|100%| O|  |TAMS 0x0000000081c00000, 0x0000000081b00000| Untracked 
|   6|0x0000000081c00000, 0x0000000081d00000, 0x0000000081d00000|100%| O|  |TAMS 0x0000000081d00000, 0x0000000081c00000| Untracked 
|   7|0x0000000081d00000, 0x0000000081e00000, 0x0000000081e00000|100%| O|  |TAMS 0x0000000081e00000, 0x0000000081d00000| Untracked 
|   8|0x0000000081e00000, 0x0000000081f00000, 0x0000000081f00000|100%| O|  |TAMS 0x0000000081f00000, 0x0000000081e00000| Untracked 
|   9|0x0000000081f00000, 0x0000000082000000, 0x0000000082000000|100%| O|  |TAMS 0x0000000082000000, 0x0000000081f00000| Untracked 
|  10|0x0000000082000000, 0x0000000082100000, 0x0000000082100000|100%| O|  |TAMS 0x0000000082100000, 0x0000000082000000| Untracked 
|  11|0x0000000082100000, 0x0000000082200000, 0x0000000082200000|100%| O|  |TAMS 0x0000000082200000, 0x0000000082100000| Untracked 
|  12|0x0000000082200000, 0x0000000082300000, 0x0000000082300000|100%| O|  |TAMS 0x0000000082300000, 0x0000000082200000| Untracked 
|  13|0x0000000082300000, 0x0000000082400000, 0x0000000082400000|100%| O|  |TAMS 0x0000000082400000, 0x0000000082300000| Untracked 
|  14|0x0000000082400000, 0x0000000082500000, 0x0000000082500000|100%| O|  |TAMS 0x0000000082500000, 0x0000000082400000| Untracked 
|  15|0x0000000082500000, 0x0000000082600000, 0x0000000082600000|100%| O|  |TAMS 0x0000000082600000, 0x0000000082500000| Untracked 
|  16|0x0000000082600000, 0x0000000082700000, 0x0000000082700000|100%| O|  |TAMS 0x0000000082700000, 0x0000000082600000| Untracked 
|  17|0x0000000082700000, 0x0000000082800000, 0x0000000082800000|100%| O|  |TAMS 0x0000000082800000, 0x0000000082700000| Untracked 
|  18|0x0000000082800000, 0x0000000082900000, 0x0000000082900000|100%| O|  |TAMS 0x0000000082900000, 0x0000000082800000| Untracked 
|  19|0x0000000082900000, 0x0000000082a00000, 0x0000000082a00000|100%| O|  |TAMS 0x0000000082a00000, 0x0000000082900000| Untracked 
|  20|0x0000000082a00000, 0x0000000082b00000, 0x0000000082b00000|100%| O|  |TAMS 0x0000000082b00000, 0x0000000082a00000| Untracked 
|  21|0x0000000082b00000, 0x0000000082c00000, 0x0000000082c00000|100%| O|  |TAMS 0x0000000082c00000, 0x0000000082b00000| Untracked 
|  22|0x0000000082c00000, 0x0000000082d00000, 0x0000000082d00000|100%| O|  |TAMS 0x0000000082d00000, 0x0000000082c00000| Untracked 
|  23|0x0000000082d00000, 0x0000000082e00000, 0x0000000082e00000|100%| O|  |TAMS 0x0000000082e00000, 0x0000000082d00000| Untracked 
|  24|0x0000000082e00000, 0x0000000082f00000, 0x0000000082f00000|100%| O|  |TAMS 0x0000000082f00000, 0x0000000082e00000| Untracked 
|  25|0x0000000082f00000, 0x0000000082f1c200, 0x0000000083000000| 10%| O|  |TAMS 0x0000000082f1c200, 0x0000000082f00000| Untracked 
|  26|0x0000000083000000, 0x0000000083000000, 0x0000000083100000|  0%| F|  |TAMS 0x0000000083000000, 0x0000000083000000| Untracked 
|  27|0x0000000083100000, 0x0000000083100000, 0x0000000083200000|  0%| F|  |TAMS 0x0000000083100000, 0x0000000083100000| Untracked 
|  28|0x0000000083200000, 0x0000000083200000, 0x0000000083300000|  0%| F|  |TAMS 0x0000000083200000, 0x0000000083200000| Untracked 
|  29|0x0000000083300000, 0x0000000083300000, 0x0000000083400000|  0%| F|  |TAMS 0x0000000083300000, 0x0000000083300000| Untracked 
|  30|0x0000000083400000, 0x0000000083400000, 0x0000000083500000|  0%| F|  |TAMS 0x0000000083400000, 0x0000000083400000| Untracked 
|  31|0x0000000083500000, 0x0000000083500000, 0x0000000083600000|  0%| F|  |TAMS 0x0000000083500000, 0x0000000083500000| Untracked 
|  32|0x0000000083600000, 0x0000000083600000, 0x0000000083700000|  0%| F|  |TAMS 0x0000000083600000, 0x0000000083600000| Untracked 
|  33|0x0000000083700000, 0x0000000083700000, 0x0000000083800000|  0%| F|  |TAMS 0x0000000083700000, 0x0000000083700000| Untracked 
|  34|0x0000000083800000, 0x0000000083800000, 0x0000000083900000|  0%| F|  |TAMS 0x0000000083800000, 0x0000000083800000| Untracked 
|  35|0x0000000083900000, 0x0000000083914090, 0x0000000083a00000|  7%| S|CS|TAMS 0x0000000083900000, 0x0000000083900000| Complete 
|  36|0x0000000083a00000, 0x0000000083a00000, 0x0000000083b00000|  0%| F|  |TAMS 0x0000000083a00000, 0x0000000083a00000| Untracked 
|  37|0x0000000083b00000, 0x0000000083b69038, 0x0000000083c00000| 41%| E|  |TAMS 0x0000000083b00000, 0x0000000083b00000| Complete 
|  38|0x0000000083c00000, 0x0000000083d00000, 0x0000000083d00000|100%| E|CS|TAMS 0x0000000083c00000, 0x0000000083c00000| Complete 
|  39|0x0000000083d00000, 0x0000000083e00000, 0x0000000083e00000|100%| E|CS|TAMS 0x0000000083d00000, 0x0000000083d00000| Complete 
|  40|0x0000000083e00000, 0x0000000083f00000, 0x0000000083f00000|100%| E|CS|TAMS 0x0000000083e00000, 0x0000000083e00000| Complete 
|  58|0x0000000085000000, 0x0000000085100000, 0x0000000085100000|100%| E|CS|TAMS 0x0000000085000000, 0x0000000085000000| Complete 
|  59|0x0000000085100000, 0x0000000085200000, 0x0000000085200000|100%| E|CS|TAMS 0x0000000085100000, 0x0000000085100000| Complete 
|  60|0x0000000085200000, 0x0000000085300000, 0x0000000085300000|100%| E|CS|TAMS 0x0000000085200000, 0x0000000085200000| Complete 
|  61|0x0000000085300000, 0x0000000085400000, 0x0000000085400000|100%| E|CS|TAMS 0x0000000085300000, 0x0000000085300000| Complete 
|  62|0x0000000085400000, 0x0000000085500000, 0x0000000085500000|100%| E|CS|TAMS 0x0000000085400000, 0x0000000085400000| Complete 
|  63|0x0000000085500000, 0x0000000085600000, 0x0000000085600000|100%| E|CS|TAMS 0x0000000085500000, 0x0000000085500000| Complete 
| 127|0x0000000089500000, 0x0000000089600000, 0x0000000089600000|100%| E|CS|TAMS 0x0000000089500000, 0x0000000089500000| Complete 

Card table byte_map: [0x000002a935130000,0x000002a935530000] _byte_map_base: 0x000002a934d25000

Marking Bits (Prev, Next): (CMBitMap*) 0x000002a91c5204a0, (CMBitMap*) 0x000002a91c5204e0
 Prev Bits: [0x000002a935930000, 0x000002a9378d8000)
 Next Bits: [0x000002a9378e0000, 0x000002a939888000)

Polling page: 0x000002a91c610000

Metaspace:

Usage:
  Non-class:     48.22 MB used.
      Class:      7.41 MB used.
       Both:     55.64 MB used.

Virtual space:
  Non-class space:       56.00 MB reserved,      48.38 MB ( 86%) committed,  7 nodes.
      Class space:        1.00 GB reserved,       7.62 MB ( <1%) committed,  1 nodes.
             Both:        1.05 GB reserved,      56.00 MB (  5%) committed. 

Chunk freelists:
   Non-Class:  3.36 MB
       Class:  336.00 KB
        Both:  3.69 MB

MaxMetaspaceSize: unlimited
CompressedClassSpaceSize: 1.00 GB
Initial GC threshold: 21.00 MB
Current GC threshold: 90.12 MB
CDS: on
MetaspaceReclaimPolicy: balanced
 - commit_granule_bytes: 65536.
 - commit_granule_words: 8192.
 - virtual_space_node_default_size: 1048576.
 - enlarge_chunks_in_place: 1.
 - new_chunks_are_fully_committed: 0.
 - uncommit_free_chunks: 1.
 - use_allocation_guard: 0.
 - handle_deallocations: 1.


Internal statistics:

num_allocs_failed_limit: 6.
num_arena_births: 464.
num_arena_deaths: 0.
num_vsnodes_births: 8.
num_vsnodes_deaths: 0.
num_space_committed: 896.
num_space_uncommitted: 0.
num_chunks_returned_to_freelist: 6.
num_chunks_taken_from_freelist: 2449.
num_chunk_merges: 3.
num_chunk_splits: 1711.
num_chunks_enlarged: 1331.
num_purges: 0.
num_inconsistent_stats: 0.

CodeHeap 'non-profiled nmethods': size=120000Kb used=3238Kb max_used=3238Kb free=116761Kb
 bounds [0x000002a92d1e0000, 0x000002a92d520000, 0x000002a934710000]
CodeHeap 'profiled nmethods': size=120000Kb used=10368Kb max_used=11005Kb free=109631Kb
 bounds [0x000002a925cb0000, 0x000002a926770000, 0x000002a92d1e0000]
CodeHeap 'non-nmethods': size=5760Kb used=1318Kb max_used=1365Kb free=4441Kb
 bounds [0x000002a925710000, 0x000002a925980000, 0x000002a925cb0000]
 total_blobs=5789 nmethods=5143 adapters=558
 compilation: enabled
              stopped_count=0, restarted_count=0
 full_count=0

Compilation events (20 events):
Event: 47.857 Thread 0x000002a93bdedf50 5885       4       sun.invoke.util.VerifyAccess::isTypeVisible (118 bytes)
Event: 47.876 Thread 0x000002a93bdedf50 nmethod 5885 0x000002a92d37c110 code [0x000002a92d37c2c0, 0x000002a92d37c6c8]
Event: 47.876 Thread 0x000002a93bdedf50 5886       4       java.lang.AbstractStringBuilder::append (55 bytes)
Event: 47.886 Thread 0x000002a93bdee9f0 5887       1       org.springframework.util.MimeType::getType (5 bytes)
Event: 47.887 Thread 0x000002a93bdee9f0 nmethod 5887 0x000002a92d37be10 code [0x000002a92d37bfa0, 0x000002a92d37c078]
Event: 47.897 Thread 0x000002a93bdee9f0 5894       3       org.springframework.context.support.ApplicationContextAwareProcessor::postProcessBeforeInitialization (100 bytes)
Event: 47.898 Thread 0x000002a93bdee9f0 nmethod 5894 0x000002a925d57890 code [0x000002a925d57b00, 0x000002a925d58aa8]
Event: 47.903 Thread 0x000002a93bdee9f0 5895       3       org.springframework.web.context.support.ServletContextAwareProcessor::postProcessBeforeInitialization (56 bytes)
Event: 47.904 Thread 0x000002a93bdee9f0 nmethod 5895 0x000002a925d56990 code [0x000002a925d56bc0, 0x000002a925d57678]
Event: 47.905 Thread 0x000002a93bdee9f0 5896       3       org.springframework.context.support.ApplicationListenerDetector::postProcessBeforeInitialization (2 bytes)
Event: 47.905 Thread 0x000002a93bdee9f0 nmethod 5896 0x000002a925d56610 code [0x000002a925d567a0, 0x000002a925d568b8]
Event: 47.907 Thread 0x000002a93d32e8e0 5892       4       java.lang.Class::getDeclaredAnnotations (11 bytes)
Event: 47.908 Thread 0x000002a93bdedf50 nmethod 5886 0x000002a92d37ad10 code [0x000002a92d37aec0, 0x000002a92d37b9d8]
Event: 47.909 Thread 0x000002a93bdedf50 5891       4       java.lang.Class::annotationData (44 bytes)
Event: 47.934 Thread 0x000002a93bdedf50 nmethod 5891 0x000002a92d379b10 code [0x000002a92d379d40, 0x000002a92d37a500]
Event: 47.935 Thread 0x000002a93bdedf50 5897   !   4       java.util.concurrent.ConcurrentHashMap::putVal (432 bytes)
Event: 47.953 Thread 0x000002a93d32e8e0 nmethod 5892 0x000002a92d3d4310 code [0x000002a92d3d4580, 0x000002a92d3d51a0]
Event: 47.953 Thread 0x000002a93d32e8e0 5889   !   4       java.lang.reflect.Executable::declaredAnnotations (85 bytes)
Event: 47.995 Thread 0x000002a93bdee9f0 5898       3       java.util.concurrent.atomic.AtomicInteger::getAndAdd (12 bytes)
Event: 47.995 Thread 0x000002a93bdee9f0 nmethod 5898 0x000002a925d56290 code [0x000002a925d56420, 0x000002a925d56538]

GC Heap History (20 events):
Event: 12.377 GC heap before
{Heap before GC invocations=8 (full 0):
 garbage-first heap   total 49152K, used 33403K [0x0000000081600000, 0x0000000100000000)
  region size 1024K, 20 young (20480K), 2 survivors (2048K)
 Metaspace       used 35836K, committed 36096K, reserved 1081344K
  class space    used 4684K, committed 4800K, reserved 1048576K
}
Event: 12.384 GC heap after
{Heap after GC invocations=9 (full 0):
 garbage-first heap   total 49152K, used 17553K [0x0000000081600000, 0x0000000100000000)
  region size 1024K, 3 young (3072K), 3 survivors (3072K)
 Metaspace       used 35836K, committed 36096K, reserved 1081344K
  class space    used 4684K, committed 4800K, reserved 1048576K
}
Event: 14.404 GC heap before
{Heap before GC invocations=10 (full 0):
 garbage-first heap   total 49152K, used 35985K [0x0000000081600000, 0x0000000100000000)
  region size 1024K, 21 young (21504K), 3 survivors (3072K)
 Metaspace       used 41138K, committed 41472K, reserved 1089536K
  class space    used 5353K, committed 5504K, reserved 1048576K
}
Event: 14.412 GC heap after
{Heap after GC invocations=11 (full 0):
 garbage-first heap   total 49152K, used 18712K [0x0000000081600000, 0x0000000100000000)
  region size 1024K, 2 young (2048K), 2 survivors (2048K)
 Metaspace       used 41138K, committed 41472K, reserved 1089536K
  class space    used 5353K, committed 5504K, reserved 1048576K
}
Event: 15.445 GC heap before
{Heap before GC invocations=11 (full 0):
 garbage-first heap   total 49152K, used 36120K [0x0000000081600000, 0x0000000100000000)
  region size 1024K, 19 young (19456K), 2 survivors (2048K)
 Metaspace       used 45139K, committed 45504K, reserved 1089536K
  class space    used 5944K, committed 6144K, reserved 1048576K
}
Event: 15.450 GC heap after
{Heap after GC invocations=12 (full 0):
 garbage-first heap   total 49152K, used 19764K [0x0000000081600000, 0x0000000100000000)
  region size 1024K, 3 young (3072K), 3 survivors (3072K)
 Metaspace       used 45139K, committed 45504K, reserved 1089536K
  class space    used 5944K, committed 6144K, reserved 1048576K
}
Event: 19.296 GC heap before
{Heap before GC invocations=12 (full 0):
 garbage-first heap   total 49152K, used 37172K [0x0000000081600000, 0x0000000100000000)
  region size 1024K, 20 young (20480K), 3 survivors (3072K)
 Metaspace       used 48570K, committed 48896K, reserved 1097728K
  class space    used 6461K, committed 6656K, reserved 1048576K
}
Event: 19.304 GC heap after
{Heap after GC invocations=13 (full 0):
 garbage-first heap   total 49152K, used 20600K [0x0000000081600000, 0x0000000100000000)
  region size 1024K, 2 young (2048K), 2 survivors (2048K)
 Metaspace       used 48570K, committed 48896K, reserved 1097728K
  class space    used 6461K, committed 6656K, reserved 1048576K
}
Event: 20.050 GC heap before
{Heap before GC invocations=13 (full 0):
 garbage-first heap   total 49152K, used 38008K [0x0000000081600000, 0x0000000100000000)
  region size 1024K, 19 young (19456K), 2 survivors (2048K)
 Metaspace       used 51082K, committed 51392K, reserved 1097728K
  class space    used 6793K, committed 6976K, reserved 1048576K
}
Event: 20.059 GC heap after
{Heap after GC invocations=14 (full 0):
 garbage-first heap   total 49152K, used 21949K [0x0000000081600000, 0x0000000100000000)
  region size 1024K, 3 young (3072K), 3 survivors (3072K)
 Metaspace       used 51082K, committed 51392K, reserved 1097728K
  class space    used 6793K, committed 6976K, reserved 1048576K
}
Event: 20.447 GC heap before
{Heap before GC invocations=14 (full 0):
 garbage-first heap   total 49152K, used 37309K [0x0000000081600000, 0x0000000100000000)
  region size 1024K, 18 young (18432K), 3 survivors (3072K)
 Metaspace       used 51654K, committed 52032K, reserved 1097728K
  class space    used 6862K, committed 7040K, reserved 1048576K
}
Event: 20.453 GC heap after
{Heap after GC invocations=15 (full 0):
 garbage-first heap   total 49152K, used 22645K [0x0000000081600000, 0x0000000100000000)
  region size 1024K, 2 young (2048K), 2 survivors (2048K)
 Metaspace       used 51654K, committed 52032K, reserved 1097728K
  class space    used 6862K, committed 7040K, reserved 1048576K
}
Event: 21.127 GC heap before
{Heap before GC invocations=15 (full 0):
 garbage-first heap   total 49152K, used 39029K [0x0000000081600000, 0x0000000100000000)
  region size 1024K, 18 young (18432K), 2 survivors (2048K)
 Metaspace       used 53460K, committed 53824K, reserved 1097728K
  class space    used 7111K, committed 7296K, reserved 1048576K
}
Event: 21.134 GC heap after
{Heap after GC invocations=16 (full 0):
 garbage-first heap   total 49152K, used 24110K [0x0000000081600000, 0x0000000100000000)
  region size 1024K, 3 young (3072K), 3 survivors (3072K)
 Metaspace       used 53460K, committed 53824K, reserved 1097728K
  class space    used 7111K, committed 7296K, reserved 1048576K
}
Event: 23.150 GC heap before
{Heap before GC invocations=16 (full 0):
 garbage-first heap   total 49152K, used 38446K [0x0000000081600000, 0x0000000100000000)
  region size 1024K, 17 young (17408K), 3 survivors (3072K)
 Metaspace       used 54894K, committed 55360K, reserved 1097728K
  class space    used 7304K, committed 7552K, reserved 1048576K
}
Event: 23.158 GC heap after
{Heap after GC invocations=17 (full 0):
 garbage-first heap   total 49152K, used 25772K [0x0000000081600000, 0x0000000100000000)
  region size 1024K, 3 young (3072K), 3 survivors (3072K)
 Metaspace       used 54894K, committed 55360K, reserved 1097728K
  class space    used 7304K, committed 7552K, reserved 1048576K
}
Event: 35.314 GC heap before
{Heap before GC invocations=18 (full 0):
 garbage-first heap   total 49152K, used 39084K [0x0000000081600000, 0x0000000100000000)
  region size 1024K, 16 young (16384K), 3 survivors (3072K)
 Metaspace       used 54895K, committed 55360K, reserved 1097728K
  class space    used 7304K, committed 7552K, reserved 1048576K
}
Event: 35.320 GC heap after
{Heap after GC invocations=19 (full 0):
 garbage-first heap   total 49152K, used 26270K [0x0000000081600000, 0x0000000100000000)
  region size 1024K, 1 young (1024K), 1 survivors (1024K)
 Metaspace       used 54895K, committed 55360K, reserved 1097728K
  class space    used 7304K, committed 7552K, reserved 1048576K
}
Event: 47.440 GC heap before
{Heap before GC invocations=19 (full 0):
 garbage-first heap   total 49152K, used 38558K [0x0000000081600000, 0x0000000100000000)
  region size 1024K, 13 young (13312K), 1 survivors (1024K)
 Metaspace       used 54895K, committed 55360K, reserved 1097728K
  class space    used 7304K, committed 7552K, reserved 1048576K
}
Event: 47.442 GC heap after
{Heap after GC invocations=20 (full 0):
 garbage-first heap   total 49152K, used 25792K [0x0000000081600000, 0x0000000100000000)
  region size 1024K, 1 young (1024K), 1 survivors (1024K)
 Metaspace       used 54895K, committed 55360K, reserved 1097728K
  class space    used 7304K, committed 7552K, reserved 1048576K
}

Deoptimization events (20 events):
Event: 22.253 Thread 0x000002a93d89b560 Uncommon trap: trap_request=0xffffffde fr.pc=0x000002a92d1f7798 relative=0x0000000000000578
Event: 22.253 Thread 0x000002a93d89b560 Uncommon trap: reason=class_check action=maybe_recompile pc=0x000002a92d1f7798 method=org.springframework.util.ConcurrentReferenceHashMap$ReferenceManager.pollForPurge()Lorg/springframework/util/ConcurrentReferenceHashMap$Reference; @ 7 c2
Event: 22.253 Thread 0x000002a93d89b560 DEOPT PACKING pc=0x000002a92d1f7798 sp=0x000000c3e0efdf90
Event: 22.253 Thread 0x000002a93d89b560 DEOPT UNPACKING pc=0x000002a9257623a3 sp=0x000000c3e0efdf08 mode 2
Event: 22.253 Thread 0x000002a93d89b560 Uncommon trap: trap_request=0xffffffde fr.pc=0x000002a92d1f7798 relative=0x0000000000000578
Event: 22.253 Thread 0x000002a93d89b560 Uncommon trap: reason=class_check action=maybe_recompile pc=0x000002a92d1f7798 method=org.springframework.util.ConcurrentReferenceHashMap$ReferenceManager.pollForPurge()Lorg/springframework/util/ConcurrentReferenceHashMap$Reference; @ 7 c2
Event: 22.253 Thread 0x000002a93d89b560 DEOPT PACKING pc=0x000002a92d1f7798 sp=0x000000c3e0efdf90
Event: 22.253 Thread 0x000002a93d89b560 DEOPT UNPACKING pc=0x000002a9257623a3 sp=0x000000c3e0efdf08 mode 2
Event: 22.253 Thread 0x000002a93d89b560 Uncommon trap: trap_request=0xffffffde fr.pc=0x000002a92d1f7798 relative=0x0000000000000578
Event: 22.253 Thread 0x000002a93d89b560 Uncommon trap: reason=class_check action=maybe_recompile pc=0x000002a92d1f7798 method=org.springframework.util.ConcurrentReferenceHashMap$ReferenceManager.pollForPurge()Lorg/springframework/util/ConcurrentReferenceHashMap$Reference; @ 7 c2
Event: 22.253 Thread 0x000002a93d89b560 DEOPT PACKING pc=0x000002a92d1f7798 sp=0x000000c3e0efdf90
Event: 22.253 Thread 0x000002a93d89b560 DEOPT UNPACKING pc=0x000002a9257623a3 sp=0x000000c3e0efdf08 mode 2
Event: 22.253 Thread 0x000002a93d89b560 Uncommon trap: trap_request=0xffffffde fr.pc=0x000002a92d1f7798 relative=0x0000000000000578
Event: 22.253 Thread 0x000002a93d89b560 Uncommon trap: reason=class_check action=maybe_recompile pc=0x000002a92d1f7798 method=org.springframework.util.ConcurrentReferenceHashMap$ReferenceManager.pollForPurge()Lorg/springframework/util/ConcurrentReferenceHashMap$Reference; @ 7 c2
Event: 22.253 Thread 0x000002a93d89b560 DEOPT PACKING pc=0x000002a92d1f7798 sp=0x000000c3e0efdf90
Event: 22.253 Thread 0x000002a93d89b560 DEOPT UNPACKING pc=0x000002a9257623a3 sp=0x000000c3e0efdf08 mode 2
Event: 47.625 Thread 0x000002a93e2e4eb0 DEOPT PACKING pc=0x000002a926524231 sp=0x000000c3e17fe270
Event: 47.625 Thread 0x000002a93e2e4eb0 DEOPT UNPACKING pc=0x000002a925762b43 sp=0x000000c3e17fd728 mode 0
Event: 47.838 Thread 0x000002a93e2e4eb0 DEOPT PACKING pc=0x000002a925d1c0cb sp=0x000000c3e17fd300
Event: 47.838 Thread 0x000002a93e2e4eb0 DEOPT UNPACKING pc=0x000002a925762b43 sp=0x000000c3e17fc810 mode 0

Classes unloaded (0 events):
No events

Classes redefined (0 events):
No events

Internal exceptions (20 events):
Event: 20.326 Thread 0x000002a93d89b560 Exception <a 'java/lang/ClassNotFoundException'{0x0000000083c9fed8}: com/glsia/tp1/models/ClientCustomizer> (0x0000000083c9fed8) 
thrown [t:\workspace\open\src\hotspot\share\classfile\systemDictionary.cpp, line 256]
Event: 20.416 Thread 0x000002a93d89b560 Exception <a 'java/lang/ClassNotFoundException'{0x00000000838e4ef8}: java/lang/ObjectCustomizer> (0x00000000838e4ef8) 
thrown [t:\workspace\open\src\hotspot\share\classfile\systemDictionary.cpp, line 256]
Event: 20.417 Thread 0x000002a93d89b560 Exception <a 'java/lang/ClassNotFoundException'{0x00000000838ee4a0}: com/glsia/tp1/models/VenteCustomizer> (0x00000000838ee4a0) 
thrown [t:\workspace\open\src\hotspot\share\classfile\systemDictionary.cpp, line 256]
Event: 20.599 Thread 0x000002a93d89b560 Exception <a 'java/lang/ClassNotFoundException'{0x000000008526df48}: java/lang/ObjectCustomizer> (0x000000008526df48) 
thrown [t:\workspace\open\src\hotspot\share\classfile\systemDictionary.cpp, line 256]
Event: 20.600 Thread 0x000002a93d89b560 Exception <a 'java/lang/ClassNotFoundException'{0x00000000852762b0}: org/springframework/web/servlet/config/annotation/WebMvcConfigurationSupportCustomizer> (0x00000000852762b0) 
thrown [t:\workspace\open\src\hotspot\share\classfile\systemDictionary.cpp, line 256]
Event: 20.602 Thread 0x000002a93d89b560 Exception <a 'java/lang/ClassNotFoundException'{0x000000008528a9f8}: org/springframework/web/servlet/config/annotation/DelegatingWebMvcConfigurationCustomizer> (0x000000008528a9f8) 
thrown [t:\workspace\open\src\hotspot\share\classfile\systemDictionary.cpp, line 256]
Event: 20.606 Thread 0x000002a93d89b560 Exception <a 'java/lang/ClassNotFoundException'{0x0000000085294350}: org/springframework/boot/autoconfigure/web/servlet/WebMvcAutoConfiguration$EnableWebMvcConfigurationCustomizer> (0x0000000085294350) 
thrown [t:\workspace\open\src\hotspot\share\classfile\systemDictionary.cpp, line 256]
Event: 20.608 Thread 0x000002a93d89b560 Exception <a 'java/lang/ClassNotFoundException'{0x00000000852a8868}: org/springframework/context/ResourceLoaderAwareCustomizer> (0x00000000852a8868) 
thrown [t:\workspace\open\src\hotspot\share\classfile\systemDictionary.cpp, line 256]
Event: 20.609 Thread 0x000002a93d89b560 Exception <a 'java/lang/ClassNotFoundException'{0x00000000852ade08}: org/springframework/beans/factory/AwareCustomizer> (0x00000000852ade08) 
thrown [t:\workspace\open\src\hotspot\share\classfile\systemDictionary.cpp, line 256]
Event: 20.609 Thread 0x000002a93d89b560 Exception <a 'java/lang/ClassNotFoundException'{0x00000000852b2790}: org/springframework/context/ApplicationContextAwareCustomizer> (0x00000000852b2790) 
thrown [t:\workspace\open\src\hotspot\share\classfile\systemDictionary.cpp, line 256]
Event: 20.610 Thread 0x000002a93d89b560 Exception <a 'java/lang/ClassNotFoundException'{0x00000000852b8820}: org/springframework/beans/factory/AwareCustomizer> (0x00000000852b8820) 
thrown [t:\workspace\open\src\hotspot\share\classfile\systemDictionary.cpp, line 256]
Event: 20.610 Thread 0x000002a93d89b560 Exception <a 'java/lang/ClassNotFoundException'{0x00000000852bd180}: org/springframework/web/context/ServletContextAwareCustomizer> (0x00000000852bd180) 
thrown [t:\workspace\open\src\hotspot\share\classfile\systemDictionary.cpp, line 256]
Event: 20.611 Thread 0x000002a93d89b560 Exception <a 'java/lang/ClassNotFoundException'{0x00000000852c2b58}: org/springframework/beans/factory/AwareCustomizer> (0x00000000852c2b58) 
thrown [t:\workspace\open\src\hotspot\share\classfile\systemDictionary.cpp, line 256]
Event: 20.885 Thread 0x000002a93d89b560 Exception <a 'java/lang/NoSuchMethodError'{0x0000000083a05368}: 'void java.lang.invoke.DirectMethodHandle$Holder.invokeVirtual(java.lang.Object, java.lang.Object, int)'> (0x0000000083a05368) 
thrown [t:\workspace\open\src\hotspot\share\interpreter\linkResolver.cpp, line 766]
Event: 20.890 Thread 0x000002a93d89b560 Exception <a 'java/lang/NoSuchMethodError'{0x0000000083a1fd18}: 'void java.lang.invoke.DirectMethodHandle$Holder.invokeVirtual(java.lang.Object, java.lang.Object, long)'> (0x0000000083a1fd18) 
thrown [t:\workspace\open\src\hotspot\share\interpreter\linkResolver.cpp, line 766]
Event: 21.180 Thread 0x000002a93d89b560 Exception <a 'java/lang/IncompatibleClassChangeError'{0x00000000855010c0}: Found class java.lang.Object, but interface was expected> (0x00000000855010c0) 
thrown [t:\workspace\open\src\hotspot\share\interpreter\linkResolver.cpp, line 833]
Event: 21.861 Thread 0x000002a93d89b560 Exception <a 'java/lang/NoSuchMethodError'{0x0000000083b54808}: 'java.lang.Object java.lang.invoke.DirectMethodHandle$Holder.invokeSpecial(java.lang.Object, java.lang.Object, int, java.lang.Object, int, java.lang.Object)'> (0x0000000083b54808) 
thrown [t:\workspace\open\src\hotspot\share\interpreter\linkResolver.cpp, line 766]
Event: 21.862 Thread 0x000002a93d89b560 Exception <a 'java/lang/NoSuchMethodError'{0x0000000083b5c8b0}: 'java.lang.Object java.lang.invoke.DirectMethodHandle$Holder.newInvokeSpecial(java.lang.Object, java.lang.Object, int, java.lang.Object, int)'> (0x0000000083b5c8b0) 
thrown [t:\workspace\open\src\hotspot\share\interpreter\linkResolver.cpp, line 766]
Event: 21.863 Thread 0x000002a93d89b560 Exception <a 'java/lang/NoSuchMethodError'{0x0000000083b609b0}: 'java.lang.Object java.lang.invoke.DirectMethodHandle$Holder.invokeSpecial(java.lang.Object, java.lang.Object, java.lang.Object, int, java.lang.Object, int)'> (0x0000000083b609b0) 
thrown [t:\workspace\open\src\hotspot\share\interpreter\linkResolver.cpp, line 766]
Event: 21.865 Thread 0x000002a93d89b560 Exception <a 'java/lang/NoSuchMethodError'{0x0000000083b6a890}: 'void java.lang.invoke.DirectMethodHandle$Holder.invokeVirtual(java.lang.Object, java.lang.Object)'> (0x0000000083b6a890) 
thrown [t:\workspace\open\src\hotspot\share\interpreter\linkResolver.cpp, line 766]

VM Operations (20 events):
Event: 26.304 Executing VM operation: Cleanup
Event: 26.304 Executing VM operation: Cleanup done
Event: 35.314 Executing VM operation: G1CollectForAllocation
Event: 35.320 Executing VM operation: G1CollectForAllocation done
Event: 37.330 Executing VM operation: Cleanup
Event: 37.330 Executing VM operation: Cleanup done
Event: 47.440 Executing VM operation: G1CollectForAllocation
Event: 47.442 Executing VM operation: G1CollectForAllocation done
Event: 47.551 Executing VM operation: G1Concurrent
Event: 47.555 Executing VM operation: G1Concurrent done
Event: 47.601 Executing VM operation: G1Concurrent
Event: 47.601 Executing VM operation: G1Concurrent done
Event: 47.731 Executing VM operation: HandshakeAllThreads
Event: 47.731 Executing VM operation: HandshakeAllThreads done
Event: 47.818 Executing VM operation: HandshakeAllThreads
Event: 47.818 Executing VM operation: HandshakeAllThreads done
Event: 47.869 Executing VM operation: HandshakeAllThreads
Event: 47.869 Executing VM operation: HandshakeAllThreads done
Event: 47.874 Executing VM operation: HandshakeAllThreads
Event: 47.874 Executing VM operation: HandshakeAllThreads done

Events (20 events):
Event: 47.535 loading class sun/nio/ch/SocketChannelImpl$DefaultOptionsHolder done
Event: 47.540 loading class sun/nio/ch/SelectionKeyImpl
Event: 47.540 loading class java/nio/channels/spi/AbstractSelectionKey
Event: 47.540 loading class java/nio/channels/SelectionKey
Event: 47.540 loading class java/nio/channels/SelectionKey done
Event: 47.540 loading class java/nio/channels/spi/AbstractSelectionKey done
Event: 47.541 loading class sun/nio/ch/SelectionKeyImpl done
Event: 47.541 loading class java/lang/invoke/ConstantBootstraps
Event: 47.541 loading class java/lang/invoke/ConstantBootstraps done
Event: 47.644 loading class sun/nio/cs/ThreadLocalCoders
Event: 47.681 loading class sun/nio/cs/ThreadLocalCoders done
Event: 47.681 loading class sun/nio/cs/ThreadLocalCoders$1
Event: 47.682 loading class sun/nio/cs/ThreadLocalCoders$Cache
Event: 47.682 loading class sun/nio/cs/ThreadLocalCoders$Cache done
Event: 47.682 loading class sun/nio/cs/ThreadLocalCoders$1 done
Event: 47.682 loading class sun/nio/cs/ThreadLocalCoders$2
Event: 47.682 loading class sun/nio/cs/ThreadLocalCoders$2 done
Event: 47.903 Thread 0x000002a93d32e8e0 Thread added: 0x000002a93d32e8e0
Event: 47.995 loading class java/util/concurrent/locks/ReentrantReadWriteLock$FairSync
Event: 47.995 loading class java/util/concurrent/locks/ReentrantReadWriteLock$FairSync done


Dynamic libraries:
0x00007ff6197f0000 - 0x00007ff6197fe000 	C:\Users\winne\.jdks\openjdk-17.0.2\bin\java.exe
0x00007ffad4130000 - 0x00007ffad4325000 	C:\WINDOWS\SYSTEM32\ntdll.dll
0x00007ffaad160000 - 0x00007ffaad176000 	C:\Program Files\Avast Software\Avast\aswhook.dll
0x00007ffad3e10000 - 0x00007ffad3ece000 	C:\WINDOWS\System32\KERNEL32.DLL
0x00007ffad19f0000 - 0x00007ffad1cb8000 	C:\WINDOWS\System32\KERNELBASE.dll
0x00007ffad18f0000 - 0x00007ffad19f0000 	C:\WINDOWS\System32\ucrtbase.dll
0x00007ffac78f0000 - 0x00007ffac7908000 	C:\Users\winne\.jdks\openjdk-17.0.2\bin\jli.dll
0x00007ffad3240000 - 0x00007ffad33e0000 	C:\WINDOWS\System32\USER32.dll
0x00007ffad1850000 - 0x00007ffad1872000 	C:\WINDOWS\System32\win32u.dll
0x00007ffad3b90000 - 0x00007ffad3bba000 	C:\WINDOWS\System32\GDI32.dll
0x00007ffad1cc0000 - 0x00007ffad1dcb000 	C:\WINDOWS\System32\gdi32full.dll
0x00007ffad20c0000 - 0x00007ffad215d000 	C:\WINDOWS\System32\msvcp_win.dll
0x00007ffabaa60000 - 0x00007ffabacfa000 	C:\WINDOWS\WinSxS\amd64_microsoft.windows.common-controls_6595b64144ccf1df_6.0.19041.1110_none_60b5254171f9507e\COMCTL32.dll
0x00007ffad3d10000 - 0x00007ffad3dae000 	C:\WINDOWS\System32\msvcrt.dll
0x00007ffacbb50000 - 0x00007ffacbb6a000 	C:\Users\winne\.jdks\openjdk-17.0.2\bin\VCRUNTIME140.dll
0x00007ffad4060000 - 0x00007ffad4090000 	C:\WINDOWS\System32\IMM32.DLL
0x00007ffacd660000 - 0x00007ffacd66c000 	C:\Users\winne\.jdks\openjdk-17.0.2\bin\vcruntime140_1.dll
0x00007ffac6f80000 - 0x00007ffac700d000 	C:\Users\winne\.jdks\openjdk-17.0.2\bin\msvcp140.dll
0x00007ffa8f490000 - 0x00007ffa90051000 	C:\Users\winne\.jdks\openjdk-17.0.2\bin\server\jvm.dll
0x00007ffad3c60000 - 0x00007ffad3d0e000 	C:\WINDOWS\System32\ADVAPI32.dll
0x00007ffad3bc0000 - 0x00007ffad3c5c000 	C:\WINDOWS\System32\sechost.dll
0x00007ffad3930000 - 0x00007ffad3a55000 	C:\WINDOWS\System32\RPCRT4.dll
0x00007ffad2220000 - 0x00007ffad2228000 	C:\WINDOWS\System32\PSAPI.DLL
0x00007ffac52b0000 - 0x00007ffac52b9000 	C:\WINDOWS\SYSTEM32\WSOCK32.dll
0x00007ffaae100000 - 0x00007ffaae127000 	C:\WINDOWS\SYSTEM32\WINMM.dll
0x00007ffad3840000 - 0x00007ffad38ab000 	C:\WINDOWS\System32\WS2_32.dll
0x00007ffacb410000 - 0x00007ffacb41a000 	C:\WINDOWS\SYSTEM32\VERSION.dll
0x00007ffacf800000 - 0x00007ffacf812000 	C:\WINDOWS\SYSTEM32\kernel.appcore.dll
0x00007ffacd620000 - 0x00007ffacd62a000 	C:\Users\winne\.jdks\openjdk-17.0.2\bin\jimage.dll
0x000000005c770000 - 0x000000005c906000 	C:\Program Files\Microsoft SQL Server\130\Shared\DBGHELP.DLL
0x00007ffacd640000 - 0x00007ffacd64e000 	C:\Users\winne\.jdks\openjdk-17.0.2\bin\instrument.dll
0x00007ffac4eb0000 - 0x00007ffac4ed5000 	C:\Users\winne\.jdks\openjdk-17.0.2\bin\java.dll
0x00007ffaa6ce0000 - 0x00007ffaa6db6000 	C:\Users\winne\.jdks\openjdk-17.0.2\bin\jsvml.dll
0x00007ffad26d0000 - 0x00007ffad2e14000 	C:\WINDOWS\System32\SHELL32.dll
0x00007ffacf970000 - 0x00007ffad0104000 	C:\WINDOWS\SYSTEM32\windows.storage.dll
0x00007ffad2e80000 - 0x00007ffad31d4000 	C:\WINDOWS\System32\combase.dll
0x00007ffad12c0000 - 0x00007ffad12ec000 	C:\WINDOWS\SYSTEM32\Wldp.dll
0x00007ffad33e0000 - 0x00007ffad348d000 	C:\WINDOWS\System32\SHCORE.dll
0x00007ffad2e20000 - 0x00007ffad2e75000 	C:\WINDOWS\System32\shlwapi.dll
0x00007ffad1790000 - 0x00007ffad17af000 	C:\WINDOWS\SYSTEM32\profapi.dll
0x00007ffac4510000 - 0x00007ffac4528000 	C:\Users\winne\.jdks\openjdk-17.0.2\bin\zip.dll
0x00007ffac4e90000 - 0x00007ffac4ea9000 	C:\Users\winne\.jdks\openjdk-17.0.2\bin\net.dll
0x00007ffacb540000 - 0x00007ffacb64a000 	C:\WINDOWS\SYSTEM32\WINHTTP.dll
0x00007ffad1020000 - 0x00007ffad108a000 	C:\WINDOWS\system32\mswsock.dll
0x00007ffac4530000 - 0x00007ffac4546000 	C:\Users\winne\.jdks\openjdk-17.0.2\bin\nio.dll
0x00007ffabee50000 - 0x00007ffabee6a000 	C:\Users\winne\AppData\Local\JetBrains\Toolbox\apps\IDEA-C\ch-0\213.6777.52\bin\breakgen64.dll
0x00007ffacd630000 - 0x00007ffacd640000 	C:\Users\winne\.jdks\openjdk-17.0.2\bin\verify.dll
0x00007ffacc000000 - 0x00007ffacc009000 	C:\Users\winne\.jdks\openjdk-17.0.2\bin\management.dll
0x00007ffacbff0000 - 0x00007ffacbffb000 	C:\Users\winne\.jdks\openjdk-17.0.2\bin\management_ext.dll
0x00007ffabbde0000 - 0x00007ffabbdf7000 	C:\WINDOWS\system32\napinsp.dll
0x00007ffabb040000 - 0x00007ffabb05b000 	C:\WINDOWS\system32\pnrpnsp.dll
0x00007ffaba9f0000 - 0x00007ffabaa05000 	C:\WINDOWS\system32\wshbth.dll
0x00007ffacd420000 - 0x00007ffacd43d000 	C:\WINDOWS\system32\NLAapi.dll
0x00007ffad0ca0000 - 0x00007ffad0cdb000 	C:\WINDOWS\SYSTEM32\IPHLPAPI.DLL
0x00007ffad0ce0000 - 0x00007ffad0dab000 	C:\WINDOWS\SYSTEM32\DNSAPI.dll
0x00007ffad2250000 - 0x00007ffad2258000 	C:\WINDOWS\System32\NSI.dll
0x00007ffab8920000 - 0x00007ffab8932000 	C:\WINDOWS\System32\winrnr.dll
0x00007ffac9b70000 - 0x00007ffac9b7a000 	C:\Windows\System32\rasadhlp.dll
0x00007ffac81a0000 - 0x00007ffac821f000 	C:\WINDOWS\System32\fwpuclnt.dll
0x00007ffad2160000 - 0x00007ffad2187000 	C:\WINDOWS\System32\bcrypt.dll
0x00007ffad1220000 - 0x00007ffad1238000 	C:\WINDOWS\SYSTEM32\CRYPTSP.dll
0x00007ffad08d0000 - 0x00007ffad0904000 	C:\WINDOWS\system32\rsaenh.dll
0x00007ffad1750000 - 0x00007ffad177e000 	C:\WINDOWS\SYSTEM32\USERENV.dll
0x00007ffad1ed0000 - 0x00007ffad1f52000 	C:\WINDOWS\System32\bcryptprimitives.dll
0x00007ffad1210000 - 0x00007ffad121c000 	C:\WINDOWS\SYSTEM32\CRYPTBASE.dll
0x00007ffaca9d0000 - 0x00007ffaca9e7000 	C:\WINDOWS\SYSTEM32\dhcpcsvc6.DLL
0x00007ffacaaa0000 - 0x00007ffacaabd000 	C:\WINDOWS\SYSTEM32\dhcpcsvc.DLL
0x00007ffacbfc0000 - 0x00007ffacbfce000 	C:\Users\winne\.jdks\openjdk-17.0.2\bin\sunmscapi.dll
0x00007ffad1f60000 - 0x00007ffad20b6000 	C:\WINDOWS\System32\CRYPT32.dll
0x00007ffad1330000 - 0x00007ffad1357000 	C:\WINDOWS\SYSTEM32\ncrypt.dll
0x00007ffad12f0000 - 0x00007ffad132b000 	C:\WINDOWS\SYSTEM32\NTASN1.dll
0x00007ffacbfb0000 - 0x00007ffacbfb7000 	C:\WINDOWS\system32\wshunix.dll

dbghelp: loaded successfully - version: 4.0.5 - missing functions: none
symbol engine: initialized successfully - sym options: 0x614 - pdb path: .;C:\Users\winne\.jdks\openjdk-17.0.2\bin;C:\WINDOWS\SYSTEM32;C:\Program Files\Avast Software\Avast;C:\WINDOWS\WinSxS\amd64_microsoft.windows.common-controls_6595b64144ccf1df_6.0.19041.1110_none_60b5254171f9507e;C:\Users\winne\.jdks\openjdk-17.0.2\bin\server;C:\Program Files\Microsoft SQL Server\130\Shared;C:\Users\winne\AppData\Local\JetBrains\Toolbox\apps\IDEA-C\ch-0\213.6777.52\bin

VM Arguments:
jvm_args: -javaagent:C:\Users\winne\AppData\Local\JetBrains\Toolbox\apps\IDEA-C\ch-0\213.6777.52\lib\idea_rt.jar=52111:C:\Users\winne\AppData\Local\JetBrains\Toolbox\apps\IDEA-C\ch-0\213.6777.52\bin -Dfile.encoding=UTF-8 
java_command: com.glsia.tp1.Tp1Application
java_class_path (initial): D:\COURS L3 GLSI\SEMESTRE 6\INTEGRATION DES SI (JAVA WEB & GIT)\glsiA-3\target\classes;C:\Users\winne\.m2\repository\org\springframework\boot\spring-boot-starter-data-jpa\2.6.5\spring-boot-starter-data-jpa-2.6.5.jar;C:\Users\winne\.m2\repository\org\springframework\boot\spring-boot-starter-aop\2.6.5\spring-boot-starter-aop-2.6.5.jar;C:\Users\winne\.m2\repository\org\springframework\spring-aop\5.3.17\spring-aop-5.3.17.jar;C:\Users\winne\.m2\repository\org\aspectj\aspectjweaver\1.9.7\aspectjweaver-1.9.7.jar;C:\Users\winne\.m2\repository\org\springframework\boot\spring-boot-starter-jdbc\2.6.5\spring-boot-starter-jdbc-2.6.5.jar;C:\Users\winne\.m2\repository\com\zaxxer\HikariCP\4.0.3\HikariCP-4.0.3.jar;C:\Users\winne\.m2\repository\org\springframework\spring-jdbc\5.3.17\spring-jdbc-5.3.17.jar;C:\Users\winne\.m2\repository\jakarta\transaction\jakarta.transaction-api\1.3.3\jakarta.transaction-api-1.3.3.jar;C:\Users\winne\.m2\repository\jakarta\persistence\jakarta.persistence-api\2.2.3\jakarta.persistence-api-2.2.3.jar;C:\Users\winne\.m2\repository\org\hibernate\hibernate-core\5.6.7.Final\hibernate-core-5.6.7.Final.jar;C:\Users\winne\.m2\repository\org\jboss\logging\jboss-logging\3.4.3.Final\jboss-logging-3.4.3.Final.jar;C:\Users\winne\.m2\repository\net\bytebuddy\byte-buddy\1.11.22\byte-buddy-1.11.22.jar;C:\Users\winne\.m2\repository\antlr\antlr\2.7.7\antlr-2.7.7.jar;C:\Users\winne\.m2\repository\org\jboss\jandex\2.4.2.Final\jandex-2.4.2.Final.jar;C:\Users\winne\.m2\repository\com\fasterxml\classmate\1.5.1\classmate-1.5.1.jar;C:\Users\winne\.m2\repository\org\hibernate\common\hibernate-commons-annotations\5.1.2.Final\hibernate-commons-annotations-5.1.2.Final.jar;C:\Users\winne\.m2\repository\org\glassfish\jaxb\jaxb-runtime\2.3.6\jaxb-runtime-2.3.6.jar;C:\Users\winne\.m2\repository\org\glassfish\jaxb\txw2\2.3.6\txw2-2.3.6.jar;C:\Users\winne\.m2\repository\com\sun\istack\istack-commons-runtime\3.0.12\istack-commons-runtime-3.0.12.jar;C:\Users\win
Launcher Type: SUN_STANDARD

[Global flags]
     intx CICompilerCount                          = 3                                         {product} {ergonomic}
     uint ConcGCThreads                            = 1                                         {product} {ergonomic}
     uint G1ConcRefinementThreads                  = 4                                         {product} {ergonomic}
   size_t G1HeapRegionSize                         = 1048576                                   {product} {ergonomic}
    uintx GCDrainStackTargetSize                   = 64                                        {product} {ergonomic}
   size_t InitialHeapSize                          = 134217728                                 {product} {ergonomic}
   size_t MarkStackSize                            = 4194304                                   {product} {ergonomic}
   size_t MaxHeapSize                              = 2124414976                                {product} {ergonomic}
   size_t MaxNewSize                               = 1274019840                                {product} {ergonomic}
   size_t MinHeapDeltaBytes                        = 1048576                                   {product} {ergonomic}
   size_t MinHeapSize                              = 8388608                                   {product} {ergonomic}
    uintx NonNMethodCodeHeapSize                   = 5832780                                {pd product} {ergonomic}
    uintx NonProfiledCodeHeapSize                  = 122912730                              {pd product} {ergonomic}
    uintx ProfiledCodeHeapSize                     = 122912730                              {pd product} {ergonomic}
    uintx ReservedCodeCacheSize                    = 251658240                              {pd product} {ergonomic}
     bool SegmentedCodeCache                       = true                                      {product} {ergonomic}
   size_t SoftMaxHeapSize                          = 2124414976                             {manageable} {ergonomic}
     bool UseCompressedClassPointers               = true                           {product lp64_product} {ergonomic}
     bool UseCompressedOops                        = true                           {product lp64_product} {ergonomic}
     bool UseG1GC                                  = true                                      {product} {ergonomic}
     bool UseLargePagesIndividualAllocation        = false                                  {pd product} {ergonomic}

Logging:
Log output configuration:
 #0: stdout all=warning uptime,level,tags
 #1: stderr all=off uptime,level,tags

Environment Variables:
PATH=C:\WINDOWS\system32;C:\WINDOWS;C:\WINDOWS\System32\Wbem;C:\WINDOWS\System32\WindowsPowerShell\v1.0\;C:\WINDOWS\System32\OpenSSH\;C:\Program Files\Java\jdk-12\bin;C:\Program Files\Microsoft SQL Server\Client SDK\ODBC\130\Tools\Binn\;C:\Program Files\Microsoft SQL Server\130\Tools\Binn\;C:\Program Files\Microsoft SQL Server\Client SDK\ODBC\170\Tools\Binn\;C:\Program Files\dotnet\;C:\Program Files (x86)\Microsoft SQL Server\130\Tools\Binn\;C:\Program Files\Microsoft SQL Server\130\DTS\Binn\;C:\Program Files (x86)\Microsoft SQL Server\150\DTS\Binn\;C:\Program Files (x86)\dotnet\;C:\wamp64\bin\php\php7.3.33;C:\wamp64\bin\php\php8.1.0;C:\ProgramData\ComposerSetup\bin;C:\Program Files\Git\cmd;C:\Users\winne\AppData\Local\Programs\Python\Python36\Scripts\;C:\Users\winne\AppData\Local\Programs\Python\Python36\;C:\Users\winne\AppData\Local\Microsoft\WindowsApps;C:\Program Files\JetBrains\PyCharm Community Edition 2020.3.1\bin;;C:\Users\winne\AppData\Local\Programs\Microsoft VS Code\bin;C:\Users\winne\.dotnet\tools;C:\wamp\bin\mysql\mysql5.6.17;D:\COURS L3 GLSI\PLATEFORME ET OUTILS DE DEVELOPPEMENT\ZEPPLIN\zeppelin-0.10.0-bin-all\bin;C:\Users\winne\AppData\Roaming\Composer\vendor\bin
USERNAME=winne
OS=Windows_NT
PROCESSOR_IDENTIFIER=Intel64 Family 6 Model 58 Stepping 9, GenuineIntel



---------------  S Y S T E M  ---------------

OS:
 Windows 10 , 64 bit Build 19041 (10.0.19041.1645)
OS uptime: 0 days 0:48 hours

CPU: total 4 (initial active 4) (2 cores per cpu, 2 threads per core) family 6 model 58 stepping 9 microcode 0x21, cx8, cmov, fxsr, ht, mmx, sse, sse2, sse3, ssse3, sse4.1, sse4.2, popcnt, tsc, tscinvbit, avx, aes, erms, clmul, vzeroupper, clflush

Memory: 4k page, system-wide physical 8097M (1639M free)
TotalPageFile size 10005M (AvailPageFile size 5M)
current process WorkingSet (physical memory assigned to process): 195M, peak: 223M
current process commit charge ("private bytes"): 224M, peak: 268M

vm_info: OpenJDK 64-Bit Server VM (17.0.2+8-86) for windows-amd64 JRE (17.0.2+8-86), built on Dec  7 2021 21:49:10 by "mach5one" with MS VC++ 16.8 / 16.9 (VS2019)

END.
