#
# There is insufficient memory for the Java Runtime Environment to continue.
# Native memory allocation (malloc) failed to allocate 651568 bytes for Chunk::new
# Possible reasons:
#   The system is out of physical RAM or swap space
#   The process is running with CompressedOops enabled, and the Java Heap may be blocking the growth of the native heap
# Possible solutions:
#   Reduce memory load on the system
#   Increase physical memory or swap space
#   Check if swap backing store is full
#   Decrease Java heap size (-Xmx/-Xms)
#   Decrease number of Java threads
#   Decrease Java thread stack sizes (-Xss)
#   Set larger code cache with -XX:ReservedCodeCacheSize=
#   JVM is running with Unscaled Compressed Oops mode in which the Java heap is
#     placed in the first 4GB address space. The Java Heap base address is the
#     maximum limit for the native heap growth. Please use -XX:HeapBaseMinAddress
#     to set the Java Heap base and to place the Java Heap above 4GB virtual address.
# This output file may be truncated or incomplete.
#
#  Out of Memory Error (arena.cpp:189), pid=11352, tid=11760
#
# JRE version: OpenJDK Runtime Environment (17.0.2+8) (build 17.0.2+8-86)
# Java VM: OpenJDK 64-Bit Server VM (17.0.2+8-86, mixed mode, sharing, tiered, compressed oops, compressed class ptrs, g1 gc, windows-amd64)
# No core dump will be written. Minidumps are not enabled by default on client versions of Windows
#

---------------  S U M M A R Y ------------

Command Line: -javaagent:C:\Users\winne\AppData\Local\JetBrains\Toolbox\apps\IDEA-C\ch-0\213.6777.52\lib\idea_rt.jar=53766:C:\Users\winne\AppData\Local\JetBrains\Toolbox\apps\IDEA-C\ch-0\213.6777.52\bin -Dfile.encoding=UTF-8 com.glsia.tp1.Tp1Application

Host: Intel(R) Core(TM) i5-3320M CPU @ 2.60GHz, 4 cores, 7G,  Windows 10 , 64 bit Build 19041 (10.0.19041.1645)
Time: Fri Apr 29 03:13:52 2022 Greenwich elapsed time: 4.811641 seconds (0d 0h 0m 4s)

---------------  T H R E A D  ---------------

Current thread (0x000001b7cfb25b70):  JavaThread "C2 CompilerThread0" daemon [_thread_in_native, id=11760, stack(0x00000085ecd00000,0x00000085ece00000)]


Current CompileTask:
C2:   4811 2278       4       jdk.internal.module.SystemModuleFinders$SystemModuleReader::containsImageLocation (42 bytes)

Stack: [0x00000085ecd00000,0x00000085ece00000]
Native frames: (J=compiled Java code, j=interpreted, Vv=VM code, C=native code)
V  [jvm.dll+0x670baa]
V  [jvm.dll+0x7cfcb4]
V  [jvm.dll+0x7d145e]
V  [jvm.dll+0x7d1ac3]
V  [jvm.dll+0x242bc5]
V  [jvm.dll+0xaa57b]
V  [jvm.dll+0xaab0c]
V  [jvm.dll+0x35fd07]
V  [jvm.dll+0x1b9b68]
V  [jvm.dll+0x215de9]
V  [jvm.dll+0x2150b1]
V  [jvm.dll+0x1a1bbd]
V  [jvm.dll+0x224908]
V  [jvm.dll+0x222a6c]
V  [jvm.dll+0x7859bb]
V  [jvm.dll+0x77ff7a]
V  [jvm.dll+0x66fa35]
C  [ucrtbase.dll+0x21bb2]
C  [KERNEL32.DLL+0x17034]
C  [ntdll.dll+0x52651]


---------------  P R O C E S S  ---------------

Threads class SMR info:
_java_thread_list=0x000001b7d1eec460, length=16, elements={
0x000001b7b0383230, 0x000001b7cfb03bf0, 0x000001b7cfb07420, 0x000001b7cfb193c0,
0x000001b7cfb1be80, 0x000001b7cfb1cfd0, 0x000001b7cfb21620, 0x000001b7cfb25b70,
0x000001b7cfb2a620, 0x000001b7cfb8f360, 0x000001b7d059a3e0, 0x000001b7d0697110,
0x000001b7d06975e0, 0x000001b7d1115600, 0x000001b7d110e500, 0x000001b7d12d1230
}

Java Threads: ( => current thread )
  0x000001b7b0383230 JavaThread "main" [_thread_blocked, id=4896, stack(0x00000085ec000000,0x00000085ec100000)]
  0x000001b7cfb03bf0 JavaThread "Reference Handler" daemon [_thread_blocked, id=10856, stack(0x00000085ec700000,0x00000085ec800000)]
  0x000001b7cfb07420 JavaThread "Finalizer" daemon [_thread_blocked, id=9348, stack(0x00000085ec800000,0x00000085ec900000)]
  0x000001b7cfb193c0 JavaThread "Signal Dispatcher" daemon [_thread_blocked, id=11732, stack(0x00000085ec900000,0x00000085eca00000)]
  0x000001b7cfb1be80 JavaThread "Attach Listener" daemon [_thread_blocked, id=8240, stack(0x00000085eca00000,0x00000085ecb00000)]
  0x000001b7cfb1cfd0 JavaThread "Service Thread" daemon [_thread_blocked, id=9124, stack(0x00000085ecb00000,0x00000085ecc00000)]
  0x000001b7cfb21620 JavaThread "Monitor Deflation Thread" daemon [_thread_blocked, id=13016, stack(0x00000085ecc00000,0x00000085ecd00000)]
=>0x000001b7cfb25b70 JavaThread "C2 CompilerThread0" daemon [_thread_in_native, id=11760, stack(0x00000085ecd00000,0x00000085ece00000)]
  0x000001b7cfb2a620 JavaThread "C1 CompilerThread0" daemon [_thread_blocked, id=11016, stack(0x00000085ece00000,0x00000085ecf00000)]
  0x000001b7cfb8f360 JavaThread "Sweeper thread" daemon [_thread_blocked, id=8912, stack(0x00000085ecf00000,0x00000085ed000000)]
  0x000001b7d059a3e0 JavaThread "Common-Cleaner" daemon [_thread_blocked, id=6840, stack(0x00000085ed000000,0x00000085ed100000)]
  0x000001b7d0697110 JavaThread "Monitor Ctrl-Break" daemon [_thread_in_native, id=8416, stack(0x00000085ed200000,0x00000085ed300000)]
  0x000001b7d06975e0 JavaThread "Notification Thread" daemon [_thread_blocked, id=13032, stack(0x00000085ed300000,0x00000085ed400000)]
  0x000001b7d1115600 JavaThread "Thread-0" [_thread_blocked, id=11024, stack(0x00000085ed100000,0x00000085ed200000)]
  0x000001b7d110e500 JavaThread "restartedMain" [_thread_in_native, id=12252, stack(0x00000085ed900000,0x00000085eda00000)]
  0x000001b7d12d1230 JavaThread "C2 CompilerThread1" daemon [_thread_in_native, id=5536, stack(0x00000085eda00000,0x00000085edb00000)]

Other Threads:
  0x000001b7cfafd010 VMThread "VM Thread" [stack: 0x00000085ec600000,0x00000085ec700000] [id=1344]
  0x000001b7b01e5e80 WatcherThread [stack: 0x00000085ed400000,0x00000085ed500000] [id=7136]
  0x000001b7b01ea850 GCTaskThread "GC Thread#0" [stack: 0x00000085ec100000,0x00000085ec200000] [id=13380]
  0x000001b7d0c0c070 GCTaskThread "GC Thread#1" [stack: 0x00000085ed500000,0x00000085ed600000] [id=7648]
  0x000001b7d12a0c40 GCTaskThread "GC Thread#2" [stack: 0x00000085ed600000,0x00000085ed700000] [id=8396]
  0x000001b7d10e59f0 GCTaskThread "GC Thread#3" [stack: 0x00000085ed700000,0x00000085ed800000] [id=12464]
  0x000001b7b03d2c60 ConcurrentGCThread "G1 Main Marker" [stack: 0x00000085ec200000,0x00000085ec300000] [id=5276]
  0x000001b7b01ecf80 ConcurrentGCThread "G1 Conc#0" [stack: 0x00000085ec300000,0x00000085ec400000] [id=11368]
  0x000001b7b0447020 ConcurrentGCThread "G1 Refine#0" [stack: 0x00000085ec400000,0x00000085ec500000] [id=13836]
  0x000001b7d10eb160 ConcurrentGCThread "G1 Refine#1" [stack: 0x00000085ed800000,0x00000085ed900000] [id=10112]
  0x000001b7b0447a40 ConcurrentGCThread "G1 Service" [stack: 0x00000085ec500000,0x00000085ec600000] [id=6872]

Threads with active compile tasks:
C2 CompilerThread0     4925 2278       4       jdk.internal.module.SystemModuleFinders$SystemModuleReader::containsImageLocation (42 bytes)
C1 CompilerThread0     4925 2417       3       org.springframework.boot.autoconfigure.condition.FilteringSpringBootCondition::match (119 bytes)
C2 CompilerThread1     4925 2288       4       jdk.internal.jimage.BasicImageReader::verifyLocation (39 bytes)

VM state: not at safepoint (normal execution)

VM Mutex/Monitor currently owned by a thread: None

Heap address: 0x0000000081600000, size: 2026 MB, Compressed Oops mode: 32-bit

CDS archive(s) mapped at: [0x0000000800000000-0x0000000800bc0000-0x0000000800bc0000), size 12320768, SharedBaseAddress: 0x0000000800000000, ArchiveRelocationMode: 0.
Compressed class space mapped at: 0x0000000800c00000-0x0000000840c00000, reserved size: 1073741824
Narrow klass base: 0x0000000800000000, Narrow klass shift: 0, Narrow klass range: 0x100000000

GC Precious Log:
 CPUs: 4 total, 4 available
 Memory: 8097M
 Large Page Support: Disabled
 NUMA Support: Disabled
 Compressed Oops: Enabled (32-bit)
 Heap Region Size: 1M
 Heap Min Capacity: 8M
 Heap Initial Capacity: 128M
 Heap Max Capacity: 2026M
 Pre-touch: Disabled
 Parallel Workers: 4
 Concurrent Workers: 1
 Concurrent Refinement Workers: 4
 Periodic GC: Disabled

Heap:
 garbage-first heap   total 131072K, used 43770K [0x0000000081600000, 0x0000000100000000)
  region size 1024K, 38 young (38912K), 3 survivors (3072K)
 Metaspace       used 17049K, committed 17344K, reserved 1064960K
  class space    used 2070K, committed 2176K, reserved 1048576K

Heap Regions: E=young(eden), S=young(survivor), O=old, HS=humongous(starts), HC=humongous(continues), CS=collection set, F=free, OA=open archive, CA=closed archive, TAMS=top-at-mark-start (previous, next)
|   0|0x0000000081600000, 0x0000000081700000, 0x0000000081700000|100%|HS|  |TAMS 0x0000000081600000, 0x0000000081600000| Complete 
|   1|0x0000000081700000, 0x0000000081800000, 0x0000000081800000|100%| O|  |TAMS 0x0000000081700000, 0x0000000081700000| Untracked 
|   2|0x0000000081800000, 0x0000000081900000, 0x0000000081900000|100%| O|  |TAMS 0x0000000081800000, 0x0000000081800000| Untracked 
|   3|0x0000000081900000, 0x0000000081a00000, 0x0000000081a00000|100%| O|  |TAMS 0x0000000081900000, 0x0000000081900000| Untracked 
|   4|0x0000000081a00000, 0x0000000081b00000, 0x0000000081b00000|100%| O|  |TAMS 0x0000000081a00000, 0x0000000081a00000| Untracked 
|   5|0x0000000081b00000, 0x0000000081c00000, 0x0000000081c00000|100%| O|  |TAMS 0x0000000081b00000, 0x0000000081b00000| Untracked 
|   6|0x0000000081c00000, 0x0000000081cb1a00, 0x0000000081d00000| 69%| O|  |TAMS 0x0000000081c00000, 0x0000000081c00000| Untracked 
|   7|0x0000000081d00000, 0x0000000081d00000, 0x0000000081e00000|  0%| F|  |TAMS 0x0000000081d00000, 0x0000000081d00000| Untracked 
|   8|0x0000000081e00000, 0x0000000081e00000, 0x0000000081f00000|  0%| F|  |TAMS 0x0000000081e00000, 0x0000000081e00000| Untracked 
|   9|0x0000000081f00000, 0x0000000081f00000, 0x0000000082000000|  0%| F|  |TAMS 0x0000000081f00000, 0x0000000081f00000| Untracked 
|  10|0x0000000082000000, 0x0000000082000000, 0x0000000082100000|  0%| F|  |TAMS 0x0000000082000000, 0x0000000082000000| Untracked 
|  11|0x0000000082100000, 0x0000000082100000, 0x0000000082200000|  0%| F|  |TAMS 0x0000000082100000, 0x0000000082100000| Untracked 
|  12|0x0000000082200000, 0x0000000082200000, 0x0000000082300000|  0%| F|  |TAMS 0x0000000082200000, 0x0000000082200000| Untracked 
|  13|0x0000000082300000, 0x0000000082300000, 0x0000000082400000|  0%| F|  |TAMS 0x0000000082300000, 0x0000000082300000| Untracked 
|  14|0x0000000082400000, 0x0000000082400000, 0x0000000082500000|  0%| F|  |TAMS 0x0000000082400000, 0x0000000082400000| Untracked 
|  15|0x0000000082500000, 0x0000000082500000, 0x0000000082600000|  0%| F|  |TAMS 0x0000000082500000, 0x0000000082500000| Untracked 
|  16|0x0000000082600000, 0x0000000082600000, 0x0000000082700000|  0%| F|  |TAMS 0x0000000082600000, 0x0000000082600000| Untracked 
|  17|0x0000000082700000, 0x0000000082700000, 0x0000000082800000|  0%| F|  |TAMS 0x0000000082700000, 0x0000000082700000| Untracked 
|  18|0x0000000082800000, 0x0000000082800000, 0x0000000082900000|  0%| F|  |TAMS 0x0000000082800000, 0x0000000082800000| Untracked 
|  19|0x0000000082900000, 0x0000000082900000, 0x0000000082a00000|  0%| F|  |TAMS 0x0000000082900000, 0x0000000082900000| Untracked 
|  20|0x0000000082a00000, 0x0000000082a00000, 0x0000000082b00000|  0%| F|  |TAMS 0x0000000082a00000, 0x0000000082a00000| Untracked 
|  21|0x0000000082b00000, 0x0000000082b00000, 0x0000000082c00000|  0%| F|  |TAMS 0x0000000082b00000, 0x0000000082b00000| Untracked 
|  22|0x0000000082c00000, 0x0000000082c00000, 0x0000000082d00000|  0%| F|  |TAMS 0x0000000082c00000, 0x0000000082c00000| Untracked 
|  23|0x0000000082d00000, 0x0000000082d00000, 0x0000000082e00000|  0%| F|  |TAMS 0x0000000082d00000, 0x0000000082d00000| Untracked 
|  24|0x0000000082e00000, 0x0000000082e00000, 0x0000000082f00000|  0%| F|  |TAMS 0x0000000082e00000, 0x0000000082e00000| Untracked 
|  25|0x0000000082f00000, 0x0000000082f00000, 0x0000000083000000|  0%| F|  |TAMS 0x0000000082f00000, 0x0000000082f00000| Untracked 
|  26|0x0000000083000000, 0x0000000083000000, 0x0000000083100000|  0%| F|  |TAMS 0x0000000083000000, 0x0000000083000000| Untracked 
|  27|0x0000000083100000, 0x0000000083100000, 0x0000000083200000|  0%| F|  |TAMS 0x0000000083100000, 0x0000000083100000| Untracked 
|  28|0x0000000083200000, 0x0000000083200000, 0x0000000083300000|  0%| F|  |TAMS 0x0000000083200000, 0x0000000083200000| Untracked 
|  29|0x0000000083300000, 0x0000000083300000, 0x0000000083400000|  0%| F|  |TAMS 0x0000000083300000, 0x0000000083300000| Untracked 
|  30|0x0000000083400000, 0x0000000083400000, 0x0000000083500000|  0%| F|  |TAMS 0x0000000083400000, 0x0000000083400000| Untracked 
|  31|0x0000000083500000, 0x0000000083500000, 0x0000000083600000|  0%| F|  |TAMS 0x0000000083500000, 0x0000000083500000| Untracked 
|  32|0x0000000083600000, 0x0000000083600000, 0x0000000083700000|  0%| F|  |TAMS 0x0000000083600000, 0x0000000083600000| Untracked 
|  33|0x0000000083700000, 0x0000000083700000, 0x0000000083800000|  0%| F|  |TAMS 0x0000000083700000, 0x0000000083700000| Untracked 
|  34|0x0000000083800000, 0x0000000083800000, 0x0000000083900000|  0%| F|  |TAMS 0x0000000083800000, 0x0000000083800000| Untracked 
|  35|0x0000000083900000, 0x0000000083900000, 0x0000000083a00000|  0%| F|  |TAMS 0x0000000083900000, 0x0000000083900000| Untracked 
|  36|0x0000000083a00000, 0x0000000083a00000, 0x0000000083b00000|  0%| F|  |TAMS 0x0000000083a00000, 0x0000000083a00000| Untracked 
|  37|0x0000000083b00000, 0x0000000083b00000, 0x0000000083c00000|  0%| F|  |TAMS 0x0000000083b00000, 0x0000000083b00000| Untracked 
|  38|0x0000000083c00000, 0x0000000083c00000, 0x0000000083d00000|  0%| F|  |TAMS 0x0000000083c00000, 0x0000000083c00000| Untracked 
|  39|0x0000000083d00000, 0x0000000083d00000, 0x0000000083e00000|  0%| F|  |TAMS 0x0000000083d00000, 0x0000000083d00000| Untracked 
|  40|0x0000000083e00000, 0x0000000083e00000, 0x0000000083f00000|  0%| F|  |TAMS 0x0000000083e00000, 0x0000000083e00000| Untracked 
|  41|0x0000000083f00000, 0x0000000083f00000, 0x0000000084000000|  0%| F|  |TAMS 0x0000000083f00000, 0x0000000083f00000| Untracked 
|  42|0x0000000084000000, 0x0000000084000000, 0x0000000084100000|  0%| F|  |TAMS 0x0000000084000000, 0x0000000084000000| Untracked 
|  43|0x0000000084100000, 0x0000000084100000, 0x0000000084200000|  0%| F|  |TAMS 0x0000000084100000, 0x0000000084100000| Untracked 
|  44|0x0000000084200000, 0x0000000084200000, 0x0000000084300000|  0%| F|  |TAMS 0x0000000084200000, 0x0000000084200000| Untracked 
|  45|0x0000000084300000, 0x0000000084300000, 0x0000000084400000|  0%| F|  |TAMS 0x0000000084300000, 0x0000000084300000| Untracked 
|  46|0x0000000084400000, 0x0000000084400000, 0x0000000084500000|  0%| F|  |TAMS 0x0000000084400000, 0x0000000084400000| Untracked 
|  47|0x0000000084500000, 0x0000000084500000, 0x0000000084600000|  0%| F|  |TAMS 0x0000000084500000, 0x0000000084500000| Untracked 
|  48|0x0000000084600000, 0x0000000084600000, 0x0000000084700000|  0%| F|  |TAMS 0x0000000084600000, 0x0000000084600000| Untracked 
|  49|0x0000000084700000, 0x0000000084700000, 0x0000000084800000|  0%| F|  |TAMS 0x0000000084700000, 0x0000000084700000| Untracked 
|  50|0x0000000084800000, 0x0000000084800000, 0x0000000084900000|  0%| F|  |TAMS 0x0000000084800000, 0x0000000084800000| Untracked 
|  51|0x0000000084900000, 0x0000000084900000, 0x0000000084a00000|  0%| F|  |TAMS 0x0000000084900000, 0x0000000084900000| Untracked 
|  52|0x0000000084a00000, 0x0000000084a00000, 0x0000000084b00000|  0%| F|  |TAMS 0x0000000084a00000, 0x0000000084a00000| Untracked 
|  53|0x0000000084b00000, 0x0000000084b00000, 0x0000000084c00000|  0%| F|  |TAMS 0x0000000084b00000, 0x0000000084b00000| Untracked 
|  54|0x0000000084c00000, 0x0000000084c00000, 0x0000000084d00000|  0%| F|  |TAMS 0x0000000084c00000, 0x0000000084c00000| Untracked 
|  55|0x0000000084d00000, 0x0000000084d00000, 0x0000000084e00000|  0%| F|  |TAMS 0x0000000084d00000, 0x0000000084d00000| Untracked 
|  56|0x0000000084e00000, 0x0000000084e00000, 0x0000000084f00000|  0%| F|  |TAMS 0x0000000084e00000, 0x0000000084e00000| Untracked 
|  57|0x0000000084f00000, 0x0000000084f00000, 0x0000000085000000|  0%| F|  |TAMS 0x0000000084f00000, 0x0000000084f00000| Untracked 
|  58|0x0000000085000000, 0x0000000085000000, 0x0000000085100000|  0%| F|  |TAMS 0x0000000085000000, 0x0000000085000000| Untracked 
|  59|0x0000000085100000, 0x0000000085100000, 0x0000000085200000|  0%| F|  |TAMS 0x0000000085100000, 0x0000000085100000| Untracked 
|  60|0x0000000085200000, 0x0000000085200000, 0x0000000085300000|  0%| F|  |TAMS 0x0000000085200000, 0x0000000085200000| Untracked 
|  61|0x0000000085300000, 0x0000000085300000, 0x0000000085400000|  0%| F|  |TAMS 0x0000000085300000, 0x0000000085300000| Untracked 
|  62|0x0000000085400000, 0x0000000085400000, 0x0000000085500000|  0%| F|  |TAMS 0x0000000085400000, 0x0000000085400000| Untracked 
|  63|0x0000000085500000, 0x0000000085500000, 0x0000000085600000|  0%| F|  |TAMS 0x0000000085500000, 0x0000000085500000| Untracked 
|  64|0x0000000085600000, 0x0000000085600000, 0x0000000085700000|  0%| F|  |TAMS 0x0000000085600000, 0x0000000085600000| Untracked 
|  65|0x0000000085700000, 0x0000000085700000, 0x0000000085800000|  0%| F|  |TAMS 0x0000000085700000, 0x0000000085700000| Untracked 
|  66|0x0000000085800000, 0x0000000085800000, 0x0000000085900000|  0%| F|  |TAMS 0x0000000085800000, 0x0000000085800000| Untracked 
|  67|0x0000000085900000, 0x0000000085900000, 0x0000000085a00000|  0%| F|  |TAMS 0x0000000085900000, 0x0000000085900000| Untracked 
|  68|0x0000000085a00000, 0x0000000085a00000, 0x0000000085b00000|  0%| F|  |TAMS 0x0000000085a00000, 0x0000000085a00000| Untracked 
|  69|0x0000000085b00000, 0x0000000085b00000, 0x0000000085c00000|  0%| F|  |TAMS 0x0000000085b00000, 0x0000000085b00000| Untracked 
|  70|0x0000000085c00000, 0x0000000085c00000, 0x0000000085d00000|  0%| F|  |TAMS 0x0000000085c00000, 0x0000000085c00000| Untracked 
|  71|0x0000000085d00000, 0x0000000085d00000, 0x0000000085e00000|  0%| F|  |TAMS 0x0000000085d00000, 0x0000000085d00000| Untracked 
|  72|0x0000000085e00000, 0x0000000085e00000, 0x0000000085f00000|  0%| F|  |TAMS 0x0000000085e00000, 0x0000000085e00000| Untracked 
|  73|0x0000000085f00000, 0x0000000085f00000, 0x0000000086000000|  0%| F|  |TAMS 0x0000000085f00000, 0x0000000085f00000| Untracked 
|  74|0x0000000086000000, 0x0000000086000000, 0x0000000086100000|  0%| F|  |TAMS 0x0000000086000000, 0x0000000086000000| Untracked 
|  75|0x0000000086100000, 0x0000000086100000, 0x0000000086200000|  0%| F|  |TAMS 0x0000000086100000, 0x0000000086100000| Untracked 
|  76|0x0000000086200000, 0x0000000086200000, 0x0000000086300000|  0%| F|  |TAMS 0x0000000086200000, 0x0000000086200000| Untracked 
|  77|0x0000000086300000, 0x0000000086300000, 0x0000000086400000|  0%| F|  |TAMS 0x0000000086300000, 0x0000000086300000| Untracked 
|  78|0x0000000086400000, 0x0000000086400000, 0x0000000086500000|  0%| F|  |TAMS 0x0000000086400000, 0x0000000086400000| Untracked 
|  79|0x0000000086500000, 0x0000000086500000, 0x0000000086600000|  0%| F|  |TAMS 0x0000000086500000, 0x0000000086500000| Untracked 
|  80|0x0000000086600000, 0x0000000086600000, 0x0000000086700000|  0%| F|  |TAMS 0x0000000086600000, 0x0000000086600000| Untracked 
|  81|0x0000000086700000, 0x0000000086700000, 0x0000000086800000|  0%| F|  |TAMS 0x0000000086700000, 0x0000000086700000| Untracked 
|  82|0x0000000086800000, 0x0000000086800000, 0x0000000086900000|  0%| F|  |TAMS 0x0000000086800000, 0x0000000086800000| Untracked 
|  83|0x0000000086900000, 0x0000000086900000, 0x0000000086a00000|  0%| F|  |TAMS 0x0000000086900000, 0x0000000086900000| Untracked 
|  84|0x0000000086a00000, 0x0000000086a00000, 0x0000000086b00000|  0%| F|  |TAMS 0x0000000086a00000, 0x0000000086a00000| Untracked 
|  85|0x0000000086b00000, 0x0000000086b00000, 0x0000000086c00000|  0%| F|  |TAMS 0x0000000086b00000, 0x0000000086b00000| Untracked 
|  86|0x0000000086c00000, 0x0000000086c00000, 0x0000000086d00000|  0%| F|  |TAMS 0x0000000086c00000, 0x0000000086c00000| Untracked 
|  87|0x0000000086d00000, 0x0000000086d00000, 0x0000000086e00000|  0%| F|  |TAMS 0x0000000086d00000, 0x0000000086d00000| Untracked 
|  88|0x0000000086e00000, 0x0000000086e00000, 0x0000000086f00000|  0%| F|  |TAMS 0x0000000086e00000, 0x0000000086e00000| Untracked 
|  89|0x0000000086f00000, 0x0000000086f00000, 0x0000000087000000|  0%| F|  |TAMS 0x0000000086f00000, 0x0000000086f00000| Untracked 
|  90|0x0000000087000000, 0x0000000087080800, 0x0000000087100000| 50%| E|  |TAMS 0x0000000087000000, 0x0000000087000000| Complete 
|  91|0x0000000087100000, 0x0000000087200000, 0x0000000087200000|100%| E|CS|TAMS 0x0000000087100000, 0x0000000087100000| Complete 
|  92|0x0000000087200000, 0x0000000087300000, 0x0000000087300000|100%| E|CS|TAMS 0x0000000087200000, 0x0000000087200000| Complete 
|  93|0x0000000087300000, 0x0000000087400000, 0x0000000087400000|100%| E|CS|TAMS 0x0000000087300000, 0x0000000087300000| Complete 
|  94|0x0000000087400000, 0x0000000087500000, 0x0000000087500000|100%| E|CS|TAMS 0x0000000087400000, 0x0000000087400000| Complete 
|  95|0x0000000087500000, 0x0000000087600000, 0x0000000087600000|100%| E|CS|TAMS 0x0000000087500000, 0x0000000087500000| Complete 
|  96|0x0000000087600000, 0x0000000087700000, 0x0000000087700000|100%| E|CS|TAMS 0x0000000087600000, 0x0000000087600000| Complete 
|  97|0x0000000087700000, 0x0000000087800000, 0x0000000087800000|100%| E|CS|TAMS 0x0000000087700000, 0x0000000087700000| Complete 
|  98|0x0000000087800000, 0x0000000087900000, 0x0000000087900000|100%| E|CS|TAMS 0x0000000087800000, 0x0000000087800000| Complete 
|  99|0x0000000087900000, 0x0000000087a00000, 0x0000000087a00000|100%| E|CS|TAMS 0x0000000087900000, 0x0000000087900000| Complete 
| 100|0x0000000087a00000, 0x0000000087b00000, 0x0000000087b00000|100%| E|CS|TAMS 0x0000000087a00000, 0x0000000087a00000| Complete 
| 101|0x0000000087b00000, 0x0000000087b0d060, 0x0000000087c00000|  5%| S|CS|TAMS 0x0000000087b00000, 0x0000000087b00000| Complete 
| 102|0x0000000087c00000, 0x0000000087d00000, 0x0000000087d00000|100%| S|CS|TAMS 0x0000000087c00000, 0x0000000087c00000| Complete 
| 103|0x0000000087d00000, 0x0000000087e00000, 0x0000000087e00000|100%| S|CS|TAMS 0x0000000087d00000, 0x0000000087d00000| Complete 
| 104|0x0000000087e00000, 0x0000000087f00000, 0x0000000087f00000|100%| E|CS|TAMS 0x0000000087e00000, 0x0000000087e00000| Complete 
| 105|0x0000000087f00000, 0x0000000088000000, 0x0000000088000000|100%| E|CS|TAMS 0x0000000087f00000, 0x0000000087f00000| Complete 
| 106|0x0000000088000000, 0x0000000088100000, 0x0000000088100000|100%| E|CS|TAMS 0x0000000088000000, 0x0000000088000000| Complete 
| 107|0x0000000088100000, 0x0000000088200000, 0x0000000088200000|100%| E|CS|TAMS 0x0000000088100000, 0x0000000088100000| Complete 
| 108|0x0000000088200000, 0x0000000088300000, 0x0000000088300000|100%| E|CS|TAMS 0x0000000088200000, 0x0000000088200000| Complete 
| 109|0x0000000088300000, 0x0000000088400000, 0x0000000088400000|100%| E|CS|TAMS 0x0000000088300000, 0x0000000088300000| Complete 
| 110|0x0000000088400000, 0x0000000088500000, 0x0000000088500000|100%| E|CS|TAMS 0x0000000088400000, 0x0000000088400000| Complete 
| 111|0x0000000088500000, 0x0000000088600000, 0x0000000088600000|100%| E|CS|TAMS 0x0000000088500000, 0x0000000088500000| Complete 
| 112|0x0000000088600000, 0x0000000088700000, 0x0000000088700000|100%| E|CS|TAMS 0x0000000088600000, 0x0000000088600000| Complete 
| 113|0x0000000088700000, 0x0000000088800000, 0x0000000088800000|100%| E|CS|TAMS 0x0000000088700000, 0x0000000088700000| Complete 
| 114|0x0000000088800000, 0x0000000088900000, 0x0000000088900000|100%| E|CS|TAMS 0x0000000088800000, 0x0000000088800000| Complete 
| 115|0x0000000088900000, 0x0000000088a00000, 0x0000000088a00000|100%| E|CS|TAMS 0x0000000088900000, 0x0000000088900000| Complete 
| 116|0x0000000088a00000, 0x0000000088b00000, 0x0000000088b00000|100%| E|CS|TAMS 0x0000000088a00000, 0x0000000088a00000| Complete 
| 117|0x0000000088b00000, 0x0000000088c00000, 0x0000000088c00000|100%| E|CS|TAMS 0x0000000088b00000, 0x0000000088b00000| Complete 
| 118|0x0000000088c00000, 0x0000000088d00000, 0x0000000088d00000|100%| E|CS|TAMS 0x0000000088c00000, 0x0000000088c00000| Complete 
| 119|0x0000000088d00000, 0x0000000088e00000, 0x0000000088e00000|100%| E|CS|TAMS 0x0000000088d00000, 0x0000000088d00000| Complete 
| 120|0x0000000088e00000, 0x0000000088f00000, 0x0000000088f00000|100%| E|CS|TAMS 0x0000000088e00000, 0x0000000088e00000| Complete 
| 121|0x0000000088f00000, 0x0000000089000000, 0x0000000089000000|100%| E|CS|TAMS 0x0000000088f00000, 0x0000000088f00000| Complete 
| 122|0x0000000089000000, 0x0000000089100000, 0x0000000089100000|100%| E|CS|TAMS 0x0000000089000000, 0x0000000089000000| Complete 
| 123|0x0000000089100000, 0x0000000089200000, 0x0000000089200000|100%| E|CS|TAMS 0x0000000089100000, 0x0000000089100000| Complete 
| 124|0x0000000089200000, 0x0000000089300000, 0x0000000089300000|100%| E|CS|TAMS 0x0000000089200000, 0x0000000089200000| Complete 
| 125|0x0000000089300000, 0x0000000089400000, 0x0000000089400000|100%| E|CS|TAMS 0x0000000089300000, 0x0000000089300000| Complete 
| 126|0x0000000089400000, 0x0000000089500000, 0x0000000089500000|100%| E|CS|TAMS 0x0000000089400000, 0x0000000089400000| Complete 
| 127|0x0000000089500000, 0x0000000089600000, 0x0000000089600000|100%| E|CS|TAMS 0x0000000089500000, 0x0000000089500000| Complete 

Card table byte_map: [0x000001b7c8dd0000,0x000001b7c91d0000] _byte_map_base: 0x000001b7c89c5000

Marking Bits (Prev, Next): (CMBitMap*) 0x000001b7b01eae60, (CMBitMap*) 0x000001b7b01eaea0
 Prev Bits: [0x000001b7c95d0000, 0x000001b7cb578000)
 Next Bits: [0x000001b7cb580000, 0x000001b7cd528000)

Polling page: 0x000001b7b9370000

Metaspace:

Usage:
  Non-class:     14.64 MB used.
      Class:      2.02 MB used.
       Both:     16.66 MB used.

Virtual space:
  Non-class space:       16.00 MB reserved,      14.81 MB ( 93%) committed,  2 nodes.
      Class space:        1.00 GB reserved,       2.12 MB ( <1%) committed,  1 nodes.
             Both:        1.02 GB reserved,      16.94 MB (  2%) committed. 

Chunk freelists:
   Non-Class:  605.00 KB
       Class:  1.86 MB
        Both:  2.45 MB

MaxMetaspaceSize: unlimited
CompressedClassSpaceSize: 1.00 GB
Initial GC threshold: 21.00 MB
Current GC threshold: 21.00 MB
CDS: on
MetaspaceReclaimPolicy: balanced
 - commit_granule_bytes: 65536.
 - commit_granule_words: 8192.
 - virtual_space_node_default_size: 1048576.
 - enlarge_chunks_in_place: 1.
 - new_chunks_are_fully_committed: 0.
 - uncommit_free_chunks: 1.
 - use_allocation_guard: 0.
 - handle_deallocations: 1.


Internal statistics:

num_allocs_failed_limit: 0.
num_arena_births: 200.
num_arena_deaths: 0.
num_vsnodes_births: 3.
num_vsnodes_deaths: 0.
num_space_committed: 271.
num_space_uncommitted: 0.
num_chunks_returned_to_freelist: 0.
num_chunks_taken_from_freelist: 740.
num_chunk_merges: 0.
num_chunk_splits: 513.
num_chunks_enlarged: 403.
num_purges: 0.
num_inconsistent_stats: 0.

CodeHeap 'non-profiled nmethods': size=120000Kb used=977Kb max_used=977Kb free=119022Kb
 bounds [0x000001b7c0e60000, 0x000001b7c10d0000, 0x000001b7c8390000]
CodeHeap 'profiled nmethods': size=120000Kb used=4775Kb max_used=4775Kb free=115224Kb
 bounds [0x000001b7b9930000, 0x000001b7b9de0000, 0x000001b7c0e60000]
CodeHeap 'non-nmethods': size=5760Kb used=1170Kb max_used=1218Kb free=4590Kb
 bounds [0x000001b7b9390000, 0x000001b7b9600000, 0x000001b7b9930000]
 total_blobs=2883 nmethods=2419 adapters=376
 compilation: enabled
              stopped_count=0, restarted_count=0
 full_count=0

Compilation events (20 events):
Event: 4.790 Thread 0x000001b7cfb2a620 2347       3       org.springframework.beans.factory.support.DefaultSingletonBeanRegistry::containsSingleton (11 bytes)
Event: 4.790 Thread 0x000001b7cfb2a620 nmethod 2347 0x000001b7b9da2e10 code [0x000001b7b9da2fc0, 0x000001b7b9da3188]
Event: 4.791 Thread 0x000001b7cfb2a620 2348       3       org.springframework.core.type.classreading.SimpleAnnotationMetadataReadingVisitor::visitAnnotation (28 bytes)
Event: 4.792 Thread 0x000001b7cfb2a620 nmethod 2348 0x000001b7b9da3290 code [0x000001b7b9da34c0, 0x000001b7b9da3d98]
Event: 4.792 Thread 0x000001b7cfb2a620 2350       3       java.util.RegularEnumSet$EnumSetIterator::next (5 bytes)
Event: 4.792 Thread 0x000001b7cfb2a620 nmethod 2350 0x000001b7b9da4090 code [0x000001b7b9da4240, 0x000001b7b9da4388]
Event: 4.793 Thread 0x000001b7cfb2a620 2349       3       org.springframework.core.type.classreading.SimpleAnnotationMetadataReadingVisitor::getSource (28 bytes)
Event: 4.793 Thread 0x000001b7cfb2a620 nmethod 2349 0x000001b7b9da4410 code [0x000001b7b9da45c0, 0x000001b7b9da48d8]
Event: 4.795 Thread 0x000001b7cfb2a620 2351       3       java.util.Collections::unmodifiableMap (20 bytes)
Event: 4.795 Thread 0x000001b7cfb2a620 nmethod 2351 0x000001b7b9da4a10 code [0x000001b7b9da4be0, 0x000001b7b9da4fe8]
Event: 4.795 Thread 0x000001b7cfb2a620 2352       3       java.util.Collections$UnmodifiableMap::<init> (22 bytes)
Event: 4.795 Thread 0x000001b7cfb2a620 nmethod 2352 0x000001b7b9da5190 code [0x000001b7b9da5340, 0x000001b7b9da5608]
Event: 4.796 Thread 0x000001b7cfb2a620 2353       3       java.util.stream.ReferencePipeline::collect (124 bytes)
Event: 4.797 Thread 0x000001b7cfb2a620 nmethod 2353 0x000001b7b9da5710 code [0x000001b7b9da59a0, 0x000001b7b9da6668]
Event: 4.801 Thread 0x000001b7cfb2a620 2354       3       org.springframework.core.type.classreading.MergedAnnotationReadingVisitor$ArrayVisitor::visit (27 bytes)
Event: 4.801 Thread 0x000001b7cfb2a620 nmethod 2354 0x000001b7b9da6a90 code [0x000001b7b9da6c60, 0x000001b7b9da70b8]
Event: 4.802 Thread 0x000001b7cfb2a620 2355       3       org.springframework.core.type.classreading.SimpleMethodMetadataReadingVisitor$$Lambda$305/0x0000000800de8000::accept (14 bytes)
Event: 4.802 Thread 0x000001b7cfb2a620 nmethod 2355 0x000001b7b9da7210 code [0x000001b7b9da73c0, 0x000001b7b9da76a8]
Event: 4.807 Thread 0x000001b7cfb2a620 2356       3       org.springframework.core.annotation.MergedAnnotation$Adapt::addIfTrue (13 bytes)
Event: 4.807 Thread 0x000001b7cfb2a620 nmethod 2356 0x000001b7b9da7790 code [0x000001b7b9da7940, 0x000001b7b9da7b28]

GC Heap History (6 events):
Event: 1.398 GC heap before
{Heap before GC invocations=0 (full 0):
 garbage-first heap   total 131072K, used 13312K [0x0000000081600000, 0x0000000100000000)
  region size 1024K, 13 young (13312K), 0 survivors (0K)
 Metaspace       used 3122K, committed 3328K, reserved 1056768K
  class space    used 298K, committed 384K, reserved 1048576K
}
Event: 1.456 GC heap after
{Heap after GC invocations=1 (full 0):
 garbage-first heap   total 131072K, used 6667K [0x0000000081600000, 0x0000000100000000)
  region size 1024K, 2 young (2048K), 2 survivors (2048K)
 Metaspace       used 3122K, committed 3328K, reserved 1056768K
  class space    used 298K, committed 384K, reserved 1048576K
}
Event: 1.976 GC heap before
{Heap before GC invocations=1 (full 0):
 garbage-first heap   total 131072K, used 13835K [0x0000000081600000, 0x0000000100000000)
  region size 1024K, 10 young (10240K), 2 survivors (2048K)
 Metaspace       used 5244K, committed 5440K, reserved 1056768K
  class space    used 570K, committed 640K, reserved 1048576K
}
Event: 1.980 GC heap after
{Heap after GC invocations=2 (full 0):
 garbage-first heap   total 131072K, used 7399K [0x0000000081600000, 0x0000000100000000)
  region size 1024K, 1 young (1024K), 1 survivors (1024K)
 Metaspace       used 5244K, committed 5440K, reserved 1056768K
  class space    used 570K, committed 640K, reserved 1048576K
}
Event: 3.242 GC heap before
{Heap before GC invocations=2 (full 0):
 garbage-first heap   total 131072K, used 29927K [0x0000000081600000, 0x0000000100000000)
  region size 1024K, 24 young (24576K), 1 survivors (1024K)
 Metaspace       used 11090K, committed 11328K, reserved 1064960K
  class space    used 1340K, committed 1472K, reserved 1048576K
}
Event: 3.247 GC heap after
{Heap after GC invocations=3 (full 0):
 garbage-first heap   total 131072K, used 8954K [0x0000000081600000, 0x0000000100000000)
  region size 1024K, 3 young (3072K), 3 survivors (3072K)
 Metaspace       used 11090K, committed 11328K, reserved 1064960K
  class space    used 1340K, committed 1472K, reserved 1048576K
}

Deoptimization events (20 events):
Event: 4.231 Thread 0x000001b7d110e500 DEOPT PACKING pc=0x000001b7b9a686b1 sp=0x00000085ed9fd7f0
Event: 4.231 Thread 0x000001b7d110e500 DEOPT UNPACKING pc=0x000001b7b93e2b43 sp=0x00000085ed9fcce8 mode 0
Event: 4.233 Thread 0x000001b7d110e500 DEOPT PACKING pc=0x000001b7b9a620e6 sp=0x00000085ed9fd800
Event: 4.233 Thread 0x000001b7d110e500 DEOPT UNPACKING pc=0x000001b7b93e2b43 sp=0x00000085ed9fccf0 mode 0
Event: 4.233 Thread 0x000001b7d110e500 DEOPT PACKING pc=0x000001b7b9a686b1 sp=0x00000085ed9fd7f0
Event: 4.233 Thread 0x000001b7d110e500 DEOPT UNPACKING pc=0x000001b7b93e2b43 sp=0x00000085ed9fcce8 mode 0
Event: 4.246 Thread 0x000001b7d110e500 DEOPT PACKING pc=0x000001b7b9a686b1 sp=0x00000085ed9fd790
Event: 4.246 Thread 0x000001b7d110e500 DEOPT UNPACKING pc=0x000001b7b93e2b43 sp=0x00000085ed9fcc80 mode 0
Event: 4.249 Thread 0x000001b7d110e500 DEOPT PACKING pc=0x000001b7b9a686b1 sp=0x00000085ed9fd790
Event: 4.249 Thread 0x000001b7d110e500 DEOPT UNPACKING pc=0x000001b7b93e2b43 sp=0x00000085ed9fcc80 mode 0
Event: 4.249 Thread 0x000001b7d110e500 DEOPT PACKING pc=0x000001b7b9a686b1 sp=0x00000085ed9fd790
Event: 4.249 Thread 0x000001b7d110e500 DEOPT UNPACKING pc=0x000001b7b93e2b43 sp=0x00000085ed9fcc80 mode 0
Event: 4.250 Thread 0x000001b7d110e500 DEOPT PACKING pc=0x000001b7b9a686b1 sp=0x00000085ed9fd790
Event: 4.250 Thread 0x000001b7d110e500 DEOPT UNPACKING pc=0x000001b7b93e2b43 sp=0x00000085ed9fcc80 mode 0
Event: 4.251 Thread 0x000001b7d110e500 DEOPT PACKING pc=0x000001b7b9a686b1 sp=0x00000085ed9fd790
Event: 4.251 Thread 0x000001b7d110e500 DEOPT UNPACKING pc=0x000001b7b93e2b43 sp=0x00000085ed9fcc80 mode 0
Event: 4.595 Thread 0x000001b7d110e500 Uncommon trap: trap_request=0xffffff45 fr.pc=0x000001b7c0f3c960 relative=0x0000000000000ec0
Event: 4.595 Thread 0x000001b7d110e500 Uncommon trap: reason=unstable_if action=reinterpret pc=0x000001b7c0f3c960 method=jdk.internal.jimage.ImageStringsReader.stringFromByteBufferMatches(Ljava/nio/ByteBuffer;ILjava/lang/String;I)I @ 48 c2
Event: 4.595 Thread 0x000001b7d110e500 DEOPT PACKING pc=0x000001b7c0f3c960 sp=0x00000085ed9fcc00
Event: 4.595 Thread 0x000001b7d110e500 DEOPT UNPACKING pc=0x000001b7b93e23a3 sp=0x00000085ed9fc958 mode 2

Classes unloaded (0 events):
No events

Classes redefined (0 events):
No events

Internal exceptions (20 events):
Event: 3.650 Thread 0x000001b7d110e500 Exception <a 'java/lang/ClassNotFoundException'{0x0000000088a9ce88}: org/springframework/beans/factory/config/BeanFactoryPostProcessorCustomizer> (0x0000000088a9ce88) 
thrown [t:\workspace\open\src\hotspot\share\classfile\systemDictionary.cpp, line 256]
Event: 3.652 Thread 0x000001b7d110e500 Exception <a 'java/lang/ClassNotFoundException'{0x0000000088aa28a8}: org/springframework/core/PriorityOrderedCustomizer> (0x0000000088aa28a8) 
thrown [t:\workspace\open\src\hotspot\share\classfile\systemDictionary.cpp, line 256]
Event: 3.652 Thread 0x000001b7d110e500 Exception <a 'java/lang/ClassNotFoundException'{0x0000000088aa6ef8}: org/springframework/core/OrderedCustomizer> (0x0000000088aa6ef8) 
thrown [t:\workspace\open\src\hotspot\share\classfile\systemDictionary.cpp, line 256]
Event: 3.653 Thread 0x000001b7d110e500 Exception <a 'java/lang/ClassNotFoundException'{0x0000000088aac7e0}: org/springframework/context/ResourceLoaderAwareCustomizer> (0x0000000088aac7e0) 
thrown [t:\workspace\open\src\hotspot\share\classfile\systemDictionary.cpp, line 256]
Event: 3.654 Thread 0x000001b7d110e500 Exception <a 'java/lang/ClassNotFoundException'{0x0000000088ab2218}: org/springframework/beans/factory/AwareCustomizer> (0x0000000088ab2218) 
thrown [t:\workspace\open\src\hotspot\share\classfile\systemDictionary.cpp, line 256]
Event: 3.656 Thread 0x000001b7d110e500 Exception <a 'java/lang/ClassNotFoundException'{0x0000000088ab6c50}: org/springframework/context/ApplicationStartupAwareCustomizer> (0x0000000088ab6c50) 
thrown [t:\workspace\open\src\hotspot\share\classfile\systemDictionary.cpp, line 256]
Event: 3.692 Thread 0x000001b7d110e500 Exception <a 'java/lang/ClassNotFoundException'{0x0000000088abc910}: org/springframework/beans/factory/AwareCustomizer> (0x0000000088abc910) 
thrown [t:\workspace\open\src\hotspot\share\classfile\systemDictionary.cpp, line 256]
Event: 3.694 Thread 0x000001b7d158f270 Exception <a 'java/lang/NoSuchMethodError'{0x0000000088974710}: 'long java.lang.invoke.DirectMethodHandle$Holder.invokeSpecial(java.lang.Object, java.lang.Object)'> (0x0000000088974710) 
thrown [t:\workspace\open\src\hotspot\share\interpreter\linkResolver.cpp, line 766]
Event: 3.699 Thread 0x000001b7d158f270 Exception <a 'java/lang/NoSuchMethodError'{0x000000008897f5e0}: 'long java.lang.invoke.DirectMethodHandle$Holder.invokeStatic(java.lang.Object, java.lang.Object)'> (0x000000008897f5e0) 
thrown [t:\workspace\open\src\hotspot\share\interpreter\linkResolver.cpp, line 766]
Event: 3.699 Thread 0x000001b7d158f270 Exception <a 'java/lang/NoSuchMethodError'{0x0000000088982be0}: 'long java.lang.invoke.DirectMethodHandle$Holder.invokeStaticInit(java.lang.Object, java.lang.Object)'> (0x0000000088982be0) 
thrown [t:\workspace\open\src\hotspot\share\interpreter\linkResolver.cpp, line 766]
Event: 3.706 Thread 0x000001b7d158f270 Exception <a 'java/lang/NoSuchMethodError'{0x0000000088990708}: 'long java.lang.invoke.DirectMethodHandle$Holder.invokeInterface(java.lang.Object, java.lang.Object)'> (0x0000000088990708) 
thrown [t:\workspace\open\src\hotspot\share\interpreter\linkResolver.cpp, line 766]
Event: 3.707 Thread 0x000001b7d158f270 Exception <a 'java/lang/IncompatibleClassChangeError'{0x0000000088993c98}: Found class java.lang.Object, but interface was expected> (0x0000000088993c98) 
thrown [t:\workspace\open\src\hotspot\share\interpreter\linkResolver.cpp, line 833]
Event: 3.709 Thread 0x000001b7d110e500 Exception <a 'java/lang/ClassNotFoundException'{0x0000000088ac1378}: org/springframework/beans/factory/BeanClassLoaderAwareCustomizer> (0x0000000088ac1378) 
thrown [t:\workspace\open\src\hotspot\share\classfile\systemDictionary.cpp, line 256]
Event: 3.710 Thread 0x000001b7d110e500 Exception <a 'java/lang/ClassNotFoundException'{0x0000000088ac6d98}: org/springframework/beans/factory/AwareCustomizer> (0x0000000088ac6d98) 
thrown [t:\workspace\open\src\hotspot\share\classfile\systemDictionary.cpp, line 256]
Event: 3.711 Thread 0x000001b7d110e500 Exception <a 'java/lang/ClassNotFoundException'{0x0000000088acb550}: org/springframework/context/EnvironmentAwareCustomizer> (0x0000000088acb550) 
thrown [t:\workspace\open\src\hotspot\share\classfile\systemDictionary.cpp, line 256]
Event: 3.712 Thread 0x000001b7d110e500 Exception <a 'java/lang/ClassNotFoundException'{0x0000000088ad0f08}: org/springframework/beans/factory/AwareCustomizer> (0x0000000088ad0f08) 
thrown [t:\workspace\open\src\hotspot\share\classfile\systemDictionary.cpp, line 256]
Event: 3.723 Thread 0x000001b7d158f270 Exception <a 'java/lang/NoSuchMethodError'{0x0000000088817580}: 'java.lang.Object java.lang.invoke.DirectMethodHandle$Holder.invokeVirtual(java.lang.Object, java.lang.Object, java.lang.Object, java.lang.Object)'> (0x0000000088817580) 
thrown [t:\workspace\open\src\hotspot\share\interpreter\linkResolver.cpp, line 766]
Event: 3.763 Thread 0x000001b7d110e500 Exception <a 'java/lang/NoSuchMethodError'{0x0000000088715d98}: 'java.lang.Object java.lang.invoke.DirectMethodHandle$Holder.invokeVirtual(java.lang.Object, java.lang.Object, java.lang.Object)'> (0x0000000088715d98) 
thrown [t:\workspace\open\src\hotspot\share\interpreter\linkResolver.cpp, line 766]
Event: 4.409 Thread 0x000001b7d110e500 Exception <a 'java/lang/IncompatibleClassChangeError'{0x0000000087ef0f48}: Found class java.lang.Object, but interface was expected> (0x0000000087ef0f48) 
thrown [t:\workspace\open\src\hotspot\share\interpreter\linkResolver.cpp, line 833]
Event: 4.494 Thread 0x000001b7d110e500 Exception <a 'java/lang/NoSuchMethodError'{0x00000000879751c8}: 'void java.lang.invoke.DirectMethodHandle$Holder.invokeInterface(java.lang.Object, java.lang.Object, java.lang.Object, java.lang.Object)'> (0x00000000879751c8) 
thrown [t:\workspace\open\src\hotspot\share\interpreter\linkResolver.cpp, line 766]

VM Operations (20 events):
Event: 2.560 Executing VM operation: HandshakeAllThreads
Event: 2.560 Executing VM operation: HandshakeAllThreads done
Event: 2.687 Executing VM operation: HandshakeAllThreads
Event: 2.687 Executing VM operation: HandshakeAllThreads done
Event: 3.004 Executing VM operation: HandshakeAllThreads
Event: 3.004 Executing VM operation: HandshakeAllThreads done
Event: 3.004 Executing VM operation: Cleanup
Event: 3.005 Executing VM operation: Cleanup done
Event: 3.005 Executing VM operation: HandshakeAllThreads
Event: 3.005 Executing VM operation: HandshakeAllThreads done
Event: 3.242 Executing VM operation: G1CollectForAllocation
Event: 3.247 Executing VM operation: G1CollectForAllocation done
Event: 3.470 Executing VM operation: HandshakeAllThreads
Event: 3.471 Executing VM operation: HandshakeAllThreads done
Event: 3.631 Executing VM operation: HandshakeAllThreads
Event: 3.631 Executing VM operation: HandshakeAllThreads done
Event: 3.742 Executing VM operation: HandshakeAllThreads
Event: 3.742 Executing VM operation: HandshakeAllThreads done
Event: 4.473 Executing VM operation: ICBufferFull
Event: 4.473 Executing VM operation: ICBufferFull done

Events (20 events):
Event: 3.717 loading class java/util/concurrent/ConcurrentLinkedDeque$Itr done
Event: 3.737 loading class java/net/SocketException
Event: 3.737 loading class java/net/SocketException done
Event: 3.749 Thread 0x000001b7d158f270 Thread exited: 0x000001b7d158f270
Event: 3.769 loading class java/util/regex/Pattern$LazyLoop
Event: 3.769 loading class java/util/regex/Pattern$Loop
Event: 3.769 loading class java/util/regex/Pattern$Loop done
Event: 3.769 loading class java/util/regex/Pattern$LazyLoop done
Event: 3.770 loading class java/util/regex/Pattern$Prolog
Event: 3.770 loading class java/util/regex/Pattern$Prolog done
Event: 3.789 loading class java/lang/AssertionError
Event: 3.789 loading class java/lang/AssertionError done
Event: 3.944 loading class java/lang/Deprecated
Event: 3.945 loading class java/lang/Deprecated done
Event: 4.260 Thread 0x000001b7d1658570 Thread added: 0x000001b7d1658570
Event: 4.304 loading class javax/naming/ldap/LdapContext
Event: 4.304 loading class javax/naming/directory/DirContext
Event: 4.304 loading class javax/naming/directory/DirContext done
Event: 4.304 loading class javax/naming/ldap/LdapContext done
Event: 4.369 Thread 0x000001b7d1658570 Thread exited: 0x000001b7d1658570


Dynamic libraries:
0x00007ff6197f0000 - 0x00007ff6197fe000 	C:\Users\winne\.jdks\openjdk-17.0.2\bin\java.exe
0x00007ffad4130000 - 0x00007ffad4325000 	C:\WINDOWS\SYSTEM32\ntdll.dll
0x00007ffaad160000 - 0x00007ffaad176000 	C:\Program Files\Avast Software\Avast\aswhook.dll
0x00007ffad3e10000 - 0x00007ffad3ece000 	C:\WINDOWS\System32\KERNEL32.DLL
0x00007ffad19f0000 - 0x00007ffad1cb8000 	C:\WINDOWS\System32\KERNELBASE.dll
0x00007ffad18f0000 - 0x00007ffad19f0000 	C:\WINDOWS\System32\ucrtbase.dll
0x00007ffacd630000 - 0x00007ffacd648000 	C:\Users\winne\.jdks\openjdk-17.0.2\bin\jli.dll
0x00007ffacd610000 - 0x00007ffacd62a000 	C:\Users\winne\.jdks\openjdk-17.0.2\bin\VCRUNTIME140.dll
0x00007ffad3240000 - 0x00007ffad33e0000 	C:\WINDOWS\System32\USER32.dll
0x00007ffad1850000 - 0x00007ffad1872000 	C:\WINDOWS\System32\win32u.dll
0x00007ffabaa60000 - 0x00007ffabacfa000 	C:\WINDOWS\WinSxS\amd64_microsoft.windows.common-controls_6595b64144ccf1df_6.0.19041.1110_none_60b5254171f9507e\COMCTL32.dll
0x00007ffad3b90000 - 0x00007ffad3bba000 	C:\WINDOWS\System32\GDI32.dll
0x00007ffad3d10000 - 0x00007ffad3dae000 	C:\WINDOWS\System32\msvcrt.dll
0x00007ffad1cc0000 - 0x00007ffad1dcb000 	C:\WINDOWS\System32\gdi32full.dll
0x00007ffad20c0000 - 0x00007ffad215d000 	C:\WINDOWS\System32\msvcp_win.dll
0x00007ffad4060000 - 0x00007ffad4090000 	C:\WINDOWS\System32\IMM32.DLL
0x00007ffacd5a0000 - 0x00007ffacd5ac000 	C:\Users\winne\.jdks\openjdk-17.0.2\bin\vcruntime140_1.dll
0x00007ffabec40000 - 0x00007ffabeccd000 	C:\Users\winne\.jdks\openjdk-17.0.2\bin\msvcp140.dll
0x00007ffa871f0000 - 0x00007ffa87db1000 	C:\Users\winne\.jdks\openjdk-17.0.2\bin\server\jvm.dll
0x00007ffad3c60000 - 0x00007ffad3d0e000 	C:\WINDOWS\System32\ADVAPI32.dll
0x00007ffad3bc0000 - 0x00007ffad3c5c000 	C:\WINDOWS\System32\sechost.dll
0x00007ffad3930000 - 0x00007ffad3a55000 	C:\WINDOWS\System32\RPCRT4.dll
0x00007ffad2220000 - 0x00007ffad2228000 	C:\WINDOWS\System32\PSAPI.DLL
0x00007ffac52b0000 - 0x00007ffac52b9000 	C:\WINDOWS\SYSTEM32\WSOCK32.dll
0x00007ffaae100000 - 0x00007ffaae127000 	C:\WINDOWS\SYSTEM32\WINMM.dll
0x00007ffad3840000 - 0x00007ffad38ab000 	C:\WINDOWS\System32\WS2_32.dll
0x00007ffacb410000 - 0x00007ffacb41a000 	C:\WINDOWS\SYSTEM32\VERSION.dll
0x00007ffacf800000 - 0x00007ffacf812000 	C:\WINDOWS\SYSTEM32\kernel.appcore.dll
0x00007ffacd590000 - 0x00007ffacd59a000 	C:\Users\winne\.jdks\openjdk-17.0.2\bin\jimage.dll
0x00007ffacb150000 - 0x00007ffacb334000 	C:\WINDOWS\SYSTEM32\DBGHELP.DLL
0x00007ffacb120000 - 0x00007ffacb14c000 	C:\WINDOWS\SYSTEM32\dbgcore.DLL
0x00007ffad1ed0000 - 0x00007ffad1f52000 	C:\WINDOWS\System32\bcryptPrimitives.dll
0x00007ffacbb10000 - 0x00007ffacbb1e000 	C:\Users\winne\.jdks\openjdk-17.0.2\bin\instrument.dll
0x00007ffacbb50000 - 0x00007ffacbb75000 	C:\Users\winne\.jdks\openjdk-17.0.2\bin\java.dll
0x00007ffa97460000 - 0x00007ffa97536000 	C:\Users\winne\.jdks\openjdk-17.0.2\bin\jsvml.dll
0x00007ffad26d0000 - 0x00007ffad2e14000 	C:\WINDOWS\System32\SHELL32.dll
0x00007ffacf970000 - 0x00007ffad0104000 	C:\WINDOWS\SYSTEM32\windows.storage.dll
0x00007ffad2e80000 - 0x00007ffad31d4000 	C:\WINDOWS\System32\combase.dll
0x00007ffad12c0000 - 0x00007ffad12ec000 	C:\WINDOWS\SYSTEM32\Wldp.dll
0x00007ffad33e0000 - 0x00007ffad348d000 	C:\WINDOWS\System32\SHCORE.dll
0x00007ffad2e20000 - 0x00007ffad2e75000 	C:\WINDOWS\System32\shlwapi.dll
0x00007ffad1790000 - 0x00007ffad17af000 	C:\WINDOWS\SYSTEM32\profapi.dll
0x00007ffac7030000 - 0x00007ffac7048000 	C:\Users\winne\.jdks\openjdk-17.0.2\bin\zip.dll
0x00007ffacb360000 - 0x00007ffacb379000 	C:\Users\winne\.jdks\openjdk-17.0.2\bin\net.dll
0x00007ffacb540000 - 0x00007ffacb64a000 	C:\WINDOWS\SYSTEM32\WINHTTP.dll
0x00007ffad1020000 - 0x00007ffad108a000 	C:\WINDOWS\system32\mswsock.dll
0x00007ffac78f0000 - 0x00007ffac7906000 	C:\Users\winne\.jdks\openjdk-17.0.2\bin\nio.dll
0x00007ffac4530000 - 0x00007ffac454a000 	C:\Users\winne\AppData\Local\JetBrains\Toolbox\apps\IDEA-C\ch-0\213.6777.52\bin\breakgen64.dll
0x00007ffac78e0000 - 0x00007ffac78f0000 	C:\Users\winne\.jdks\openjdk-17.0.2\bin\verify.dll
0x00007ffac7000000 - 0x00007ffac7009000 	C:\Users\winne\.jdks\openjdk-17.0.2\bin\management.dll
0x00007ffac6f80000 - 0x00007ffac6f8b000 	C:\Users\winne\.jdks\openjdk-17.0.2\bin\management_ext.dll
0x00007ffabbde0000 - 0x00007ffabbdf7000 	C:\WINDOWS\system32\napinsp.dll
0x00007ffabb040000 - 0x00007ffabb05b000 	C:\WINDOWS\system32\pnrpnsp.dll
0x00007ffaba9f0000 - 0x00007ffabaa05000 	C:\WINDOWS\system32\wshbth.dll
0x00007ffacd420000 - 0x00007ffacd43d000 	C:\WINDOWS\system32\NLAapi.dll
0x00007ffad0ca0000 - 0x00007ffad0cdb000 	C:\WINDOWS\SYSTEM32\IPHLPAPI.DLL
0x00007ffad0ce0000 - 0x00007ffad0dab000 	C:\WINDOWS\SYSTEM32\DNSAPI.dll
0x00007ffad2250000 - 0x00007ffad2258000 	C:\WINDOWS\System32\NSI.dll
0x00007ffab8920000 - 0x00007ffab8932000 	C:\WINDOWS\System32\winrnr.dll
0x00007ffac9b70000 - 0x00007ffac9b7a000 	C:\Windows\System32\rasadhlp.dll
0x00007ffac81a0000 - 0x00007ffac821f000 	C:\WINDOWS\System32\fwpuclnt.dll
0x00007ffad2160000 - 0x00007ffad2187000 	C:\WINDOWS\System32\bcrypt.dll

dbghelp: loaded successfully - version: 4.0.5 - missing functions: none
symbol engine: initialized successfully - sym options: 0x614 - pdb path: .;C:\Users\winne\.jdks\openjdk-17.0.2\bin;C:\WINDOWS\SYSTEM32;C:\Program Files\Avast Software\Avast;C:\WINDOWS\WinSxS\amd64_microsoft.windows.common-controls_6595b64144ccf1df_6.0.19041.1110_none_60b5254171f9507e;C:\Users\winne\.jdks\openjdk-17.0.2\bin\server;C:\Users\winne\AppData\Local\JetBrains\Toolbox\apps\IDEA-C\ch-0\213.6777.52\bin

VM Arguments:
jvm_args: -javaagent:C:\Users\winne\AppData\Local\JetBrains\Toolbox\apps\IDEA-C\ch-0\213.6777.52\lib\idea_rt.jar=53766:C:\Users\winne\AppData\Local\JetBrains\Toolbox\apps\IDEA-C\ch-0\213.6777.52\bin -Dfile.encoding=UTF-8 
java_command: com.glsia.tp1.Tp1Application
java_class_path (initial): D:\COURS L3 GLSI\SEMESTRE 6\INTEGRATION DES SI (JAVA WEB & GIT)\glsiA-3\target\classes;C:\Users\winne\.m2\repository\org\springframework\boot\spring-boot-starter-data-jpa\2.6.5\spring-boot-starter-data-jpa-2.6.5.jar;C:\Users\winne\.m2\repository\org\springframework\boot\spring-boot-starter-aop\2.6.5\spring-boot-starter-aop-2.6.5.jar;C:\Users\winne\.m2\repository\org\aspectj\aspectjweaver\1.9.7\aspectjweaver-1.9.7.jar;C:\Users\winne\.m2\repository\org\springframework\boot\spring-boot-starter-jdbc\2.6.5\spring-boot-starter-jdbc-2.6.5.jar;C:\Users\winne\.m2\repository\com\zaxxer\HikariCP\4.0.3\HikariCP-4.0.3.jar;C:\Users\winne\.m2\repository\org\springframework\spring-jdbc\5.3.17\spring-jdbc-5.3.17.jar;C:\Users\winne\.m2\repository\jakarta\transaction\jakarta.transaction-api\1.3.3\jakarta.transaction-api-1.3.3.jar;C:\Users\winne\.m2\repository\jakarta\persistence\jakarta.persistence-api\2.2.3\jakarta.persistence-api-2.2.3.jar;C:\Users\winne\.m2\repository\org\hibernate\hibernate-core\5.6.7.Final\hibernate-core-5.6.7.Final.jar;C:\Users\winne\.m2\repository\org\jboss\logging\jboss-logging\3.4.3.Final\jboss-logging-3.4.3.Final.jar;C:\Users\winne\.m2\repository\net\bytebuddy\byte-buddy\1.11.22\byte-buddy-1.11.22.jar;C:\Users\winne\.m2\repository\antlr\antlr\2.7.7\antlr-2.7.7.jar;C:\Users\winne\.m2\repository\org\jboss\jandex\2.4.2.Final\jandex-2.4.2.Final.jar;C:\Users\winne\.m2\repository\com\fasterxml\classmate\1.5.1\classmate-1.5.1.jar;C:\Users\winne\.m2\repository\org\hibernate\common\hibernate-commons-annotations\5.1.2.Final\hibernate-commons-annotations-5.1.2.Final.jar;C:\Users\winne\.m2\repository\org\glassfish\jaxb\jaxb-runtime\2.3.6\jaxb-runtime-2.3.6.jar;C:\Users\winne\.m2\repository\org\glassfish\jaxb\txw2\2.3.6\txw2-2.3.6.jar;C:\Users\winne\.m2\repository\com\sun\istack\istack-commons-runtime\3.0.12\istack-commons-runtime-3.0.12.jar;C:\Users\winne\.m2\repository\com\sun\activation\jakarta.activation\1.2.2\jakarta.activation-1.2.2.jar
Launcher Type: SUN_STANDARD

[Global flags]
     intx CICompilerCount                          = 3                                         {product} {ergonomic}
     uint ConcGCThreads                            = 1                                         {product} {ergonomic}
     uint G1ConcRefinementThreads                  = 4                                         {product} {ergonomic}
   size_t G1HeapRegionSize                         = 1048576                                   {product} {ergonomic}
    uintx GCDrainStackTargetSize                   = 64                                        {product} {ergonomic}
   size_t InitialHeapSize                          = 134217728                                 {product} {ergonomic}
   size_t MarkStackSize                            = 4194304                                   {product} {ergonomic}
   size_t MaxHeapSize                              = 2124414976                                {product} {ergonomic}
   size_t MaxNewSize                               = 1274019840                                {product} {ergonomic}
   size_t MinHeapDeltaBytes                        = 1048576                                   {product} {ergonomic}
   size_t MinHeapSize                              = 8388608                                   {product} {ergonomic}
    uintx NonNMethodCodeHeapSize                   = 5832780                                {pd product} {ergonomic}
    uintx NonProfiledCodeHeapSize                  = 122912730                              {pd product} {ergonomic}
    uintx ProfiledCodeHeapSize                     = 122912730                              {pd product} {ergonomic}
    uintx ReservedCodeCacheSize                    = 251658240                              {pd product} {ergonomic}
     bool SegmentedCodeCache                       = true                                      {product} {ergonomic}
   size_t SoftMaxHeapSize                          = 2124414976                             {manageable} {ergonomic}
     bool UseCompressedClassPointers               = true                           {product lp64_product} {ergonomic}
     bool UseCompressedOops                        = true                           {product lp64_product} {ergonomic}
     bool UseG1GC                                  = true                                      {product} {ergonomic}
     bool UseLargePagesIndividualAllocation        = false                                  {pd product} {ergonomic}

Logging:
Log output configuration:
 #0: stdout all=warning uptime,level,tags
 #1: stderr all=off uptime,level,tags

Environment Variables:
PATH=C:\WINDOWS\system32;C:\WINDOWS;C:\WINDOWS\System32\Wbem;C:\WINDOWS\System32\WindowsPowerShell\v1.0\;C:\WINDOWS\System32\OpenSSH\;C:\Program Files\Java\jdk-12\bin;C:\Program Files\Microsoft SQL Server\Client SDK\ODBC\130\Tools\Binn\;C:\Program Files\Microsoft SQL Server\130\Tools\Binn\;C:\Program Files\Microsoft SQL Server\Client SDK\ODBC\170\Tools\Binn\;C:\Program Files\dotnet\;C:\Program Files (x86)\Microsoft SQL Server\130\Tools\Binn\;C:\Program Files\Microsoft SQL Server\130\DTS\Binn\;C:\Program Files (x86)\Microsoft SQL Server\150\DTS\Binn\;C:\Program Files (x86)\dotnet\;C:\wamp64\bin\php\php7.3.33;C:\wamp64\bin\php\php8.1.0;C:\ProgramData\ComposerSetup\bin;C:\Program Files\Git\cmd;C:\Users\winne\AppData\Local\Programs\Python\Python36\Scripts\;C:\Users\winne\AppData\Local\Programs\Python\Python36\;C:\Users\winne\AppData\Local\Microsoft\WindowsApps;C:\Program Files\JetBrains\PyCharm Community Edition 2020.3.1\bin;;C:\Users\winne\AppData\Local\Programs\Microsoft VS Code\bin;C:\Users\winne\.dotnet\tools;C:\wamp\bin\mysql\mysql5.6.17;D:\COURS L3 GLSI\PLATEFORME ET OUTILS DE DEVELOPPEMENT\ZEPPLIN\zeppelin-0.10.0-bin-all\bin;C:\Users\winne\AppData\Roaming\Composer\vendor\bin
USERNAME=winne
OS=Windows_NT
PROCESSOR_IDENTIFIER=Intel64 Family 6 Model 58 Stepping 9, GenuineIntel



---------------  S Y S T E M  ---------------

OS:
 Windows 10 , 64 bit Build 19041 (10.0.19041.1645)
OS uptime: 0 days 3:21 hours

CPU: total 4 (initial active 4) (2 cores per cpu, 2 threads per core) family 6 model 58 stepping 9 microcode 0x21, cx8, cmov, fxsr, ht, mmx, sse, sse2, sse3, ssse3, sse4.1, sse4.2, popcnt, tsc, tscinvbit, avx, aes, erms, clmul, vzeroupper, clflush

Memory: 4k page, system-wide physical 8097M (2108M free)
TotalPageFile size 10005M (AvailPageFile size 5M)
current process WorkingSet (physical memory assigned to process): 129M, peak: 129M
current process commit charge ("private bytes"): 250M, peak: 251M

vm_info: OpenJDK 64-Bit Server VM (17.0.2+8-86) for windows-amd64 JRE (17.0.2+8-86), built on Dec  7 2021 21:49:10 by "mach5one" with MS VC++ 16.8 / 16.9 (VS2019)

END.
